12270.280 ********************************************************
12270.372 ** Session beginning Friday March 18, 2022 03:44:47 AM **
12270.379 ** ExperimentBuilder Project : lsx **
12270.383 ** ExperimentBuilder Version : 2.3.1 **
12270.387 ** ExperimentBuilder Build   : Jun 23 2020 **
12270.391 ********************************************************
12270.397 TRACKER_TIME 0 4457141.621
12660.502 DISPLAY_SCREEN BLOCK.DISPLAY_SCREEN (BEGIN) 
12665.062 DISPLAY_SCREEN BLOCK.DISPLAY_SCREEN
29223.279 KEYBOARD BLOCK.KEYBOARD
105791.701 TRACKER_TIME 1 4550661.251
105791.721 EL_CAMERA_SETUP BLOCK.EL_CAMERA_SETUP
105791.855 SetValueAction 
106024.571 PREPARE_SEQUENCE BLOCK.TRIAL.PREPARE_SEQUENCE
107367.313 DRIFT_CORRECT BLOCK.TRIAL.DRIFT_CORRECT
107511.020 DISPLAY_SCREEN BLOCK.TRIAL.RECORDING.DISPLAY_SCREEN (BEGIN) 
107521.534 DISPLAY_SCREEN BLOCK.TRIAL.RECORDING.DISPLAY_SCREEN
126939.770 EL_KEYBOARD BLOCK.TRIAL.RECORDING.EL_KEYBOARD
126943.714 DISPLAY_BLANK BLOCK.TRIAL.RECORDING.DISPLAY_BLANK (BEGIN) 
126952.778 DISPLAY_BLANK BLOCK.TRIAL.RECORDING.DISPLAY_BLANK
127027.050 SetValueAction 
127229.496 PREPARE_SEQUENCE BLOCK.TRIAL.PREPARE_SEQUENCE
128878.391 DRIFT_CORRECT BLOCK.TRIAL.DRIFT_CORRECT
129032.092 DISPLAY_SCREEN BLOCK.TRIAL.RECORDING.DISPLAY_SCREEN (BEGIN) 
129035.878 DISPLAY_SCREEN BLOCK.TRIAL.RECORDING.DISPLAY_SCREEN
140865.618 EL_KEYBOARD BLOCK.TRIAL.RECORDING.EL_KEYBOARD
140870.136 DISPLAY_BLANK BLOCK.TRIAL.RECORDING.DISPLAY_BLANK (BEGIN) 
140884.623 DISPLAY_BLANK BLOCK.TRIAL.RECORDING.DISPLAY_BLANK
140959.052 SetValueAction 
141139.866 PREPARE_SEQUENCE BLOCK.TRIAL.PREPARE_SEQUENCE
142969.715 DRIFT_CORRECT BLOCK.TRIAL.DRIFT_CORRECT
143093.858 DISPLAY_SCREEN BLOCK.TRIAL.RECORDING.DISPLAY_SCREEN (BEGIN) 
143101.040 DISPLAY_SCREEN BLOCK.TRIAL.RECORDING.DISPLAY_SCREEN
147840.973 EL_KEYBOARD BLOCK.TRIAL.RECORDING.EL_KEYBOARD
147844.942 DISPLAY_BLANK BLOCK.TRIAL.RECORDING.DISPLAY_BLANK (BEGIN) 
147850.531 DISPLAY_BLANK BLOCK.TRIAL.RECORDING.DISPLAY_BLANK
147925.055 SetValueAction 
148104.878 PREPARE_SEQUENCE BLOCK.TRIAL.PREPARE_SEQUENCE
149835.650 DRIFT_CORRECT BLOCK.TRIAL.DRIFT_CORRECT
149952.742 DISPLAY_SCREEN BLOCK.TRIAL.RECORDING.DISPLAY_SCREEN (BEGIN) 
149966.979 DISPLAY_SCREEN BLOCK.TRIAL.RECORDING.DISPLAY_SCREEN
155904.763 EL_KEYBOARD BLOCK.TRIAL.RECORDING.EL_KEYBOARD
155908.711 DISPLAY_BLANK BLOCK.TRIAL.RECORDING.DISPLAY_BLANK (BEGIN) 
155916.346 DISPLAY_BLANK BLOCK.TRIAL.RECORDING.DISPLAY_BLANK
155991.051 SetValueAction 
156155.290 PREPARE_SEQUENCE BLOCK.TRIAL.PREPARE_SEQUENCE
157778.920 DRIFT_CORRECT BLOCK.TRIAL.DRIFT_CORRECT
157924.601 DISPLAY_SCREEN BLOCK.TRIAL.RECORDING.DISPLAY_SCREEN (BEGIN) 
157932.803 DISPLAY_SCREEN BLOCK.TRIAL.RECORDING.DISPLAY_SCREEN
161263.619 EL_KEYBOARD BLOCK.TRIAL.RECORDING.EL_KEYBOARD
161268.142 DISPLAY_BLANK BLOCK.TRIAL.RECORDING.DISPLAY_BLANK (BEGIN) 
161282.442 DISPLAY_BLANK BLOCK.TRIAL.RECORDING.DISPLAY_BLANK
161357.052 SetValueAction 
161529.694 PREPARE_SEQUENCE BLOCK.TRIAL.PREPARE_SEQUENCE
164969.742 DRIFT_CORRECT BLOCK.TRIAL.DRIFT_CORRECT
165116.617 DISPLAY_SCREEN BLOCK.TRIAL.RECORDING.DISPLAY_SCREEN (BEGIN) 
165132.020 DISPLAY_SCREEN BLOCK.TRIAL.RECORDING.DISPLAY_SCREEN
172929.698 TRACKER_TIME 2 4617797.995
172929.729 EL_KEYBOARD BLOCK.TRIAL.RECORDING.EL_KEYBOARD
172933.952 DISPLAY_BLANK BLOCK.TRIAL.RECORDING.DISPLAY_BLANK (BEGIN) 
172947.858 DISPLAY_BLANK BLOCK.TRIAL.RECORDING.DISPLAY_BLANK
173022.046 SetValueAction 
173224.261 PREPARE_SEQUENCE BLOCK.TRIAL.PREPARE_SEQUENCE
174532.212 DRIFT_CORRECT BLOCK.TRIAL.DRIFT_CORRECT
174650.023 DISPLAY_SCREEN BLOCK.TRIAL.RECORDING.DISPLAY_SCREEN (BEGIN) 
174664.320 DISPLAY_SCREEN BLOCK.TRIAL.RECORDING.DISPLAY_SCREEN
190336.184 EL_KEYBOARD BLOCK.TRIAL.RECORDING.EL_KEYBOARD
190340.117 DISPLAY_BLANK BLOCK.TRIAL.RECORDING.DISPLAY_BLANK (BEGIN) 
190345.975 DISPLAY_BLANK BLOCK.TRIAL.RECORDING.DISPLAY_BLANK
190421.048 SetValueAction 
190620.039 PREPARE_SEQUENCE BLOCK.TRIAL.PREPARE_SEQUENCE
191784.894 DRIFT_CORRECT BLOCK.TRIAL.DRIFT_CORRECT
191914.616 DISPLAY_SCREEN BLOCK.TRIAL.RECORDING.DISPLAY_SCREEN (BEGIN) 
191929.149 DISPLAY_SCREEN BLOCK.TRIAL.RECORDING.DISPLAY_SCREEN
197599.971 EL_KEYBOARD BLOCK.TRIAL.RECORDING.EL_KEYBOARD
197603.941 DISPLAY_BLANK BLOCK.TRIAL.RECORDING.DISPLAY_BLANK (BEGIN) 
197611.867 DISPLAY_BLANK BLOCK.TRIAL.RECORDING.DISPLAY_BLANK
197686.057 SetValueAction 
197859.507 PREPARE_SEQUENCE BLOCK.TRIAL.PREPARE_SEQUENCE
199043.523 DRIFT_CORRECT BLOCK.TRIAL.DRIFT_CORRECT
199196.749 DISPLAY_SCREEN BLOCK.TRIAL.RECORDING.DISPLAY_SCREEN (BEGIN) 
199211.688 DISPLAY_SCREEN BLOCK.TRIAL.RECORDING.DISPLAY_SCREEN
202784.436 EL_KEYBOARD BLOCK.TRIAL.RECORDING.EL_KEYBOARD
202788.349 DISPLAY_BLANK BLOCK.TRIAL.RECORDING.DISPLAY_BLANK (BEGIN) 
202794.640 DISPLAY_BLANK BLOCK.TRIAL.RECORDING.DISPLAY_BLANK
202870.052 SetValueAction 
203047.984 PREPARE_SEQUENCE BLOCK.TRIAL.PREPARE_SEQUENCE
203987.466 DRIFT_CORRECT BLOCK.TRIAL.DRIFT_CORRECT
204135.417 DISPLAY_SCREEN BLOCK.TRIAL.RECORDING.DISPLAY_SCREEN (BEGIN) 
204144.501 DISPLAY_SCREEN BLOCK.TRIAL.RECORDING.DISPLAY_SCREEN
211392.815 EL_KEYBOARD BLOCK.TRIAL.RECORDING.EL_KEYBOARD
211396.712 DISPLAY_BLANK BLOCK.TRIAL.RECORDING.DISPLAY_BLANK (BEGIN) 
211410.392 DISPLAY_BLANK BLOCK.TRIAL.RECORDING.DISPLAY_BLANK
211496.073 DISPLAY_SCREEN BLOCK.DISPLAY_SCREEN (BEGIN) 
211510.375 DISPLAY_SCREEN BLOCK.DISPLAY_SCREEN
214431.119 KEYBOARD BLOCK.KEYBOARD
218293.670 EL_CAMERA_SETUP BLOCK.EL_CAMERA_SETUP
218293.900 SetValueAction 
218506.451 PREPARE_SEQUENCE BLOCK.TRIAL.PREPARE_SEQUENCE
219913.495 DRIFT_CORRECT BLOCK.TRIAL.DRIFT_CORRECT
220028.617 DISPLAY_SCREEN BLOCK.TRIAL.RECORDING.DISPLAY_SCREEN (BEGIN) 
220042.791 DISPLAY_SCREEN BLOCK.TRIAL.RECORDING.DISPLAY_SCREEN
224400.799 EL_KEYBOARD BLOCK.TRIAL.RECORDING.EL_KEYBOARD
224404.734 DISPLAY_BLANK BLOCK.TRIAL.RECORDING.DISPLAY_BLANK (BEGIN) 
224408.979 DISPLAY_BLANK BLOCK.TRIAL.RECORDING.DISPLAY_BLANK
224484.047 SetValueAction 
224649.286 PREPARE_SEQUENCE BLOCK.TRIAL.PREPARE_SEQUENCE
225608.259 DRIFT_CORRECT BLOCK.TRIAL.DRIFT_CORRECT
225733.265 DISPLAY_SCREEN BLOCK.TRIAL.RECORDING.DISPLAY_SCREEN (BEGIN) 
225742.182 DISPLAY_SCREEN BLOCK.TRIAL.RECORDING.DISPLAY_SCREEN
227200.258 EL_KEYBOARD BLOCK.TRIAL.RECORDING.EL_KEYBOARD
227204.296 DISPLAY_BLANK BLOCK.TRIAL.RECORDING.DISPLAY_BLANK (BEGIN) 
227208.683 DISPLAY_BLANK BLOCK.TRIAL.RECORDING.DISPLAY_BLANK
227283.055 SetValueAction 
227484.556 PREPARE_SEQUENCE BLOCK.TRIAL.PREPARE_SEQUENCE
228421.243 DRIFT_CORRECT BLOCK.TRIAL.DRIFT_CORRECT
228539.565 DISPLAY_SCREEN BLOCK.TRIAL.RECORDING.DISPLAY_SCREEN (BEGIN) 
228541.862 DISPLAY_SCREEN BLOCK.TRIAL.RECORDING.DISPLAY_SCREEN
236960.212 TRACKER_TIME 3 4681827.304
236960.244 EL_KEYBOARD BLOCK.TRIAL.RECORDING.EL_KEYBOARD
236964.172 DISPLAY_BLANK BLOCK.TRIAL.RECORDING.DISPLAY_BLANK (BEGIN) 
236974.292 DISPLAY_BLANK BLOCK.TRIAL.RECORDING.DISPLAY_BLANK
237051.046 SetValueAction 
237263.064 PREPARE_SEQUENCE BLOCK.TRIAL.PREPARE_SEQUENCE
238491.140 DRIFT_CORRECT BLOCK.TRIAL.DRIFT_CORRECT
238663.297 DISPLAY_SCREEN BLOCK.TRIAL.RECORDING.DISPLAY_SCREEN (BEGIN) 
238674.119 DISPLAY_SCREEN BLOCK.TRIAL.RECORDING.DISPLAY_SCREEN
242800.215 EL_KEYBOARD BLOCK.TRIAL.RECORDING.EL_KEYBOARD
242804.182 DISPLAY_BLANK BLOCK.TRIAL.RECORDING.DISPLAY_BLANK (BEGIN) 
242806.999 DISPLAY_BLANK BLOCK.TRIAL.RECORDING.DISPLAY_BLANK
242884.049 SetValueAction 
243053.469 PREPARE_SEQUENCE BLOCK.TRIAL.PREPARE_SEQUENCE
244409.229 DRIFT_CORRECT BLOCK.TRIAL.DRIFT_CORRECT
244533.089 DISPLAY_SCREEN BLOCK.TRIAL.RECORDING.DISPLAY_SCREEN (BEGIN) 
244540.147 DISPLAY_SCREEN BLOCK.TRIAL.RECORDING.DISPLAY_SCREEN
248527.846 EL_KEYBOARD BLOCK.TRIAL.RECORDING.EL_KEYBOARD
248531.764 DISPLAY_BLANK BLOCK.TRIAL.RECORDING.DISPLAY_BLANK (BEGIN) 
248539.731 DISPLAY_BLANK BLOCK.TRIAL.RECORDING.DISPLAY_BLANK
248616.051 SetValueAction 
248779.608 PREPARE_SEQUENCE BLOCK.TRIAL.PREPARE_SEQUENCE
250140.119 DRIFT_CORRECT BLOCK.TRIAL.DRIFT_CORRECT
250256.287 DISPLAY_SCREEN BLOCK.TRIAL.RECORDING.DISPLAY_SCREEN (BEGIN) 
250272.883 DISPLAY_SCREEN BLOCK.TRIAL.RECORDING.DISPLAY_SCREEN
252913.273 EL_KEYBOARD BLOCK.TRIAL.RECORDING.EL_KEYBOARD
252917.264 DISPLAY_BLANK BLOCK.TRIAL.RECORDING.DISPLAY_BLANK (BEGIN) 
252922.583 DISPLAY_BLANK BLOCK.TRIAL.RECORDING.DISPLAY_BLANK
252998.060 SetValueAction 
253174.113 PREPARE_SEQUENCE BLOCK.TRIAL.PREPARE_SEQUENCE
254377.310 DRIFT_CORRECT BLOCK.TRIAL.DRIFT_CORRECT
254502.792 DISPLAY_SCREEN BLOCK.TRIAL.RECORDING.DISPLAY_SCREEN (BEGIN) 
254505.751 DISPLAY_SCREEN BLOCK.TRIAL.RECORDING.DISPLAY_SCREEN
256960.594 EL_KEYBOARD BLOCK.TRIAL.RECORDING.EL_KEYBOARD
256964.566 DISPLAY_BLANK BLOCK.TRIAL.RECORDING.DISPLAY_BLANK (BEGIN) 
256972.162 DISPLAY_BLANK BLOCK.TRIAL.RECORDING.DISPLAY_BLANK
257047.051 SetValueAction 
257260.442 PREPARE_SEQUENCE BLOCK.TRIAL.PREPARE_SEQUENCE
258840.493 DRIFT_CORRECT BLOCK.TRIAL.DRIFT_CORRECT
258966.290 DISPLAY_SCREEN BLOCK.TRIAL.RECORDING.DISPLAY_SCREEN (BEGIN) 
258971.936 DISPLAY_SCREEN BLOCK.TRIAL.RECORDING.DISPLAY_SCREEN
271297.019 EL_KEYBOARD BLOCK.TRIAL.RECORDING.EL_KEYBOARD
271300.999 DISPLAY_BLANK BLOCK.TRIAL.RECORDING.DISPLAY_BLANK (BEGIN) 
271303.940 DISPLAY_BLANK BLOCK.TRIAL.RECORDING.DISPLAY_BLANK
271379.052 SetValueAction 
271544.180 PREPARE_SEQUENCE BLOCK.TRIAL.PREPARE_SEQUENCE
272611.276 DRIFT_CORRECT BLOCK.TRIAL.DRIFT_CORRECT
272757.017 DISPLAY_SCREEN BLOCK.TRIAL.RECORDING.DISPLAY_SCREEN (BEGIN) 
272770.474 DISPLAY_SCREEN BLOCK.TRIAL.RECORDING.DISPLAY_SCREEN
276480.254 EL_KEYBOARD BLOCK.TRIAL.RECORDING.EL_KEYBOARD
276484.192 DISPLAY_BLANK BLOCK.TRIAL.RECORDING.DISPLAY_BLANK (BEGIN) 
276486.717 DISPLAY_BLANK BLOCK.TRIAL.RECORDING.DISPLAY_BLANK
276561.049 SetValueAction 
276728.690 PREPARE_SEQUENCE BLOCK.TRIAL.PREPARE_SEQUENCE
278106.847 DRIFT_CORRECT BLOCK.TRIAL.DRIFT_CORRECT
278256.537 DISPLAY_SCREEN BLOCK.TRIAL.RECORDING.DISPLAY_SCREEN (BEGIN) 
278269.874 DISPLAY_SCREEN BLOCK.TRIAL.RECORDING.DISPLAY_SCREEN
284655.904 EL_KEYBOARD BLOCK.TRIAL.RECORDING.EL_KEYBOARD
284659.822 DISPLAY_BLANK BLOCK.TRIAL.RECORDING.DISPLAY_BLANK (BEGIN) 
284669.177 DISPLAY_BLANK BLOCK.TRIAL.RECORDING.DISPLAY_BLANK
284755.076 DISPLAY_SCREEN BLOCK.DISPLAY_SCREEN (BEGIN) 
284769.171 DISPLAY_SCREEN BLOCK.DISPLAY_SCREEN
292002.068 KEYBOARD BLOCK.KEYBOARD
295504.898 EL_CAMERA_SETUP BLOCK.EL_CAMERA_SETUP
295505.027 SetValueAction 
295701.323 PREPARE_SEQUENCE BLOCK.TRIAL.PREPARE_SEQUENCE
297672.849 TRACKER_TIME 4 4742538.791
297672.868 DRIFT_CORRECT BLOCK.TRIAL.DRIFT_CORRECT
297796.901 DISPLAY_SCREEN BLOCK.TRIAL.RECORDING.DISPLAY_SCREEN (BEGIN) 
297801.104 DISPLAY_SCREEN BLOCK.TRIAL.RECORDING.DISPLAY_SCREEN
299615.837 EL_KEYBOARD BLOCK.TRIAL.RECORDING.EL_KEYBOARD
299620.348 DISPLAY_BLANK BLOCK.TRIAL.RECORDING.DISPLAY_BLANK (BEGIN) 
299634.253 DISPLAY_BLANK BLOCK.TRIAL.RECORDING.DISPLAY_BLANK
299709.051 SetValueAction 
299877.449 PREPARE_SEQUENCE BLOCK.TRIAL.PREPARE_SEQUENCE
300970.042 DRIFT_CORRECT BLOCK.TRIAL.DRIFT_CORRECT
301097.154 DISPLAY_SCREEN BLOCK.TRIAL.RECORDING.DISPLAY_SCREEN (BEGIN) 
301100.752 DISPLAY_SCREEN BLOCK.TRIAL.RECORDING.DISPLAY_SCREEN
305535.863 EL_KEYBOARD BLOCK.TRIAL.RECORDING.EL_KEYBOARD
305539.810 DISPLAY_BLANK BLOCK.TRIAL.RECORDING.DISPLAY_BLANK (BEGIN) 
305550.262 DISPLAY_BLANK BLOCK.TRIAL.RECORDING.DISPLAY_BLANK
305627.048 SetValueAction 
305802.103 PREPARE_SEQUENCE BLOCK.TRIAL.PREPARE_SEQUENCE
306745.904 DRIFT_CORRECT BLOCK.TRIAL.DRIFT_CORRECT
306871.787 DISPLAY_SCREEN BLOCK.TRIAL.RECORDING.DISPLAY_SCREEN (BEGIN) 
306883.456 DISPLAY_SCREEN BLOCK.TRIAL.RECORDING.DISPLAY_SCREEN
308289.072 EL_KEYBOARD BLOCK.TRIAL.RECORDING.EL_KEYBOARD
308293.002 DISPLAY_BLANK BLOCK.TRIAL.RECORDING.DISPLAY_BLANK (BEGIN) 
308299.977 DISPLAY_BLANK BLOCK.TRIAL.RECORDING.DISPLAY_BLANK
308375.051 SetValueAction 
308550.153 PREPARE_SEQUENCE BLOCK.TRIAL.PREPARE_SEQUENCE
309512.235 DRIFT_CORRECT BLOCK.TRIAL.DRIFT_CORRECT
309643.176 DISPLAY_SCREEN BLOCK.TRIAL.RECORDING.DISPLAY_SCREEN (BEGIN) 
309649.841 DISPLAY_SCREEN BLOCK.TRIAL.RECORDING.DISPLAY_SCREEN
310992.079 EL_KEYBOARD BLOCK.TRIAL.RECORDING.EL_KEYBOARD
310995.987 DISPLAY_BLANK BLOCK.TRIAL.RECORDING.DISPLAY_BLANK (BEGIN) 
310999.673 DISPLAY_BLANK BLOCK.TRIAL.RECORDING.DISPLAY_BLANK
311074.048 SetValueAction 
311249.008 PREPARE_SEQUENCE BLOCK.TRIAL.PREPARE_SEQUENCE
312018.632 DRIFT_CORRECT BLOCK.TRIAL.DRIFT_CORRECT
312160.767 DISPLAY_SCREEN BLOCK.TRIAL.RECORDING.DISPLAY_SCREEN (BEGIN) 
312166.230 DISPLAY_SCREEN BLOCK.TRIAL.RECORDING.DISPLAY_SCREEN
315201.278 EL_KEYBOARD BLOCK.TRIAL.RECORDING.EL_KEYBOARD
315205.191 DISPLAY_BLANK BLOCK.TRIAL.RECORDING.DISPLAY_BLANK (BEGIN) 
315215.911 DISPLAY_BLANK BLOCK.TRIAL.RECORDING.DISPLAY_BLANK
315290.054 SetValueAction 
315467.261 PREPARE_SEQUENCE BLOCK.TRIAL.PREPARE_SEQUENCE
316100.560 DRIFT_CORRECT BLOCK.TRIAL.DRIFT_CORRECT
316217.614 DISPLAY_SCREEN BLOCK.TRIAL.RECORDING.DISPLAY_SCREEN (BEGIN) 
316232.461 DISPLAY_SCREEN BLOCK.TRIAL.RECORDING.DISPLAY_SCREEN
319585.252 EL_KEYBOARD BLOCK.TRIAL.RECORDING.EL_KEYBOARD
319589.174 DISPLAY_BLANK BLOCK.TRIAL.RECORDING.DISPLAY_BLANK (BEGIN) 
319598.757 DISPLAY_BLANK BLOCK.TRIAL.RECORDING.DISPLAY_BLANK
319673.045 SetValueAction 
319833.782 PREPARE_SEQUENCE BLOCK.TRIAL.PREPARE_SEQUENCE
320562.639 DRIFT_CORRECT BLOCK.TRIAL.DRIFT_CORRECT
320701.465 DISPLAY_SCREEN BLOCK.TRIAL.RECORDING.DISPLAY_SCREEN (BEGIN) 
320715.307 DISPLAY_SCREEN BLOCK.TRIAL.RECORDING.DISPLAY_SCREEN
321856.843 EL_KEYBOARD BLOCK.TRIAL.RECORDING.EL_KEYBOARD
321860.848 DISPLAY_BLANK BLOCK.TRIAL.RECORDING.DISPLAY_BLANK (BEGIN) 
321865.174 DISPLAY_BLANK BLOCK.TRIAL.RECORDING.DISPLAY_BLANK
321941.053 SetValueAction 
322111.049 PREPARE_SEQUENCE BLOCK.TRIAL.PREPARE_SEQUENCE
322787.059 DRIFT_CORRECT BLOCK.TRIAL.DRIFT_CORRECT
322935.471 DISPLAY_SCREEN BLOCK.TRIAL.RECORDING.DISPLAY_SCREEN (BEGIN) 
322948.415 DISPLAY_SCREEN BLOCK.TRIAL.RECORDING.DISPLAY_SCREEN
325312.740 EL_KEYBOARD BLOCK.TRIAL.RECORDING.EL_KEYBOARD
325317.244 DISPLAY_BLANK BLOCK.TRIAL.RECORDING.DISPLAY_BLANK (BEGIN) 
325331.483 DISPLAY_BLANK BLOCK.TRIAL.RECORDING.DISPLAY_BLANK
325406.049 SetValueAction 
325567.292 PREPARE_SEQUENCE BLOCK.TRIAL.PREPARE_SEQUENCE
327502.142 DRIFT_CORRECT BLOCK.TRIAL.DRIFT_CORRECT
327618.282 DISPLAY_SCREEN BLOCK.TRIAL.RECORDING.DISPLAY_SCREEN (BEGIN) 
327631.235 DISPLAY_SCREEN BLOCK.TRIAL.RECORDING.DISPLAY_SCREEN
331104.513 EL_KEYBOARD BLOCK.TRIAL.RECORDING.EL_KEYBOARD
331108.430 DISPLAY_BLANK BLOCK.TRIAL.RECORDING.DISPLAY_BLANK (BEGIN) 
331114.184 DISPLAY_BLANK BLOCK.TRIAL.RECORDING.DISPLAY_BLANK
331189.047 SetValueAction 
331353.264 PREPARE_SEQUENCE BLOCK.TRIAL.PREPARE_SEQUENCE
331995.989 DRIFT_CORRECT BLOCK.TRIAL.DRIFT_CORRECT
332151.126 DISPLAY_SCREEN BLOCK.TRIAL.RECORDING.DISPLAY_SCREEN (BEGIN) 
332164.077 DISPLAY_SCREEN BLOCK.TRIAL.RECORDING.DISPLAY_SCREEN
333009.066 EL_KEYBOARD BLOCK.TRIAL.RECORDING.EL_KEYBOARD
333015.613 DISPLAY_BLANK BLOCK.TRIAL.RECORDING.DISPLAY_BLANK (BEGIN) 
333030.659 DISPLAY_BLANK BLOCK.TRIAL.RECORDING.DISPLAY_BLANK
el_logger: Quit logger.
******** END OF THE LOG FILE ********
