18011.747 ********************************************************
18011.821 ** Session beginning Tuesday March 29, 2022 04:14:00 AM **
18011.828 ** ExperimentBuilder Project : hxq **
18011.834 ** ExperimentBuilder Version : 2.3.1 **
18011.838 ** ExperimentBuilder Build   : Jun 23 2020 **
18011.843 ********************************************************
18011.850 TRACKER_TIME 0 7267775.041
18380.622 DISPLAY_SCREEN DISPLAY_SCREEN (BEGIN) 
18395.576 DISPLAY_SCREEN DISPLAY_SCREEN
28395.586 TIMER TIMER
28395.717 SetValueAction 
140495.869 TRACKER_TIME 1 7390256.919
140495.904 EL_CAMERA_SETUP SEQUENCE.EL_CAMERA_SETUP
140629.109 PREPARE_SEQUENCE SEQUENCE.SEQUENCE.PREPARE_SEQUENCE
152549.554 DRIFT_CORRECT SEQUENCE.SEQUENCE.DRIFT_CORRECT
152632.191 DISPLAY_SCREEN SEQUENCE.SEQUENCE.SEQUENCE.DISPLAY_SCREEN (BEGIN) 
152647.728 DISPLAY_SCREEN SEQUENCE.SEQUENCE.SEQUENCE.DISPLAY_SCREEN
160647.770 TIMER SEQUENCE.SEQUENCE.SEQUENCE.TIMER
160683.058 SetValueAction 
160708.570 DISPLAY_SCREEN SEQUENCE.SEQUENCE.SEQUENCE.DISPLAY_SCREEN (BEGIN) 
163365.278 EL_CAMERA_SETUP SEQUENCE.EL_CAMERA_SETUP
163480.166 PREPARE_SEQUENCE SEQUENCE.SEQUENCE.PREPARE_SEQUENCE
171194.444 DRIFT_CORRECT SEQUENCE.SEQUENCE.DRIFT_CORRECT
171275.056 DISPLAY_SCREEN SEQUENCE.SEQUENCE.SEQUENCE.DISPLAY_SCREEN (BEGIN) 
171279.050 DISPLAY_SCREEN SEQUENCE.SEQUENCE.SEQUENCE.DISPLAY_SCREEN
179279.110 TIMER SEQUENCE.SEQUENCE.SEQUENCE.TIMER
179314.064 SetValueAction 
179340.306 DISPLAY_SCREEN SEQUENCE.SEQUENCE.SEQUENCE.DISPLAY_SCREEN (BEGIN) 
180828.524 EL_CAMERA_SETUP SEQUENCE.EL_CAMERA_SETUP
180943.162 PREPARE_SEQUENCE SEQUENCE.SEQUENCE.PREPARE_SEQUENCE
182915.253 DRIFT_CORRECT SEQUENCE.SEQUENCE.DRIFT_CORRECT
183004.050 DISPLAY_SCREEN SEQUENCE.SEQUENCE.SEQUENCE.DISPLAY_SCREEN (BEGIN) 
183011.106 DISPLAY_SCREEN SEQUENCE.SEQUENCE.SEQUENCE.DISPLAY_SCREEN
191011.151 TIMER SEQUENCE.SEQUENCE.SEQUENCE.TIMER
191047.060 SetValueAction 
191073.134 DISPLAY_SCREEN SEQUENCE.SEQUENCE.SEQUENCE.DISPLAY_SCREEN (BEGIN) 
193796.940 EL_CAMERA_SETUP SEQUENCE.EL_CAMERA_SETUP
193911.192 PREPARE_SEQUENCE SEQUENCE.SEQUENCE.PREPARE_SEQUENCE
203951.570 TRACKER_TIME 2 7453711.105
203951.591 DRIFT_CORRECT SEQUENCE.SEQUENCE.DRIFT_CORRECT
204112.191 DISPLAY_SCREEN SEQUENCE.SEQUENCE.SEQUENCE.DISPLAY_SCREEN (BEGIN) 
204125.504 DISPLAY_SCREEN SEQUENCE.SEQUENCE.SEQUENCE.DISPLAY_SCREEN
212125.520 TIMER SEQUENCE.SEQUENCE.SEQUENCE.TIMER
212161.074 SetValueAction 
212188.661 DISPLAY_SCREEN SEQUENCE.SEQUENCE.SEQUENCE.DISPLAY_SCREEN (BEGIN) 
213182.078 EL_CAMERA_SETUP SEQUENCE.EL_CAMERA_SETUP
213295.154 PREPARE_SEQUENCE SEQUENCE.SEQUENCE.PREPARE_SEQUENCE
215000.975 DRIFT_CORRECT SEQUENCE.SEQUENCE.DRIFT_CORRECT
215149.659 DISPLAY_SCREEN SEQUENCE.SEQUENCE.SEQUENCE.DISPLAY_SCREEN (BEGIN) 
215157.644 DISPLAY_SCREEN SEQUENCE.SEQUENCE.SEQUENCE.DISPLAY_SCREEN
223157.694 TIMER SEQUENCE.SEQUENCE.SEQUENCE.TIMER
223192.060 SetValueAction 
223217.059 DISPLAY_SCREEN SEQUENCE.SEQUENCE.SEQUENCE.DISPLAY_SCREEN (BEGIN) 
224050.800 EL_CAMERA_SETUP SEQUENCE.EL_CAMERA_SETUP
224165.168 PREPARE_SEQUENCE SEQUENCE.SEQUENCE.PREPARE_SEQUENCE
225693.298 DRIFT_CORRECT SEQUENCE.SEQUENCE.DRIFT_CORRECT
225782.060 DISPLAY_SCREEN SEQUENCE.SEQUENCE.SEQUENCE.DISPLAY_SCREEN (BEGIN) 
225789.819 DISPLAY_SCREEN SEQUENCE.SEQUENCE.SEQUENCE.DISPLAY_SCREEN
233789.856 TIMER SEQUENCE.SEQUENCE.SEQUENCE.TIMER
233825.058 SetValueAction 
233851.293 DISPLAY_SCREEN SEQUENCE.SEQUENCE.SEQUENCE.DISPLAY_SCREEN (BEGIN) 
235183.118 EL_CAMERA_SETUP SEQUENCE.EL_CAMERA_SETUP
235298.162 PREPARE_SEQUENCE SEQUENCE.SEQUENCE.PREPARE_SEQUENCE
236452.907 DRIFT_CORRECT SEQUENCE.SEQUENCE.DRIFT_CORRECT
236586.126 DISPLAY_SCREEN SEQUENCE.SEQUENCE.SEQUENCE.DISPLAY_SCREEN (BEGIN) 
236588.648 DISPLAY_SCREEN SEQUENCE.SEQUENCE.SEQUENCE.DISPLAY_SCREEN
244588.672 TIMER SEQUENCE.SEQUENCE.SEQUENCE.TIMER
244623.060 SetValueAction 
244650.515 DISPLAY_SCREEN SEQUENCE.SEQUENCE.SEQUENCE.DISPLAY_SCREEN (BEGIN) 
246122.288 EL_CAMERA_SETUP SEQUENCE.EL_CAMERA_SETUP
246238.159 PREPARE_SEQUENCE SEQUENCE.SEQUENCE.PREPARE_SEQUENCE
254132.421 DRIFT_CORRECT SEQUENCE.SEQUENCE.DRIFT_CORRECT
254261.744 DISPLAY_SCREEN SEQUENCE.SEQUENCE.SEQUENCE.DISPLAY_SCREEN (BEGIN) 
254270.085 DISPLAY_SCREEN SEQUENCE.SEQUENCE.SEQUENCE.DISPLAY_SCREEN
262270.088 TIMER SEQUENCE.SEQUENCE.SEQUENCE.TIMER
262306.065 SetValueAction 
262333.713 DISPLAY_SCREEN SEQUENCE.SEQUENCE.SEQUENCE.DISPLAY_SCREEN (BEGIN) 
263173.713 EL_CAMERA_SETUP SEQUENCE.EL_CAMERA_SETUP
263287.176 PREPARE_SEQUENCE SEQUENCE.SEQUENCE.PREPARE_SEQUENCE
264483.894 TRACKER_TIME 3 7514242.742
264483.915 DRIFT_CORRECT SEQUENCE.SEQUENCE.DRIFT_CORRECT
264573.159 DISPLAY_SCREEN SEQUENCE.SEQUENCE.SEQUENCE.DISPLAY_SCREEN (BEGIN) 
264585.633 DISPLAY_SCREEN SEQUENCE.SEQUENCE.SEQUENCE.DISPLAY_SCREEN
272585.701 TIMER SEQUENCE.SEQUENCE.SEQUENCE.TIMER
272622.062 SetValueAction 
272649.258 DISPLAY_SCREEN SEQUENCE.SEQUENCE.SEQUENCE.DISPLAY_SCREEN (BEGIN) 
273919.551 EL_CAMERA_SETUP SEQUENCE.EL_CAMERA_SETUP
274033.169 PREPARE_SEQUENCE SEQUENCE.SEQUENCE.PREPARE_SEQUENCE
277263.397 DRIFT_CORRECT SEQUENCE.SEQUENCE.DRIFT_CORRECT
277394.011 DISPLAY_SCREEN SEQUENCE.SEQUENCE.SEQUENCE.DISPLAY_SCREEN (BEGIN) 
277400.922 DISPLAY_SCREEN SEQUENCE.SEQUENCE.SEQUENCE.DISPLAY_SCREEN
285400.958 TIMER SEQUENCE.SEQUENCE.SEQUENCE.TIMER
285435.059 SetValueAction 
285461.037 DISPLAY_SCREEN SEQUENCE.SEQUENCE.SEQUENCE.DISPLAY_SCREEN (BEGIN) 
286282.153 EL_CAMERA_SETUP SEQUENCE.EL_CAMERA_SETUP
286396.158 PREPARE_SEQUENCE SEQUENCE.SEQUENCE.PREPARE_SEQUENCE
287706.382 DRIFT_CORRECT SEQUENCE.SEQUENCE.DRIFT_CORRECT
287837.320 DISPLAY_SCREEN SEQUENCE.SEQUENCE.SEQUENCE.DISPLAY_SCREEN (BEGIN) 
287849.808 DISPLAY_SCREEN SEQUENCE.SEQUENCE.SEQUENCE.DISPLAY_SCREEN
295849.823 TIMER SEQUENCE.SEQUENCE.SEQUENCE.TIMER
295884.065 SetValueAction 
295911.769 DISPLAY_SCREEN SEQUENCE.SEQUENCE.SEQUENCE.DISPLAY_SCREEN (BEGIN) 
296567.860 EL_CAMERA_SETUP SEQUENCE.EL_CAMERA_SETUP
296683.166 PREPARE_SEQUENCE SEQUENCE.SEQUENCE.PREPARE_SEQUENCE
312956.563 DRIFT_CORRECT SEQUENCE.SEQUENCE.DRIFT_CORRECT
313086.177 DISPLAY_SCREEN SEQUENCE.SEQUENCE.SEQUENCE.DISPLAY_SCREEN (BEGIN) 
313097.078 DISPLAY_SCREEN SEQUENCE.SEQUENCE.SEQUENCE.DISPLAY_SCREEN
321097.082 TIMER SEQUENCE.SEQUENCE.SEQUENCE.TIMER
321134.074 SetValueAction 
321162.665 DISPLAY_SCREEN SEQUENCE.SEQUENCE.SEQUENCE.DISPLAY_SCREEN (BEGIN) 
322112.545 EL_CAMERA_SETUP SEQUENCE.EL_CAMERA_SETUP
322227.167 PREPARE_SEQUENCE SEQUENCE.SEQUENCE.PREPARE_SEQUENCE
323293.350 DRIFT_CORRECT SEQUENCE.SEQUENCE.DRIFT_CORRECT
323373.088 DISPLAY_SCREEN SEQUENCE.SEQUENCE.SEQUENCE.DISPLAY_SCREEN (BEGIN) 
323379.299 DISPLAY_SCREEN SEQUENCE.SEQUENCE.SEQUENCE.DISPLAY_SCREEN
331379.341 TRACKER_TIME 4 7581136.975
331379.375 TIMER SEQUENCE.SEQUENCE.SEQUENCE.TIMER
331415.066 SetValueAction 
331439.347 DISPLAY_SCREEN SEQUENCE.SEQUENCE.SEQUENCE.DISPLAY_SCREEN (BEGIN) 
332290.001 EL_CAMERA_SETUP SEQUENCE.EL_CAMERA_SETUP
332404.162 PREPARE_SEQUENCE SEQUENCE.SEQUENCE.PREPARE_SEQUENCE
333318.004 DRIFT_CORRECT SEQUENCE.SEQUENCE.DRIFT_CORRECT
333454.119 DISPLAY_SCREEN SEQUENCE.SEQUENCE.SEQUENCE.DISPLAY_SCREEN (BEGIN) 
333461.527 DISPLAY_SCREEN SEQUENCE.SEQUENCE.SEQUENCE.DISPLAY_SCREEN
341461.549 TIMER SEQUENCE.SEQUENCE.SEQUENCE.TIMER
341498.062 SetValueAction 
341525.386 DISPLAY_SCREEN SEQUENCE.SEQUENCE.SEQUENCE.DISPLAY_SCREEN (BEGIN) 
342368.045 EL_CAMERA_SETUP SEQUENCE.EL_CAMERA_SETUP
342482.160 PREPARE_SEQUENCE SEQUENCE.SEQUENCE.PREPARE_SEQUENCE
344578.662 DRIFT_CORRECT SEQUENCE.SEQUENCE.DRIFT_CORRECT
344695.616 DISPLAY_SCREEN SEQUENCE.SEQUENCE.SEQUENCE.DISPLAY_SCREEN (BEGIN) 
344710.325 DISPLAY_SCREEN SEQUENCE.SEQUENCE.SEQUENCE.DISPLAY_SCREEN
352710.359 TIMER SEQUENCE.SEQUENCE.SEQUENCE.TIMER
352745.059 SetValueAction 
352773.004 DISPLAY_SCREEN SEQUENCE.SEQUENCE.SEQUENCE.DISPLAY_SCREEN (BEGIN) 
353663.370 EL_CAMERA_SETUP SEQUENCE.EL_CAMERA_SETUP
353778.155 PREPARE_SEQUENCE SEQUENCE.SEQUENCE.PREPARE_SEQUENCE
354826.203 DRIFT_CORRECT SEQUENCE.SEQUENCE.DRIFT_CORRECT
354910.617 DISPLAY_SCREEN SEQUENCE.SEQUENCE.SEQUENCE.DISPLAY_SCREEN (BEGIN) 
354925.897 DISPLAY_SCREEN SEQUENCE.SEQUENCE.SEQUENCE.DISPLAY_SCREEN
362925.930 TIMER SEQUENCE.SEQUENCE.SEQUENCE.TIMER
362960.061 SetValueAction 
362988.274 DISPLAY_SCREEN SEQUENCE.SEQUENCE.SEQUENCE.DISPLAY_SCREEN (BEGIN) 
363857.502 EL_CAMERA_SETUP SEQUENCE.EL_CAMERA_SETUP
363972.158 PREPARE_SEQUENCE SEQUENCE.SEQUENCE.PREPARE_SEQUENCE
365248.923 DRIFT_CORRECT SEQUENCE.SEQUENCE.DRIFT_CORRECT
365378.222 DISPLAY_SCREEN SEQUENCE.SEQUENCE.SEQUENCE.DISPLAY_SCREEN (BEGIN) 
365391.430 DISPLAY_SCREEN SEQUENCE.SEQUENCE.SEQUENCE.DISPLAY_SCREEN
373391.428 TIMER SEQUENCE.SEQUENCE.SEQUENCE.TIMER
373426.060 SetValueAction 
373453.224 DISPLAY_SCREEN SEQUENCE.SEQUENCE.SEQUENCE.DISPLAY_SCREEN (BEGIN) 
374655.827 EL_CAMERA_SETUP SEQUENCE.EL_CAMERA_SETUP
374769.163 PREPARE_SEQUENCE SEQUENCE.SEQUENCE.PREPARE_SEQUENCE
376298.771 DRIFT_CORRECT SEQUENCE.SEQUENCE.DRIFT_CORRECT
376385.122 DISPLAY_SCREEN SEQUENCE.SEQUENCE.SEQUENCE.DISPLAY_SCREEN (BEGIN) 
376390.232 DISPLAY_SCREEN SEQUENCE.SEQUENCE.SEQUENCE.DISPLAY_SCREEN
384390.256 TIMER SEQUENCE.SEQUENCE.SEQUENCE.TIMER
384426.061 SetValueAction 
384454.214 DISPLAY_SCREEN SEQUENCE.SEQUENCE.SEQUENCE.DISPLAY_SCREEN (BEGIN) 
386886.606 EL_CAMERA_SETUP SEQUENCE.EL_CAMERA_SETUP
387001.175 PREPARE_SEQUENCE SEQUENCE.SEQUENCE.PREPARE_SEQUENCE
388036.909 DRIFT_CORRECT SEQUENCE.SEQUENCE.DRIFT_CORRECT
388190.619 DISPLAY_SCREEN SEQUENCE.SEQUENCE.SEQUENCE.DISPLAY_SCREEN (BEGIN) 
388205.626 DISPLAY_SCREEN SEQUENCE.SEQUENCE.SEQUENCE.DISPLAY_SCREEN
396205.645 TRACKER_TIME 5 7645962.113
396205.676 TIMER SEQUENCE.SEQUENCE.SEQUENCE.TIMER
396240.062 SetValueAction 
396268.652 DISPLAY_SCREEN SEQUENCE.SEQUENCE.SEQUENCE.DISPLAY_SCREEN (BEGIN) 
396786.291 EL_CAMERA_SETUP SEQUENCE.EL_CAMERA_SETUP
396900.179 PREPARE_SEQUENCE SEQUENCE.SEQUENCE.PREPARE_SEQUENCE
397892.434 DRIFT_CORRECT SEQUENCE.SEQUENCE.DRIFT_CORRECT
397976.223 DISPLAY_SCREEN SEQUENCE.SEQUENCE.SEQUENCE.DISPLAY_SCREEN (BEGIN) 
397987.910 DISPLAY_SCREEN SEQUENCE.SEQUENCE.SEQUENCE.DISPLAY_SCREEN
405987.956 TIMER SEQUENCE.SEQUENCE.SEQUENCE.TIMER
406022.065 SetValueAction 
406049.933 DISPLAY_SCREEN SEQUENCE.SEQUENCE.SEQUENCE.DISPLAY_SCREEN (BEGIN) 
407117.388 EL_CAMERA_SETUP SEQUENCE.EL_CAMERA_SETUP
407232.158 PREPARE_SEQUENCE SEQUENCE.SEQUENCE.PREPARE_SEQUENCE
408933.920 DRIFT_CORRECT SEQUENCE.SEQUENCE.DRIFT_CORRECT
409054.113 DISPLAY_SCREEN SEQUENCE.SEQUENCE.SEQUENCE.DISPLAY_SCREEN (BEGIN) 
409070.047 DISPLAY_SCREEN SEQUENCE.SEQUENCE.SEQUENCE.DISPLAY_SCREEN
417070.057 TIMER SEQUENCE.SEQUENCE.SEQUENCE.TIMER
417106.060 SetValueAction 
417133.710 DISPLAY_SCREEN SEQUENCE.SEQUENCE.SEQUENCE.DISPLAY_SCREEN (BEGIN) 
418025.854 EL_CAMERA_SETUP SEQUENCE.EL_CAMERA_SETUP
418141.158 PREPARE_SEQUENCE SEQUENCE.SEQUENCE.PREPARE_SEQUENCE
418977.183 DRIFT_CORRECT SEQUENCE.SEQUENCE.DRIFT_CORRECT
419065.132 DISPLAY_SCREEN SEQUENCE.SEQUENCE.SEQUENCE.DISPLAY_SCREEN (BEGIN) 
419068.957 DISPLAY_SCREEN SEQUENCE.SEQUENCE.SEQUENCE.DISPLAY_SCREEN
427068.980 TIMER SEQUENCE.SEQUENCE.SEQUENCE.TIMER
427106.058 SetValueAction 
427133.310 DISPLAY_SCREEN SEQUENCE.SEQUENCE.SEQUENCE.DISPLAY_SCREEN (BEGIN) 
427895.581 EL_CAMERA_SETUP SEQUENCE.EL_CAMERA_SETUP
428012.171 PREPARE_SEQUENCE SEQUENCE.SEQUENCE.PREPARE_SEQUENCE
428869.955 DRIFT_CORRECT SEQUENCE.SEQUENCE.DRIFT_CORRECT
429005.228 DISPLAY_SCREEN SEQUENCE.SEQUENCE.SEQUENCE.DISPLAY_SCREEN (BEGIN) 
429017.891 DISPLAY_SCREEN SEQUENCE.SEQUENCE.SEQUENCE.DISPLAY_SCREEN
437017.896 TIMER SEQUENCE.SEQUENCE.SEQUENCE.TIMER
437053.062 SetValueAction 
437080.083 DISPLAY_SCREEN SEQUENCE.SEQUENCE.SEQUENCE.DISPLAY_SCREEN (BEGIN) 
438168.959 EL_CAMERA_SETUP SEQUENCE.EL_CAMERA_SETUP
438283.156 PREPARE_SEQUENCE SEQUENCE.SEQUENCE.PREPARE_SEQUENCE
442138.545 DRIFT_CORRECT SEQUENCE.SEQUENCE.DRIFT_CORRECT
442252.142 DISPLAY_SCREEN SEQUENCE.SEQUENCE.SEQUENCE.DISPLAY_SCREEN (BEGIN) 
442266.462 DISPLAY_SCREEN SEQUENCE.SEQUENCE.SEQUENCE.DISPLAY_SCREEN
450266.474 TIMER SEQUENCE.SEQUENCE.SEQUENCE.TIMER
450302.059 SetValueAction 
450328.925 DISPLAY_SCREEN SEQUENCE.SEQUENCE.SEQUENCE.DISPLAY_SCREEN (BEGIN) 
451940.833 EL_CAMERA_SETUP SEQUENCE.EL_CAMERA_SETUP
452055.158 PREPARE_SEQUENCE SEQUENCE.SEQUENCE.PREPARE_SEQUENCE
453168.965 DRIFT_CORRECT SEQUENCE.SEQUENCE.DRIFT_CORRECT
453321.279 DISPLAY_SCREEN SEQUENCE.SEQUENCE.SEQUENCE.DISPLAY_SCREEN (BEGIN) 
453331.913 DISPLAY_SCREEN SEQUENCE.SEQUENCE.SEQUENCE.DISPLAY_SCREEN
461331.937 TRACKER_TIME 6 7711086.846
461331.970 TIMER SEQUENCE.SEQUENCE.SEQUENCE.TIMER
461368.072 SetValueAction 
461395.273 DISPLAY_SCREEN SEQUENCE.SEQUENCE.SEQUENCE.DISPLAY_SCREEN (BEGIN) 
462660.273 EL_CAMERA_SETUP SEQUENCE.EL_CAMERA_SETUP
462774.155 PREPARE_SEQUENCE SEQUENCE.SEQUENCE.PREPARE_SEQUENCE
467814.523 DRIFT_CORRECT SEQUENCE.SEQUENCE.DRIFT_CORRECT
467948.618 DISPLAY_SCREEN SEQUENCE.SEQUENCE.SEQUENCE.DISPLAY_SCREEN (BEGIN) 
467963.681 DISPLAY_SCREEN SEQUENCE.SEQUENCE.SEQUENCE.DISPLAY_SCREEN
475963.726 TIMER SEQUENCE.SEQUENCE.SEQUENCE.TIMER
475998.061 SetValueAction 
476026.004 DISPLAY_SCREEN SEQUENCE.SEQUENCE.SEQUENCE.DISPLAY_SCREEN (BEGIN) 
478107.789 EL_CAMERA_SETUP SEQUENCE.EL_CAMERA_SETUP
478223.159 PREPARE_SEQUENCE SEQUENCE.SEQUENCE.PREPARE_SEQUENCE
479254.377 DRIFT_CORRECT SEQUENCE.SEQUENCE.DRIFT_CORRECT
479390.115 DISPLAY_SCREEN SEQUENCE.SEQUENCE.SEQUENCE.DISPLAY_SCREEN (BEGIN) 
479395.764 DISPLAY_SCREEN SEQUENCE.SEQUENCE.SEQUENCE.DISPLAY_SCREEN
487395.783 TIMER SEQUENCE.SEQUENCE.SEQUENCE.TIMER
487432.061 SetValueAction 
487460.521 DISPLAY_SCREEN SEQUENCE.SEQUENCE.SEQUENCE.DISPLAY_SCREEN (BEGIN) 
489314.375 EL_CAMERA_SETUP SEQUENCE.EL_CAMERA_SETUP
489429.160 PREPARE_SEQUENCE SEQUENCE.SEQUENCE.PREPARE_SEQUENCE
490593.949 DRIFT_CORRECT SEQUENCE.SEQUENCE.DRIFT_CORRECT
490681.142 DISPLAY_SCREEN SEQUENCE.SEQUENCE.SEQUENCE.DISPLAY_SCREEN (BEGIN) 
490694.555 DISPLAY_SCREEN SEQUENCE.SEQUENCE.SEQUENCE.DISPLAY_SCREEN
498694.555 TIMER SEQUENCE.SEQUENCE.SEQUENCE.TIMER
498730.060 SetValueAction 
498758.024 DISPLAY_SCREEN SEQUENCE.SEQUENCE.SEQUENCE.DISPLAY_SCREEN (BEGIN) 
499736.410 EL_CAMERA_SETUP SEQUENCE.EL_CAMERA_SETUP
499851.189 PREPARE_SEQUENCE SEQUENCE.SEQUENCE.PREPARE_SEQUENCE
500715.917 DRIFT_CORRECT SEQUENCE.SEQUENCE.DRIFT_CORRECT
500844.221 DISPLAY_SCREEN SEQUENCE.SEQUENCE.SEQUENCE.DISPLAY_SCREEN (BEGIN) 
500860.131 DISPLAY_SCREEN SEQUENCE.SEQUENCE.SEQUENCE.DISPLAY_SCREEN
508860.142 TIMER SEQUENCE.SEQUENCE.SEQUENCE.TIMER
508897.063 SetValueAction 
508925.221 DISPLAY_SCREEN SEQUENCE.SEQUENCE.SEQUENCE.DISPLAY_SCREEN (BEGIN) 
509601.940 EL_CAMERA_SETUP SEQUENCE.EL_CAMERA_SETUP
509717.156 PREPARE_SEQUENCE SEQUENCE.SEQUENCE.PREPARE_SEQUENCE
510504.866 DRIFT_CORRECT SEQUENCE.SEQUENCE.DRIFT_CORRECT
510671.145 DISPLAY_SCREEN SEQUENCE.SEQUENCE.SEQUENCE.DISPLAY_SCREEN (BEGIN) 
510675.716 DISPLAY_SCREEN SEQUENCE.SEQUENCE.SEQUENCE.DISPLAY_SCREEN
518675.745 TIMER SEQUENCE.SEQUENCE.SEQUENCE.TIMER
518711.058 SetValueAction 
518739.532 DISPLAY_SCREEN SEQUENCE.SEQUENCE.SEQUENCE.DISPLAY_SCREEN (BEGIN) 
519369.695 EL_CAMERA_SETUP SEQUENCE.EL_CAMERA_SETUP
519484.158 PREPARE_SEQUENCE SEQUENCE.SEQUENCE.PREPARE_SEQUENCE
520404.361 DRIFT_CORRECT SEQUENCE.SEQUENCE.DRIFT_CORRECT
520487.057 DISPLAY_SCREEN SEQUENCE.SEQUENCE.SEQUENCE.DISPLAY_SCREEN (BEGIN) 
520491.320 DISPLAY_SCREEN SEQUENCE.SEQUENCE.SEQUENCE.DISPLAY_SCREEN
528491.333 TRACKER_TIME 7 7778245.457
528491.364 TIMER SEQUENCE.SEQUENCE.SEQUENCE.TIMER
528526.062 SetValueAction 
528553.678 DISPLAY_SCREEN SEQUENCE.SEQUENCE.SEQUENCE.DISPLAY_SCREEN (BEGIN) 
529516.570 EL_CAMERA_SETUP SEQUENCE.EL_CAMERA_SETUP
529632.155 PREPARE_SEQUENCE SEQUENCE.SEQUENCE.PREPARE_SEQUENCE
530269.475 DRIFT_CORRECT SEQUENCE.SEQUENCE.DRIFT_CORRECT
530442.186 DISPLAY_SCREEN SEQUENCE.SEQUENCE.SEQUENCE.DISPLAY_SCREEN (BEGIN) 
530456.926 DISPLAY_SCREEN SEQUENCE.SEQUENCE.SEQUENCE.DISPLAY_SCREEN
538456.961 TIMER SEQUENCE.SEQUENCE.SEQUENCE.TIMER
538492.059 SetValueAction 
538516.036 DISPLAY_SCREEN SEQUENCE.SEQUENCE.SEQUENCE.DISPLAY_SCREEN (BEGIN) 
539094.823 EL_CAMERA_SETUP SEQUENCE.EL_CAMERA_SETUP
539210.166 PREPARE_SEQUENCE SEQUENCE.SEQUENCE.PREPARE_SEQUENCE
540003.643 DRIFT_CORRECT SEQUENCE.SEQUENCE.DRIFT_CORRECT
540085.036 DISPLAY_SCREEN SEQUENCE.SEQUENCE.SEQUENCE.DISPLAY_SCREEN (BEGIN) 
540089.216 DISPLAY_SCREEN SEQUENCE.SEQUENCE.SEQUENCE.DISPLAY_SCREEN
548089.229 TIMER SEQUENCE.SEQUENCE.SEQUENCE.TIMER
548125.062 SetValueAction 
548150.716 DISPLAY_SCREEN SEQUENCE.SEQUENCE.SEQUENCE.DISPLAY_SCREEN (BEGIN) 
548674.290 EL_CAMERA_SETUP SEQUENCE.EL_CAMERA_SETUP
548789.156 PREPARE_SEQUENCE SEQUENCE.SEQUENCE.PREPARE_SEQUENCE
549820.426 DRIFT_CORRECT SEQUENCE.SEQUENCE.DRIFT_CORRECT
549957.218 DISPLAY_SCREEN SEQUENCE.SEQUENCE.SEQUENCE.DISPLAY_SCREEN (BEGIN) 
549971.476 DISPLAY_SCREEN SEQUENCE.SEQUENCE.SEQUENCE.DISPLAY_SCREEN
557971.526 TIMER SEQUENCE.SEQUENCE.SEQUENCE.TIMER
558006.069 SetValueAction 
558033.677 DISPLAY_SCREEN SEQUENCE.SEQUENCE.SEQUENCE.DISPLAY_SCREEN (BEGIN) 
558556.276 EL_CAMERA_SETUP SEQUENCE.EL_CAMERA_SETUP
558671.157 PREPARE_SEQUENCE SEQUENCE.SEQUENCE.PREPARE_SEQUENCE
559694.936 DRIFT_CORRECT SEQUENCE.SEQUENCE.DRIFT_CORRECT
559824.323 DISPLAY_SCREEN SEQUENCE.SEQUENCE.SEQUENCE.DISPLAY_SCREEN (BEGIN) 
559837.090 DISPLAY_SCREEN SEQUENCE.SEQUENCE.SEQUENCE.DISPLAY_SCREEN
567837.100 TIMER SEQUENCE.SEQUENCE.SEQUENCE.TIMER
567872.065 SetValueAction 
567899.689 DISPLAY_SCREEN SEQUENCE.SEQUENCE.SEQUENCE.DISPLAY_SCREEN (BEGIN) 
568533.944 EL_CAMERA_SETUP SEQUENCE.EL_CAMERA_SETUP
568649.154 PREPARE_SEQUENCE SEQUENCE.SEQUENCE.PREPARE_SEQUENCE
569619.602 DRIFT_CORRECT SEQUENCE.SEQUENCE.DRIFT_CORRECT
569750.070 DISPLAY_SCREEN SEQUENCE.SEQUENCE.SEQUENCE.DISPLAY_SCREEN (BEGIN) 
569752.657 DISPLAY_SCREEN SEQUENCE.SEQUENCE.SEQUENCE.DISPLAY_SCREEN
577752.713 TIMER SEQUENCE.SEQUENCE.SEQUENCE.TIMER
577788.063 SetValueAction 
577815.605 DISPLAY_SCREEN SEQUENCE.SEQUENCE.SEQUENCE.DISPLAY_SCREEN (BEGIN) 
578466.656 EL_CAMERA_SETUP SEQUENCE.EL_CAMERA_SETUP
578581.157 PREPARE_SEQUENCE SEQUENCE.SEQUENCE.PREPARE_SEQUENCE
582398.367 DRIFT_CORRECT SEQUENCE.SEQUENCE.DRIFT_CORRECT
582570.308 DISPLAY_SCREEN SEQUENCE.SEQUENCE.SEQUENCE.DISPLAY_SCREEN (BEGIN) 
582584.630 DISPLAY_SCREEN SEQUENCE.SEQUENCE.SEQUENCE.DISPLAY_SCREEN
590584.665 TRACKER_TIME 8 7840337.268
590584.699 TIMER SEQUENCE.SEQUENCE.SEQUENCE.TIMER
590620.060 SetValueAction 
590648.432 DISPLAY_SCREEN SEQUENCE.SEQUENCE.SEQUENCE.DISPLAY_SCREEN (BEGIN) 
591449.583 EL_CAMERA_SETUP SEQUENCE.EL_CAMERA_SETUP
591565.162 PREPARE_SEQUENCE SEQUENCE.SEQUENCE.PREPARE_SEQUENCE
592882.574 DRIFT_CORRECT SEQUENCE.SEQUENCE.DRIFT_CORRECT
592968.177 DISPLAY_SCREEN SEQUENCE.SEQUENCE.SEQUENCE.DISPLAY_SCREEN (BEGIN) 
592983.499 DISPLAY_SCREEN SEQUENCE.SEQUENCE.SEQUENCE.DISPLAY_SCREEN
600983.512 TIMER SEQUENCE.SEQUENCE.SEQUENCE.TIMER
601020.062 SetValueAction 
601047.289 DISPLAY_SCREEN SEQUENCE.SEQUENCE.SEQUENCE.DISPLAY_SCREEN (BEGIN) 
601570.565 EL_CAMERA_SETUP SEQUENCE.EL_CAMERA_SETUP
601685.174 PREPARE_SEQUENCE SEQUENCE.SEQUENCE.PREPARE_SEQUENCE
602490.831 DRIFT_CORRECT SEQUENCE.SEQUENCE.DRIFT_CORRECT
602617.621 DISPLAY_SCREEN SEQUENCE.SEQUENCE.SEQUENCE.DISPLAY_SCREEN (BEGIN) 
602632.460 DISPLAY_SCREEN SEQUENCE.SEQUENCE.SEQUENCE.DISPLAY_SCREEN
610632.464 TIMER SEQUENCE.SEQUENCE.SEQUENCE.TIMER
610667.059 SetValueAction 
610695.292 DISPLAY_SCREEN SEQUENCE.SEQUENCE.SEQUENCE.DISPLAY_SCREEN (BEGIN) 
611679.390 EL_CAMERA_SETUP SEQUENCE.EL_CAMERA_SETUP
611796.159 PREPARE_SEQUENCE SEQUENCE.SEQUENCE.PREPARE_SEQUENCE
612978.415 DRIFT_CORRECT SEQUENCE.SEQUENCE.DRIFT_CORRECT
613059.098 DISPLAY_SCREEN SEQUENCE.SEQUENCE.SEQUENCE.DISPLAY_SCREEN (BEGIN) 
613064.644 DISPLAY_SCREEN SEQUENCE.SEQUENCE.SEQUENCE.DISPLAY_SCREEN
621064.684 TIMER SEQUENCE.SEQUENCE.SEQUENCE.TIMER
621099.058 SetValueAction 
621124.853 DISPLAY_SCREEN SEQUENCE.SEQUENCE.SEQUENCE.DISPLAY_SCREEN (BEGIN) 
621643.151 EL_CAMERA_SETUP SEQUENCE.EL_CAMERA_SETUP
621758.154 PREPARE_SEQUENCE SEQUENCE.SEQUENCE.PREPARE_SEQUENCE
622725.234 DRIFT_CORRECT SEQUENCE.SEQUENCE.DRIFT_CORRECT
622855.654 DISPLAY_SCREEN SEQUENCE.SEQUENCE.SEQUENCE.DISPLAY_SCREEN (BEGIN) 
622863.601 DISPLAY_SCREEN SEQUENCE.SEQUENCE.SEQUENCE.DISPLAY_SCREEN
630863.631 TIMER SEQUENCE.SEQUENCE.SEQUENCE.TIMER
630903.238 DISPLAY_SCREEN[1] DISPLAY_SCREEN[1] (BEGIN) 
630912.717 DISPLAY_SCREEN[1] DISPLAY_SCREEN[1]
634912.730 TIMER[1] TIMER[1]
el_logger: Quit logger.
******** END OF THE LOG FILE ********
