22049.516 ********************************************************
22049.611 ** Session beginning Tuesday March 29, 2022 03:01:15 AM **
22049.619 ** ExperimentBuilder Project : h1 **
22049.624 ** ExperimentBuilder Version : 2.3.1 **
22049.629 ** ExperimentBuilder Build   : Jun 23 2020 **
22049.634 ********************************************************
22049.641 TRACKER_TIME 0 2902288.549
22415.751 DISPLAY_SCREEN DISPLAY_SCREEN (BEGIN) 
22419.465 DISPLAY_SCREEN DISPLAY_SCREEN
32419.474 TIMER TIMER
32419.600 SetValueAction 
62503.591 EL_CAMERA_SETUP SEQUENCE.EL_CAMERA_SETUP
62635.188 PREPARE_SEQUENCE SEQUENCE.SEQUENCE.PREPARE_SEQUENCE
65804.552 DRIFT_CORRECT SEQUENCE.SEQUENCE.DRIFT_CORRECT
65891.870 DISPLAY_SCREEN SEQUENCE.SEQUENCE.SEQUENCE.DISPLAY_SCREEN (BEGIN) 
65898.118 DISPLAY_SCREEN SEQUENCE.SEQUENCE.SEQUENCE.DISPLAY_SCREEN
73898.139 TIMER SEQUENCE.SEQUENCE.SEQUENCE.TIMER
73933.066 SetValueAction 
73958.646 DISPLAY_SCREEN SEQUENCE.SEQUENCE.SEQUENCE.DISPLAY_SCREEN (BEGIN) 
74797.225 EL_CAMERA_SETUP SEQUENCE.EL_CAMERA_SETUP
74911.184 PREPARE_SEQUENCE SEQUENCE.SEQUENCE.PREPARE_SEQUENCE
76709.043 DRIFT_CORRECT SEQUENCE.SEQUENCE.DRIFT_CORRECT
76792.041 DISPLAY_SCREEN SEQUENCE.SEQUENCE.SEQUENCE.DISPLAY_SCREEN (BEGIN) 
76796.921 DISPLAY_SCREEN SEQUENCE.SEQUENCE.SEQUENCE.DISPLAY_SCREEN
84796.975 TRACKER_TIME 1 2965034.901
84797.005 TIMER SEQUENCE.SEQUENCE.SEQUENCE.TIMER
84834.071 SetValueAction 
84860.430 DISPLAY_SCREEN SEQUENCE.SEQUENCE.SEQUENCE.DISPLAY_SCREEN (BEGIN) 
85872.609 EL_CAMERA_SETUP SEQUENCE.EL_CAMERA_SETUP
85986.175 PREPARE_SEQUENCE SEQUENCE.SEQUENCE.PREPARE_SEQUENCE
87314.041 DRIFT_CORRECT SEQUENCE.SEQUENCE.DRIFT_CORRECT
87438.059 DISPLAY_SCREEN SEQUENCE.SEQUENCE.SEQUENCE.DISPLAY_SCREEN (BEGIN) 
87445.774 DISPLAY_SCREEN SEQUENCE.SEQUENCE.SEQUENCE.DISPLAY_SCREEN
95445.776 TIMER SEQUENCE.SEQUENCE.SEQUENCE.TIMER
95480.062 SetValueAction 
95505.986 DISPLAY_SCREEN SEQUENCE.SEQUENCE.SEQUENCE.DISPLAY_SCREEN (BEGIN) 
97282.856 EL_CAMERA_SETUP SEQUENCE.EL_CAMERA_SETUP
97397.172 PREPARE_SEQUENCE SEQUENCE.SEQUENCE.PREPARE_SEQUENCE
100016.546 DRIFT_CORRECT SEQUENCE.SEQUENCE.DRIFT_CORRECT
100096.094 DISPLAY_SCREEN SEQUENCE.SEQUENCE.SEQUENCE.DISPLAY_SCREEN (BEGIN) 
100111.073 DISPLAY_SCREEN SEQUENCE.SEQUENCE.SEQUENCE.DISPLAY_SCREEN
108111.130 TIMER SEQUENCE.SEQUENCE.SEQUENCE.TIMER
108146.062 SetValueAction 
108173.668 DISPLAY_SCREEN SEQUENCE.SEQUENCE.SEQUENCE.DISPLAY_SCREEN (BEGIN) 
108734.985 EL_CAMERA_SETUP SEQUENCE.EL_CAMERA_SETUP
108849.173 PREPARE_SEQUENCE SEQUENCE.SEQUENCE.PREPARE_SEQUENCE
110339.608 DRIFT_CORRECT SEQUENCE.SEQUENCE.DRIFT_CORRECT
110478.616 DISPLAY_SCREEN SEQUENCE.SEQUENCE.SEQUENCE.DISPLAY_SCREEN (BEGIN) 
110493.285 DISPLAY_SCREEN SEQUENCE.SEQUENCE.SEQUENCE.DISPLAY_SCREEN
118493.290 TIMER SEQUENCE.SEQUENCE.SEQUENCE.TIMER
118528.061 SetValueAction 
118553.022 DISPLAY_SCREEN SEQUENCE.SEQUENCE.SEQUENCE.DISPLAY_SCREEN (BEGIN) 
119760.676 EL_CAMERA_SETUP SEQUENCE.EL_CAMERA_SETUP
119876.181 PREPARE_SEQUENCE SEQUENCE.SEQUENCE.PREPARE_SEQUENCE
121108.226 DRIFT_CORRECT SEQUENCE.SEQUENCE.DRIFT_CORRECT
121189.064 DISPLAY_SCREEN SEQUENCE.SEQUENCE.SEQUENCE.DISPLAY_SCREEN (BEGIN) 
121192.125 DISPLAY_SCREEN SEQUENCE.SEQUENCE.SEQUENCE.DISPLAY_SCREEN
129192.169 TIMER SEQUENCE.SEQUENCE.SEQUENCE.TIMER
129228.060 SetValueAction 
129254.562 DISPLAY_SCREEN SEQUENCE.SEQUENCE.SEQUENCE.DISPLAY_SCREEN (BEGIN) 
130421.093 EL_CAMERA_SETUP SEQUENCE.EL_CAMERA_SETUP
130535.172 PREPARE_SEQUENCE SEQUENCE.SEQUENCE.PREPARE_SEQUENCE
137496.434 DRIFT_CORRECT SEQUENCE.SEQUENCE.DRIFT_CORRECT
137577.144 DISPLAY_SCREEN SEQUENCE.SEQUENCE.SEQUENCE.DISPLAY_SCREEN (BEGIN) 
137590.394 DISPLAY_SCREEN SEQUENCE.SEQUENCE.SEQUENCE.DISPLAY_SCREEN
145590.403 TRACKER_TIME 2 3025827.209
145590.435 TIMER SEQUENCE.SEQUENCE.SEQUENCE.TIMER
145625.058 SetValueAction 
145651.844 DISPLAY_SCREEN SEQUENCE.SEQUENCE.SEQUENCE.DISPLAY_SCREEN (BEGIN) 
146450.803 EL_CAMERA_SETUP SEQUENCE.EL_CAMERA_SETUP
146565.154 PREPARE_SEQUENCE SEQUENCE.SEQUENCE.PREPARE_SEQUENCE
148128.047 DRIFT_CORRECT SEQUENCE.SEQUENCE.DRIFT_CORRECT
148212.097 DISPLAY_SCREEN SEQUENCE.SEQUENCE.SEQUENCE.DISPLAY_SCREEN (BEGIN) 
148222.568 DISPLAY_SCREEN SEQUENCE.SEQUENCE.SEQUENCE.DISPLAY_SCREEN
156222.609 TIMER SEQUENCE.SEQUENCE.SEQUENCE.TIMER
156258.063 SetValueAction 
156285.251 DISPLAY_SCREEN SEQUENCE.SEQUENCE.SEQUENCE.DISPLAY_SCREEN (BEGIN) 
157617.284 EL_CAMERA_SETUP SEQUENCE.EL_CAMERA_SETUP
157731.184 PREPARE_SEQUENCE SEQUENCE.SEQUENCE.PREPARE_SEQUENCE
158871.910 DRIFT_CORRECT SEQUENCE.SEQUENCE.DRIFT_CORRECT
158956.617 DISPLAY_SCREEN SEQUENCE.SEQUENCE.SEQUENCE.DISPLAY_SCREEN (BEGIN) 
158971.410 DISPLAY_SCREEN SEQUENCE.SEQUENCE.SEQUENCE.DISPLAY_SCREEN
166971.416 TIMER SEQUENCE.SEQUENCE.SEQUENCE.TIMER
167006.068 SetValueAction 
167033.435 DISPLAY_SCREEN SEQUENCE.SEQUENCE.SEQUENCE.DISPLAY_SCREEN (BEGIN) 
168312.729 EL_CAMERA_SETUP SEQUENCE.EL_CAMERA_SETUP
168426.164 PREPARE_SEQUENCE SEQUENCE.SEQUENCE.PREPARE_SEQUENCE
169570.074 DRIFT_CORRECT SEQUENCE.SEQUENCE.DRIFT_CORRECT
169651.089 DISPLAY_SCREEN SEQUENCE.SEQUENCE.SEQUENCE.DISPLAY_SCREEN (BEGIN) 
169653.574 DISPLAY_SCREEN SEQUENCE.SEQUENCE.SEQUENCE.DISPLAY_SCREEN
177653.585 TIMER SEQUENCE.SEQUENCE.SEQUENCE.TIMER
177688.061 SetValueAction 
177713.947 DISPLAY_SCREEN SEQUENCE.SEQUENCE.SEQUENCE.DISPLAY_SCREEN (BEGIN) 
178881.772 EL_CAMERA_SETUP SEQUENCE.EL_CAMERA_SETUP
178995.179 PREPARE_SEQUENCE SEQUENCE.SEQUENCE.PREPARE_SEQUENCE
180106.541 DRIFT_CORRECT SEQUENCE.SEQUENCE.DRIFT_CORRECT
180228.977 DISPLAY_SCREEN SEQUENCE.SEQUENCE.SEQUENCE.DISPLAY_SCREEN (BEGIN) 
180235.764 DISPLAY_SCREEN SEQUENCE.SEQUENCE.SEQUENCE.DISPLAY_SCREEN
188235.771 TIMER SEQUENCE.SEQUENCE.SEQUENCE.TIMER
188271.061 SetValueAction 
188298.793 DISPLAY_SCREEN SEQUENCE.SEQUENCE.SEQUENCE.DISPLAY_SCREEN (BEGIN) 
189703.051 EL_CAMERA_SETUP SEQUENCE.EL_CAMERA_SETUP
189817.159 PREPARE_SEQUENCE SEQUENCE.SEQUENCE.PREPARE_SEQUENCE
190848.067 DRIFT_CORRECT SEQUENCE.SEQUENCE.DRIFT_CORRECT
191002.230 DISPLAY_SCREEN SEQUENCE.SEQUENCE.SEQUENCE.DISPLAY_SCREEN (BEGIN) 
191017.954 DISPLAY_SCREEN SEQUENCE.SEQUENCE.SEQUENCE.DISPLAY_SCREEN
199017.962 TIMER SEQUENCE.SEQUENCE.SEQUENCE.TIMER
199053.060 SetValueAction 
199082.442 DISPLAY_SCREEN SEQUENCE.SEQUENCE.SEQUENCE.DISPLAY_SCREEN (BEGIN) 
200115.229 EL_CAMERA_SETUP SEQUENCE.EL_CAMERA_SETUP
200229.153 PREPARE_SEQUENCE SEQUENCE.SEQUENCE.PREPARE_SEQUENCE
201540.539 DRIFT_CORRECT SEQUENCE.SEQUENCE.DRIFT_CORRECT
201672.155 DISPLAY_SCREEN SEQUENCE.SEQUENCE.SEQUENCE.DISPLAY_SCREEN (BEGIN) 
201683.452 DISPLAY_SCREEN SEQUENCE.SEQUENCE.SEQUENCE.DISPLAY_SCREEN
209683.478 TRACKER_TIME 3 3089919.122
209683.517 TIMER SEQUENCE.SEQUENCE.SEQUENCE.TIMER
209718.062 SetValueAction 
209742.505 DISPLAY_SCREEN SEQUENCE.SEQUENCE.SEQUENCE.DISPLAY_SCREEN (BEGIN) 
211132.179 EL_CAMERA_SETUP SEQUENCE.EL_CAMERA_SETUP
211246.159 PREPARE_SEQUENCE SEQUENCE.SEQUENCE.PREPARE_SEQUENCE
212433.865 DRIFT_CORRECT SEQUENCE.SEQUENCE.DRIFT_CORRECT
212562.096 DISPLAY_SCREEN SEQUENCE.SEQUENCE.SEQUENCE.DISPLAY_SCREEN (BEGIN) 
212565.613 DISPLAY_SCREEN SEQUENCE.SEQUENCE.SEQUENCE.DISPLAY_SCREEN
220565.645 TIMER SEQUENCE.SEQUENCE.SEQUENCE.TIMER
220600.069 SetValueAction 
220627.623 DISPLAY_SCREEN SEQUENCE.SEQUENCE.SEQUENCE.DISPLAY_SCREEN (BEGIN) 
222028.645 EL_CAMERA_SETUP SEQUENCE.EL_CAMERA_SETUP
222143.158 PREPARE_SEQUENCE SEQUENCE.SEQUENCE.PREPARE_SEQUENCE
223799.150 DRIFT_CORRECT SEQUENCE.SEQUENCE.DRIFT_CORRECT
223885.155 DISPLAY_SCREEN SEQUENCE.SEQUENCE.SEQUENCE.DISPLAY_SCREEN (BEGIN) 
223897.751 DISPLAY_SCREEN SEQUENCE.SEQUENCE.SEQUENCE.DISPLAY_SCREEN
231897.787 TIMER SEQUENCE.SEQUENCE.SEQUENCE.TIMER
231933.060 SetValueAction 
231961.722 DISPLAY_SCREEN SEQUENCE.SEQUENCE.SEQUENCE.DISPLAY_SCREEN (BEGIN) 
233169.428 EL_CAMERA_SETUP SEQUENCE.EL_CAMERA_SETUP
233283.154 PREPARE_SEQUENCE SEQUENCE.SEQUENCE.PREPARE_SEQUENCE
234600.464 DRIFT_CORRECT SEQUENCE.SEQUENCE.DRIFT_CORRECT
234687.642 DISPLAY_SCREEN SEQUENCE.SEQUENCE.SEQUENCE.DISPLAY_SCREEN (BEGIN) 
234696.563 DISPLAY_SCREEN SEQUENCE.SEQUENCE.SEQUENCE.DISPLAY_SCREEN
242696.597 TIMER SEQUENCE.SEQUENCE.SEQUENCE.TIMER
242732.061 SetValueAction 
242760.442 DISPLAY_SCREEN SEQUENCE.SEQUENCE.SEQUENCE.DISPLAY_SCREEN (BEGIN) 
243977.525 EL_CAMERA_SETUP SEQUENCE.EL_CAMERA_SETUP
244091.181 PREPARE_SEQUENCE SEQUENCE.SEQUENCE.PREPARE_SEQUENCE
245410.389 DRIFT_CORRECT SEQUENCE.SEQUENCE.DRIFT_CORRECT
245497.095 DISPLAY_SCREEN SEQUENCE.SEQUENCE.SEQUENCE.DISPLAY_SCREEN (BEGIN) 
245512.078 DISPLAY_SCREEN SEQUENCE.SEQUENCE.SEQUENCE.DISPLAY_SCREEN
253512.110 TIMER SEQUENCE.SEQUENCE.SEQUENCE.TIMER
253548.065 SetValueAction 
253574.925 DISPLAY_SCREEN SEQUENCE.SEQUENCE.SEQUENCE.DISPLAY_SCREEN (BEGIN) 
254666.195 EL_CAMERA_SETUP SEQUENCE.EL_CAMERA_SETUP
254780.159 PREPARE_SEQUENCE SEQUENCE.SEQUENCE.PREPARE_SEQUENCE
256285.245 DRIFT_CORRECT SEQUENCE.SEQUENCE.DRIFT_CORRECT
256375.070 DISPLAY_SCREEN SEQUENCE.SEQUENCE.SEQUENCE.DISPLAY_SCREEN (BEGIN) 
256377.552 DISPLAY_SCREEN SEQUENCE.SEQUENCE.SEQUENCE.DISPLAY_SCREEN
264377.558 TIMER SEQUENCE.SEQUENCE.SEQUENCE.TIMER
264413.062 SetValueAction 
264441.019 DISPLAY_SCREEN SEQUENCE.SEQUENCE.SEQUENCE.DISPLAY_SCREEN (BEGIN) 
265777.224 EL_CAMERA_SETUP SEQUENCE.EL_CAMERA_SETUP
265891.154 PREPARE_SEQUENCE SEQUENCE.SEQUENCE.PREPARE_SEQUENCE
267848.432 DRIFT_CORRECT SEQUENCE.SEQUENCE.DRIFT_CORRECT
268107.154 DISPLAY_SCREEN SEQUENCE.SEQUENCE.SEQUENCE.DISPLAY_SCREEN (BEGIN) 
268109.631 DISPLAY_SCREEN SEQUENCE.SEQUENCE.SEQUENCE.DISPLAY_SCREEN
276109.631 TRACKER_TIME 4 3156344.104
276109.663 TIMER SEQUENCE.SEQUENCE.SEQUENCE.TIMER
276144.058 SetValueAction 
276172.495 DISPLAY_SCREEN SEQUENCE.SEQUENCE.SEQUENCE.DISPLAY_SCREEN (BEGIN) 
277643.255 EL_CAMERA_SETUP SEQUENCE.EL_CAMERA_SETUP
277758.166 PREPARE_SEQUENCE SEQUENCE.SEQUENCE.PREPARE_SEQUENCE
278870.868 DRIFT_CORRECT SEQUENCE.SEQUENCE.DRIFT_CORRECT
278960.624 DISPLAY_SCREEN SEQUENCE.SEQUENCE.SEQUENCE.DISPLAY_SCREEN (BEGIN) 
278975.144 DISPLAY_SCREEN SEQUENCE.SEQUENCE.SEQUENCE.DISPLAY_SCREEN
286975.167 TIMER SEQUENCE.SEQUENCE.SEQUENCE.TIMER
287011.059 SetValueAction 
287038.902 DISPLAY_SCREEN SEQUENCE.SEQUENCE.SEQUENCE.DISPLAY_SCREEN (BEGIN) 
288088.191 EL_CAMERA_SETUP SEQUENCE.EL_CAMERA_SETUP
288202.178 PREPARE_SEQUENCE SEQUENCE.SEQUENCE.PREPARE_SEQUENCE
289670.916 DRIFT_CORRECT SEQUENCE.SEQUENCE.DRIFT_CORRECT
289791.070 DISPLAY_SCREEN SEQUENCE.SEQUENCE.SEQUENCE.DISPLAY_SCREEN (BEGIN) 
289807.293 DISPLAY_SCREEN SEQUENCE.SEQUENCE.SEQUENCE.DISPLAY_SCREEN
297807.324 TIMER SEQUENCE.SEQUENCE.SEQUENCE.TIMER
297843.061 SetValueAction 
297870.807 DISPLAY_SCREEN SEQUENCE.SEQUENCE.SEQUENCE.DISPLAY_SCREEN (BEGIN) 
299001.933 EL_CAMERA_SETUP SEQUENCE.EL_CAMERA_SETUP
299115.164 PREPARE_SEQUENCE SEQUENCE.SEQUENCE.PREPARE_SEQUENCE
300277.352 DRIFT_CORRECT SEQUENCE.SEQUENCE.DRIFT_CORRECT
300358.182 DISPLAY_SCREEN SEQUENCE.SEQUENCE.SEQUENCE.DISPLAY_SCREEN (BEGIN) 
300372.835 DISPLAY_SCREEN SEQUENCE.SEQUENCE.SEQUENCE.DISPLAY_SCREEN
308372.825 TIMER SEQUENCE.SEQUENCE.SEQUENCE.TIMER
308409.068 SetValueAction 
308436.292 DISPLAY_SCREEN SEQUENCE.SEQUENCE.SEQUENCE.DISPLAY_SCREEN (BEGIN) 
309828.190 EL_CAMERA_SETUP SEQUENCE.EL_CAMERA_SETUP
309942.156 PREPARE_SEQUENCE SEQUENCE.SEQUENCE.PREPARE_SEQUENCE
311077.881 DRIFT_CORRECT SEQUENCE.SEQUENCE.DRIFT_CORRECT
311161.135 DISPLAY_SCREEN SEQUENCE.SEQUENCE.SEQUENCE.DISPLAY_SCREEN (BEGIN) 
311171.646 DISPLAY_SCREEN SEQUENCE.SEQUENCE.SEQUENCE.DISPLAY_SCREEN
319171.707 TIMER SEQUENCE.SEQUENCE.SEQUENCE.TIMER
319206.062 SetValueAction 
319233.220 DISPLAY_SCREEN SEQUENCE.SEQUENCE.SEQUENCE.DISPLAY_SCREEN (BEGIN) 
320297.859 EL_CAMERA_SETUP SEQUENCE.EL_CAMERA_SETUP
320412.161 PREPARE_SEQUENCE SEQUENCE.SEQUENCE.PREPARE_SEQUENCE
323104.197 DRIFT_CORRECT SEQUENCE.SEQUENCE.DRIFT_CORRECT
323221.617 DISPLAY_SCREEN SEQUENCE.SEQUENCE.SEQUENCE.DISPLAY_SCREEN (BEGIN) 
323237.032 DISPLAY_SCREEN SEQUENCE.SEQUENCE.SEQUENCE.DISPLAY_SCREEN
331237.032 TIMER SEQUENCE.SEQUENCE.SEQUENCE.TIMER
331272.058 SetValueAction 
331298.914 DISPLAY_SCREEN SEQUENCE.SEQUENCE.SEQUENCE.DISPLAY_SCREEN (BEGIN) 
332145.150 EL_CAMERA_SETUP SEQUENCE.EL_CAMERA_SETUP
332259.159 PREPARE_SEQUENCE SEQUENCE.SEQUENCE.PREPARE_SEQUENCE
333247.960 DRIFT_CORRECT SEQUENCE.SEQUENCE.DRIFT_CORRECT
333363.049 DISPLAY_SCREEN SEQUENCE.SEQUENCE.SEQUENCE.DISPLAY_SCREEN (BEGIN) 
333369.263 DISPLAY_SCREEN SEQUENCE.SEQUENCE.SEQUENCE.DISPLAY_SCREEN
341369.302 TRACKER_TIME 5 3221602.213
341369.332 TIMER SEQUENCE.SEQUENCE.SEQUENCE.TIMER
341405.063 SetValueAction 
341432.265 DISPLAY_SCREEN SEQUENCE.SEQUENCE.SEQUENCE.DISPLAY_SCREEN (BEGIN) 
342504.470 EL_CAMERA_SETUP SEQUENCE.EL_CAMERA_SETUP
342619.188 PREPARE_SEQUENCE SEQUENCE.SEQUENCE.PREPARE_SEQUENCE
343796.693 DRIFT_CORRECT SEQUENCE.SEQUENCE.DRIFT_CORRECT
343930.116 DISPLAY_SCREEN SEQUENCE.SEQUENCE.SEQUENCE.DISPLAY_SCREEN (BEGIN) 
343934.794 DISPLAY_SCREEN SEQUENCE.SEQUENCE.SEQUENCE.DISPLAY_SCREEN
351934.794 TIMER SEQUENCE.SEQUENCE.SEQUENCE.TIMER
351969.062 SetValueAction 
351996.642 DISPLAY_SCREEN SEQUENCE.SEQUENCE.SEQUENCE.DISPLAY_SCREEN (BEGIN) 
353201.885 EL_CAMERA_SETUP SEQUENCE.EL_CAMERA_SETUP
353316.152 PREPARE_SEQUENCE SEQUENCE.SEQUENCE.PREPARE_SEQUENCE
354227.851 DRIFT_CORRECT SEQUENCE.SEQUENCE.DRIFT_CORRECT
354309.967 DISPLAY_SCREEN SEQUENCE.SEQUENCE.SEQUENCE.DISPLAY_SCREEN (BEGIN) 
354317.037 DISPLAY_SCREEN SEQUENCE.SEQUENCE.SEQUENCE.DISPLAY_SCREEN
362317.033 TIMER SEQUENCE.SEQUENCE.SEQUENCE.TIMER
362353.064 SetValueAction 
362381.708 DISPLAY_SCREEN SEQUENCE.SEQUENCE.SEQUENCE.DISPLAY_SCREEN (BEGIN) 
363106.124 EL_CAMERA_SETUP SEQUENCE.EL_CAMERA_SETUP
363220.171 PREPARE_SEQUENCE SEQUENCE.SEQUENCE.PREPARE_SEQUENCE
364486.333 DRIFT_CORRECT SEQUENCE.SEQUENCE.DRIFT_CORRECT
364616.046 DISPLAY_SCREEN SEQUENCE.SEQUENCE.SEQUENCE.DISPLAY_SCREEN (BEGIN) 
364632.568 DISPLAY_SCREEN SEQUENCE.SEQUENCE.SEQUENCE.DISPLAY_SCREEN
372632.570 TIMER SEQUENCE.SEQUENCE.SEQUENCE.TIMER
372669.065 SetValueAction 
372696.886 DISPLAY_SCREEN SEQUENCE.SEQUENCE.SEQUENCE.DISPLAY_SCREEN (BEGIN) 
374268.561 EL_CAMERA_SETUP SEQUENCE.EL_CAMERA_SETUP
374384.163 PREPARE_SEQUENCE SEQUENCE.SEQUENCE.PREPARE_SEQUENCE
375846.790 DRIFT_CORRECT SEQUENCE.SEQUENCE.DRIFT_CORRECT
375978.113 DISPLAY_SCREEN SEQUENCE.SEQUENCE.SEQUENCE.DISPLAY_SCREEN (BEGIN) 
375981.319 DISPLAY_SCREEN SEQUENCE.SEQUENCE.SEQUENCE.DISPLAY_SCREEN
383981.366 TIMER SEQUENCE.SEQUENCE.SEQUENCE.TIMER
384016.058 SetValueAction 
384044.346 DISPLAY_SCREEN SEQUENCE.SEQUENCE.SEQUENCE.DISPLAY_SCREEN (BEGIN) 
384765.485 EL_CAMERA_SETUP SEQUENCE.EL_CAMERA_SETUP
384880.157 PREPARE_SEQUENCE SEQUENCE.SEQUENCE.PREPARE_SEQUENCE
386297.984 DRIFT_CORRECT SEQUENCE.SEQUENCE.DRIFT_CORRECT
386428.084 DISPLAY_SCREEN SEQUENCE.SEQUENCE.SEQUENCE.DISPLAY_SCREEN (BEGIN) 
386430.192 DISPLAY_SCREEN SEQUENCE.SEQUENCE.SEQUENCE.DISPLAY_SCREEN
394430.192 TIMER SEQUENCE.SEQUENCE.SEQUENCE.TIMER
394466.066 SetValueAction 
394494.639 DISPLAY_SCREEN SEQUENCE.SEQUENCE.SEQUENCE.DISPLAY_SCREEN (BEGIN) 
395450.008 EL_CAMERA_SETUP SEQUENCE.EL_CAMERA_SETUP
395564.169 PREPARE_SEQUENCE SEQUENCE.SEQUENCE.PREPARE_SEQUENCE
397083.182 DRIFT_CORRECT SEQUENCE.SEQUENCE.DRIFT_CORRECT
397167.521 DISPLAY_SCREEN SEQUENCE.SEQUENCE.SEQUENCE.DISPLAY_SCREEN (BEGIN) 
397179.058 DISPLAY_SCREEN SEQUENCE.SEQUENCE.SEQUENCE.DISPLAY_SCREEN
405179.079 TRACKER_TIME 6 3285411.243
405179.112 TIMER SEQUENCE.SEQUENCE.SEQUENCE.TIMER
405215.062 SetValueAction 
405242.744 DISPLAY_SCREEN SEQUENCE.SEQUENCE.SEQUENCE.DISPLAY_SCREEN (BEGIN) 
406444.327 EL_CAMERA_SETUP SEQUENCE.EL_CAMERA_SETUP
406558.179 PREPARE_SEQUENCE SEQUENCE.SEQUENCE.PREPARE_SEQUENCE
407440.310 DRIFT_CORRECT SEQUENCE.SEQUENCE.DRIFT_CORRECT
407575.125 DISPLAY_SCREEN SEQUENCE.SEQUENCE.SEQUENCE.DISPLAY_SCREEN (BEGIN) 
407577.915 DISPLAY_SCREEN SEQUENCE.SEQUENCE.SEQUENCE.DISPLAY_SCREEN
415577.957 TIMER SEQUENCE.SEQUENCE.SEQUENCE.TIMER
415613.060 SetValueAction 
415637.119 DISPLAY_SCREEN SEQUENCE.SEQUENCE.SEQUENCE.DISPLAY_SCREEN (BEGIN) 
416871.056 EL_CAMERA_SETUP SEQUENCE.EL_CAMERA_SETUP
416985.158 PREPARE_SEQUENCE SEQUENCE.SEQUENCE.PREPARE_SEQUENCE
420021.802 DRIFT_CORRECT SEQUENCE.SEQUENCE.DRIFT_CORRECT
420150.677 DISPLAY_SCREEN SEQUENCE.SEQUENCE.SEQUENCE.DISPLAY_SCREEN (BEGIN) 
420159.904 DISPLAY_SCREEN SEQUENCE.SEQUENCE.SEQUENCE.DISPLAY_SCREEN
428159.944 TIMER SEQUENCE.SEQUENCE.SEQUENCE.TIMER
428195.065 SetValueAction 
428220.005 DISPLAY_SCREEN SEQUENCE.SEQUENCE.SEQUENCE.DISPLAY_SCREEN (BEGIN) 
429666.440 EL_CAMERA_SETUP SEQUENCE.EL_CAMERA_SETUP
429780.158 PREPARE_SEQUENCE SEQUENCE.SEQUENCE.PREPARE_SEQUENCE
431623.181 DRIFT_CORRECT SEQUENCE.SEQUENCE.DRIFT_CORRECT
431703.999 DISPLAY_SCREEN SEQUENCE.SEQUENCE.SEQUENCE.DISPLAY_SCREEN (BEGIN) 
431708.655 DISPLAY_SCREEN SEQUENCE.SEQUENCE.SEQUENCE.DISPLAY_SCREEN
439708.671 TIMER SEQUENCE.SEQUENCE.SEQUENCE.TIMER
439745.058 SetValueAction 
439772.405 DISPLAY_SCREEN SEQUENCE.SEQUENCE.SEQUENCE.DISPLAY_SCREEN (BEGIN) 
440976.883 EL_CAMERA_SETUP SEQUENCE.EL_CAMERA_SETUP
441091.180 PREPARE_SEQUENCE SEQUENCE.SEQUENCE.PREPARE_SEQUENCE
443475.751 DRIFT_CORRECT SEQUENCE.SEQUENCE.DRIFT_CORRECT
443559.617 DISPLAY_SCREEN SEQUENCE.SEQUENCE.SEQUENCE.DISPLAY_SCREEN (BEGIN) 
443574.045 DISPLAY_SCREEN SEQUENCE.SEQUENCE.SEQUENCE.DISPLAY_SCREEN
451574.064 TIMER SEQUENCE.SEQUENCE.SEQUENCE.TIMER
451609.059 SetValueAction 
451636.797 DISPLAY_SCREEN SEQUENCE.SEQUENCE.SEQUENCE.DISPLAY_SCREEN (BEGIN) 
453847.738 EL_CAMERA_SETUP SEQUENCE.EL_CAMERA_SETUP
453962.157 PREPARE_SEQUENCE SEQUENCE.SEQUENCE.PREPARE_SEQUENCE
455148.653 DRIFT_CORRECT SEQUENCE.SEQUENCE.DRIFT_CORRECT
455241.616 DISPLAY_SCREEN SEQUENCE.SEQUENCE.SEQUENCE.DISPLAY_SCREEN (BEGIN) 
455256.119 DISPLAY_SCREEN SEQUENCE.SEQUENCE.SEQUENCE.DISPLAY_SCREEN
463256.125 TIMER SEQUENCE.SEQUENCE.SEQUENCE.TIMER
463292.058 SetValueAction 
463319.582 DISPLAY_SCREEN SEQUENCE.SEQUENCE.SEQUENCE.DISPLAY_SCREEN (BEGIN) 
464504.999 EL_CAMERA_SETUP SEQUENCE.EL_CAMERA_SETUP
464620.160 PREPARE_SEQUENCE SEQUENCE.SEQUENCE.PREPARE_SEQUENCE
465975.742 TRACKER_TIME 7 3346206.828
465975.763 DRIFT_CORRECT SEQUENCE.SEQUENCE.DRIFT_CORRECT
466056.112 DISPLAY_SCREEN SEQUENCE.SEQUENCE.SEQUENCE.DISPLAY_SCREEN (BEGIN) 
466071.609 DISPLAY_SCREEN SEQUENCE.SEQUENCE.SEQUENCE.DISPLAY_SCREEN
474071.638 TIMER SEQUENCE.SEQUENCE.SEQUENCE.TIMER
474106.065 SetValueAction 
474134.792 DISPLAY_SCREEN SEQUENCE.SEQUENCE.SEQUENCE.DISPLAY_SCREEN (BEGIN) 
476026.862 EL_CAMERA_SETUP SEQUENCE.EL_CAMERA_SETUP
476141.178 PREPARE_SEQUENCE SEQUENCE.SEQUENCE.PREPARE_SEQUENCE
477116.169 DRIFT_CORRECT SEQUENCE.SEQUENCE.DRIFT_CORRECT
477246.067 DISPLAY_SCREEN SEQUENCE.SEQUENCE.SEQUENCE.DISPLAY_SCREEN (BEGIN) 
477253.743 DISPLAY_SCREEN SEQUENCE.SEQUENCE.SEQUENCE.DISPLAY_SCREEN
485253.778 TIMER SEQUENCE.SEQUENCE.SEQUENCE.TIMER
485288.061 SetValueAction 
485315.683 DISPLAY_SCREEN SEQUENCE.SEQUENCE.SEQUENCE.DISPLAY_SCREEN (BEGIN) 
486390.629 EL_CAMERA_SETUP SEQUENCE.EL_CAMERA_SETUP
486507.161 PREPARE_SEQUENCE SEQUENCE.SEQUENCE.PREPARE_SEQUENCE
487503.476 DRIFT_CORRECT SEQUENCE.SEQUENCE.DRIFT_CORRECT
487583.051 DISPLAY_SCREEN SEQUENCE.SEQUENCE.SEQUENCE.DISPLAY_SCREEN (BEGIN) 
487585.947 DISPLAY_SCREEN SEQUENCE.SEQUENCE.SEQUENCE.DISPLAY_SCREEN
495585.955 TIMER SEQUENCE.SEQUENCE.SEQUENCE.TIMER
495620.062 SetValueAction 
495648.309 DISPLAY_SCREEN SEQUENCE.SEQUENCE.SEQUENCE.DISPLAY_SCREEN (BEGIN) 
496793.563 EL_CAMERA_SETUP SEQUENCE.EL_CAMERA_SETUP
496910.176 PREPARE_SEQUENCE SEQUENCE.SEQUENCE.PREPARE_SEQUENCE
498073.129 DRIFT_CORRECT SEQUENCE.SEQUENCE.DRIFT_CORRECT
498194.999 DISPLAY_SCREEN SEQUENCE.SEQUENCE.SEQUENCE.DISPLAY_SCREEN (BEGIN) 
498201.473 DISPLAY_SCREEN SEQUENCE.SEQUENCE.SEQUENCE.DISPLAY_SCREEN
506201.499 TIMER SEQUENCE.SEQUENCE.SEQUENCE.TIMER
506237.066 SetValueAction 
506263.125 DISPLAY_SCREEN SEQUENCE.SEQUENCE.SEQUENCE.DISPLAY_SCREEN (BEGIN) 
507196.088 EL_CAMERA_SETUP SEQUENCE.EL_CAMERA_SETUP
507311.173 PREPARE_SEQUENCE SEQUENCE.SEQUENCE.PREPARE_SEQUENCE
508708.014 DRIFT_CORRECT SEQUENCE.SEQUENCE.DRIFT_CORRECT
508792.554 DISPLAY_SCREEN SEQUENCE.SEQUENCE.SEQUENCE.DISPLAY_SCREEN (BEGIN) 
508800.334 DISPLAY_SCREEN SEQUENCE.SEQUENCE.SEQUENCE.DISPLAY_SCREEN
516800.377 TIMER SEQUENCE.SEQUENCE.SEQUENCE.TIMER
516839.179 DISPLAY_SCREEN[1] DISPLAY_SCREEN[1] (BEGIN) 
516849.465 DISPLAY_SCREEN[1] DISPLAY_SCREEN[1]
520849.503 TIMER[1] TIMER[1]
el_logger: Quit logger.
******** END OF THE LOG FILE ********
