error.log for eyelink_core created on Jun 23 2020 17:23:26
CommandLine:"C:\Users\WHU\Desktop\WZC20210907\deploy1\deploy1.exe" 
AvSetMmThreadCharacteristics failed!
AvSetMmThreadPriority failed!
MMCSS_activate 1  1240
setSystemProfileParameter(SystemResponsiveness) 20
setSystemProfileParameter(NetworkThrottlingIndex) 10
Updated to responsiveness=20 networkthrottle=10
Attempting to stop service mmcss
Service stop pending...

Service stop pending...

Service stop pending...

Service stop pending...

Service stop pending...

Service stop pending...

Service stop pending...

Service stop pending...

Service stop pending...

Service stop pending...

Service stop pending...

Service stop pending...

Service stop pending...

Service stop pending...

Service stop pending...

Service stop pending...

Service stop pending...

Service stop pending...

Service stop pending...

Service stop pending...

Service stop pending...

Service stop pending...

Service stop pending...

Service stop pending...

Service stop pending...

Service stop pending...

Service stop pending...

Service stop pending...

Service stop pending...

Service stop pending...

Service stop timed out.

error.log for eyelink_core created on Jun 23 2020 17:23:26
CommandLine:"C:\Users\WHU\Desktop\WZC20210907\deploy1\deploy1.exe" 
AvSetMmThreadCharacteristics failed!
AvSetMmThreadPriority failed!
MMCSS_activate 1  1e94
setSystemProfileParameter(SystemResponsiveness) 20
setSystemProfileParameter(NetworkThrottlingIndex) 10
Updated to responsiveness=20 networkthrottle=10
Attempting to stop service mmcss
Service stop pending...

Service stop pending...

Service stop pending...

Service stop pending...

Service stop pending...

Service stop pending...

Service stop pending...

Service stop pending...

Service stop pending...

Service stop pending...

Service stop pending...

Service stop pending...

Service stop pending...

Service stop pending...

Service stop pending...

Service stop pending...

Service stop pending...

Service stop pending...

Service stop pending...

Service stop pending...

Service stop pending...

Service stop pending...

Service stop pending...

Service stop pending...

Service stop pending...

Service stop pending...

Service stop pending...

Service stop pending...

Service stop pending...

Service stop pending...

Service stop timed out.

