18533.869 ********************************************************
18535.436 ** Session beginning Friday March 18, 2022 02:33:40 AM **
18535.439 ** ExperimentBuilder Project : lsx **
18535.441 ** ExperimentBuilder Version : 2.3.1 **
18535.442 ** ExperimentBuilder Build   : Jun 23 2020 **
18535.443 ********************************************************
18535.446 TRACKER_TIME 0 188701.324
18906.284 DISPLAY_SCREEN DISPLAY_SCREEN (BEGIN) 
18915.029 DISPLAY_SCREEN DISPLAY_SCREEN
28915.055 TIMER TIMER
28915.179 SetValueAction 
62813.118 EL_CAMERA_SETUP SEQUENCE.EL_CAMERA_SETUP
62949.925 PREPARE_SEQUENCE SEQUENCE.SEQUENCE.PREPARE_SEQUENCE
64489.433 DRIFT_CORRECT SEQUENCE.SEQUENCE.DRIFT_CORRECT
64602.472 DISPLAY_SCREEN SEQUENCE.SEQUENCE.SEQUENCE.DISPLAY_SCREEN (BEGIN) 
64610.185 DISPLAY_SCREEN SEQUENCE.SEQUENCE.SEQUENCE.DISPLAY_SCREEN
72610.175 TIMER SEQUENCE.SEQUENCE.SEQUENCE.TIMER
72646.080 SetValueAction 
72674.387 DISPLAY_SCREEN SEQUENCE.SEQUENCE.SEQUENCE.DISPLAY_SCREEN (BEGIN) 
78234.390 EL_CAMERA_SETUP SEQUENCE.EL_CAMERA_SETUP
78357.200 PREPARE_SEQUENCE SEQUENCE.SEQUENCE.PREPARE_SEQUENCE
79490.716 TRACKER_TIME 1 249655.485
79490.739 DRIFT_CORRECT SEQUENCE.SEQUENCE.DRIFT_CORRECT
79600.460 DISPLAY_SCREEN SEQUENCE.SEQUENCE.SEQUENCE.DISPLAY_SCREEN (BEGIN) 
79608.615 DISPLAY_SCREEN SEQUENCE.SEQUENCE.SEQUENCE.DISPLAY_SCREEN
87608.601 TIMER SEQUENCE.SEQUENCE.SEQUENCE.TIMER
87644.107 SetValueAction 
87675.938 DISPLAY_SCREEN SEQUENCE.SEQUENCE.SEQUENCE.DISPLAY_SCREEN (BEGIN) 
89371.167 EL_CAMERA_SETUP SEQUENCE.EL_CAMERA_SETUP
89488.193 PREPARE_SEQUENCE SEQUENCE.SEQUENCE.PREPARE_SEQUENCE
99050.995 DRIFT_CORRECT SEQUENCE.SEQUENCE.DRIFT_CORRECT
99133.134 DISPLAY_SCREEN SEQUENCE.SEQUENCE.SEQUENCE.DISPLAY_SCREEN (BEGIN) 
99139.851 DISPLAY_SCREEN SEQUENCE.SEQUENCE.SEQUENCE.DISPLAY_SCREEN
107139.835 TIMER SEQUENCE.SEQUENCE.SEQUENCE.TIMER
107175.089 SetValueAction 
107203.363 DISPLAY_SCREEN SEQUENCE.SEQUENCE.SEQUENCE.DISPLAY_SCREEN (BEGIN) 
110287.691 EL_CAMERA_SETUP SEQUENCE.EL_CAMERA_SETUP
110403.204 PREPARE_SEQUENCE SEQUENCE.SEQUENCE.PREPARE_SEQUENCE
111588.485 DRIFT_CORRECT SEQUENCE.SEQUENCE.DRIFT_CORRECT
111723.624 DISPLAY_SCREEN SEQUENCE.SEQUENCE.SEQUENCE.DISPLAY_SCREEN (BEGIN) 
111738.517 DISPLAY_SCREEN SEQUENCE.SEQUENCE.SEQUENCE.DISPLAY_SCREEN
119738.489 TIMER SEQUENCE.SEQUENCE.SEQUENCE.TIMER
119774.087 SetValueAction 
119803.581 DISPLAY_SCREEN SEQUENCE.SEQUENCE.SEQUENCE.DISPLAY_SCREEN (BEGIN) 
123216.820 EL_CAMERA_SETUP SEQUENCE.EL_CAMERA_SETUP
123332.210 PREPARE_SEQUENCE SEQUENCE.SEQUENCE.PREPARE_SEQUENCE
125524.654 DRIFT_CORRECT SEQUENCE.SEQUENCE.DRIFT_CORRECT
125614.137 DISPLAY_SCREEN SEQUENCE.SEQUENCE.SEQUENCE.DISPLAY_SCREEN (BEGIN) 
125620.364 DISPLAY_SCREEN SEQUENCE.SEQUENCE.SEQUENCE.DISPLAY_SCREEN
133620.376 TIMER SEQUENCE.SEQUENCE.SEQUENCE.TIMER
133657.065 SetValueAction 
133684.330 DISPLAY_SCREEN SEQUENCE.SEQUENCE.SEQUENCE.DISPLAY_SCREEN (BEGIN) 
135711.229 EL_CAMERA_SETUP SEQUENCE.EL_CAMERA_SETUP
135828.193 PREPARE_SEQUENCE SEQUENCE.SEQUENCE.PREPARE_SEQUENCE
138102.641 DRIFT_CORRECT SEQUENCE.SEQUENCE.DRIFT_CORRECT
138183.073 DISPLAY_SCREEN SEQUENCE.SEQUENCE.SEQUENCE.DISPLAY_SCREEN (BEGIN) 
138185.677 DISPLAY_SCREEN SEQUENCE.SEQUENCE.SEQUENCE.DISPLAY_SCREEN
146185.690 TRACKER_TIME 2 316349.249
146185.723 TIMER SEQUENCE.SEQUENCE.SEQUENCE.TIMER
146220.059 SetValueAction 
146247.397 DISPLAY_SCREEN SEQUENCE.SEQUENCE.SEQUENCE.DISPLAY_SCREEN (BEGIN) 
148051.060 EL_CAMERA_SETUP SEQUENCE.EL_CAMERA_SETUP
148166.169 PREPARE_SEQUENCE SEQUENCE.SEQUENCE.PREPARE_SEQUENCE
153546.047 DRIFT_CORRECT SEQUENCE.SEQUENCE.DRIFT_CORRECT
153673.184 DISPLAY_SCREEN SEQUENCE.SEQUENCE.SEQUENCE.DISPLAY_SCREEN (BEGIN) 
153684.027 DISPLAY_SCREEN SEQUENCE.SEQUENCE.SEQUENCE.DISPLAY_SCREEN
161684.065 TIMER SEQUENCE.SEQUENCE.SEQUENCE.TIMER
161719.065 SetValueAction 
161747.397 DISPLAY_SCREEN SEQUENCE.SEQUENCE.SEQUENCE.DISPLAY_SCREEN (BEGIN) 
162929.653 EL_CAMERA_SETUP SEQUENCE.EL_CAMERA_SETUP
163045.175 PREPARE_SEQUENCE SEQUENCE.SEQUENCE.PREPARE_SEQUENCE
164258.176 DRIFT_CORRECT SEQUENCE.SEQUENCE.DRIFT_CORRECT
164341.633 DISPLAY_SCREEN SEQUENCE.SEQUENCE.SEQUENCE.DISPLAY_SCREEN (BEGIN) 
164349.557 DISPLAY_SCREEN SEQUENCE.SEQUENCE.SEQUENCE.DISPLAY_SCREEN
172349.617 TIMER SEQUENCE.SEQUENCE.SEQUENCE.TIMER
172385.059 SetValueAction 
172413.902 DISPLAY_SCREEN SEQUENCE.SEQUENCE.SEQUENCE.DISPLAY_SCREEN (BEGIN) 
173717.011 EL_CAMERA_SETUP SEQUENCE.EL_CAMERA_SETUP
173831.183 PREPARE_SEQUENCE SEQUENCE.SEQUENCE.PREPARE_SEQUENCE
177144.414 DRIFT_CORRECT SEQUENCE.SEQUENCE.DRIFT_CORRECT
177224.926 DISPLAY_SCREEN SEQUENCE.SEQUENCE.SEQUENCE.DISPLAY_SCREEN (BEGIN) 
177231.506 DISPLAY_SCREEN SEQUENCE.SEQUENCE.SEQUENCE.DISPLAY_SCREEN
185231.511 TIMER SEQUENCE.SEQUENCE.SEQUENCE.TIMER
185268.079 SetValueAction 
185296.861 DISPLAY_SCREEN SEQUENCE.SEQUENCE.SEQUENCE.DISPLAY_SCREEN (BEGIN) 
186939.012 EL_CAMERA_SETUP SEQUENCE.EL_CAMERA_SETUP
187054.164 PREPARE_SEQUENCE SEQUENCE.SEQUENCE.PREPARE_SEQUENCE
188371.618 DRIFT_CORRECT SEQUENCE.SEQUENCE.DRIFT_CORRECT
188543.125 DISPLAY_SCREEN SEQUENCE.SEQUENCE.SEQUENCE.DISPLAY_SCREEN (BEGIN) 
188546.974 DISPLAY_SCREEN SEQUENCE.SEQUENCE.SEQUENCE.DISPLAY_SCREEN
196547.015 TIMER SEQUENCE.SEQUENCE.SEQUENCE.TIMER
196583.058 SetValueAction 
196612.253 DISPLAY_SCREEN SEQUENCE.SEQUENCE.SEQUENCE.DISPLAY_SCREEN (BEGIN) 
198716.931 EL_CAMERA_SETUP SEQUENCE.EL_CAMERA_SETUP
198831.161 PREPARE_SEQUENCE SEQUENCE.SEQUENCE.PREPARE_SEQUENCE
202940.566 DRIFT_CORRECT SEQUENCE.SEQUENCE.DRIFT_CORRECT
203063.619 DISPLAY_SCREEN SEQUENCE.SEQUENCE.SEQUENCE.DISPLAY_SCREEN (BEGIN) 
203078.772 DISPLAY_SCREEN SEQUENCE.SEQUENCE.SEQUENCE.DISPLAY_SCREEN
211078.828 TRACKER_TIME 3 381240.812
211078.860 TIMER SEQUENCE.SEQUENCE.SEQUENCE.TIMER
211114.058 SetValueAction 
211144.590 DISPLAY_SCREEN SEQUENCE.SEQUENCE.SEQUENCE.DISPLAY_SCREEN (BEGIN) 
212727.618 EL_CAMERA_SETUP SEQUENCE.EL_CAMERA_SETUP
212846.153 PREPARE_SEQUENCE SEQUENCE.SEQUENCE.PREPARE_SEQUENCE
213974.555 DRIFT_CORRECT SEQUENCE.SEQUENCE.DRIFT_CORRECT
214064.127 DISPLAY_SCREEN SEQUENCE.SEQUENCE.SEQUENCE.DISPLAY_SCREEN (BEGIN) 
214077.598 DISPLAY_SCREEN SEQUENCE.SEQUENCE.SEQUENCE.DISPLAY_SCREEN
222077.646 TIMER SEQUENCE.SEQUENCE.SEQUENCE.TIMER
222114.060 SetValueAction 
222162.249 DISPLAY_SCREEN SEQUENCE.SEQUENCE.SEQUENCE.DISPLAY_SCREEN (BEGIN) 
223888.030 EL_CAMERA_SETUP SEQUENCE.EL_CAMERA_SETUP
224003.248 PREPARE_SEQUENCE SEQUENCE.SEQUENCE.PREPARE_SEQUENCE
228791.746 DRIFT_CORRECT SEQUENCE.SEQUENCE.DRIFT_CORRECT
228929.158 DISPLAY_SCREEN SEQUENCE.SEQUENCE.SEQUENCE.DISPLAY_SCREEN (BEGIN) 
228942.668 DISPLAY_SCREEN SEQUENCE.SEQUENCE.SEQUENCE.DISPLAY_SCREEN
236942.675 TIMER SEQUENCE.SEQUENCE.SEQUENCE.TIMER
236979.064 SetValueAction 
237005.707 DISPLAY_SCREEN SEQUENCE.SEQUENCE.SEQUENCE.DISPLAY_SCREEN (BEGIN) 
238725.868 EL_CAMERA_SETUP SEQUENCE.EL_CAMERA_SETUP
238841.153 PREPARE_SEQUENCE SEQUENCE.SEQUENCE.PREPARE_SEQUENCE
240734.069 DRIFT_CORRECT SEQUENCE.SEQUENCE.DRIFT_CORRECT
240866.629 DISPLAY_SCREEN SEQUENCE.SEQUENCE.SEQUENCE.DISPLAY_SCREEN (BEGIN) 
240874.739 DISPLAY_SCREEN SEQUENCE.SEQUENCE.SEQUENCE.DISPLAY_SCREEN
248874.745 TIMER SEQUENCE.SEQUENCE.SEQUENCE.TIMER
248910.172 SetValueAction 
248939.510 DISPLAY_SCREEN SEQUENCE.SEQUENCE.SEQUENCE.DISPLAY_SCREEN (BEGIN) 
250201.589 EL_CAMERA_SETUP SEQUENCE.EL_CAMERA_SETUP
250316.166 PREPARE_SEQUENCE SEQUENCE.SEQUENCE.PREPARE_SEQUENCE
252896.793 DRIFT_CORRECT SEQUENCE.SEQUENCE.DRIFT_CORRECT
252986.014 DISPLAY_SCREEN SEQUENCE.SEQUENCE.SEQUENCE.DISPLAY_SCREEN (BEGIN) 
252990.114 DISPLAY_SCREEN SEQUENCE.SEQUENCE.SEQUENCE.DISPLAY_SCREEN
260990.140 TIMER SEQUENCE.SEQUENCE.SEQUENCE.TIMER
261025.078 SetValueAction 
261054.475 DISPLAY_SCREEN SEQUENCE.SEQUENCE.SEQUENCE.DISPLAY_SCREEN (BEGIN) 
262707.299 EL_CAMERA_SETUP SEQUENCE.EL_CAMERA_SETUP
262828.197 PREPARE_SEQUENCE SEQUENCE.SEQUENCE.PREPARE_SEQUENCE
264100.971 DRIFT_CORRECT SEQUENCE.SEQUENCE.DRIFT_CORRECT
264218.282 DISPLAY_SCREEN SEQUENCE.SEQUENCE.SEQUENCE.DISPLAY_SCREEN (BEGIN) 
264222.259 DISPLAY_SCREEN SEQUENCE.SEQUENCE.SEQUENCE.DISPLAY_SCREEN
272222.248 TRACKER_TIME 4 442383.516
272222.282 TIMER SEQUENCE.SEQUENCE.SEQUENCE.TIMER
272257.061 SetValueAction 
272288.208 DISPLAY_SCREEN SEQUENCE.SEQUENCE.SEQUENCE.DISPLAY_SCREEN (BEGIN) 
273858.997 EL_CAMERA_SETUP SEQUENCE.EL_CAMERA_SETUP
273979.174 PREPARE_SEQUENCE SEQUENCE.SEQUENCE.PREPARE_SEQUENCE
276201.752 DRIFT_CORRECT SEQUENCE.SEQUENCE.DRIFT_CORRECT
276283.206 DISPLAY_SCREEN SEQUENCE.SEQUENCE.SEQUENCE.DISPLAY_SCREEN (BEGIN) 
276287.681 DISPLAY_SCREEN SEQUENCE.SEQUENCE.SEQUENCE.DISPLAY_SCREEN
284287.688 TIMER SEQUENCE.SEQUENCE.SEQUENCE.TIMER
284324.064 SetValueAction 
284353.696 DISPLAY_SCREEN SEQUENCE.SEQUENCE.SEQUENCE.DISPLAY_SCREEN (BEGIN) 
285981.311 EL_CAMERA_SETUP SEQUENCE.EL_CAMERA_SETUP
286096.172 PREPARE_SEQUENCE SEQUENCE.SEQUENCE.PREPARE_SEQUENCE
288598.897 DRIFT_CORRECT SEQUENCE.SEQUENCE.DRIFT_CORRECT
288725.286 DISPLAY_SCREEN SEQUENCE.SEQUENCE.SEQUENCE.DISPLAY_SCREEN (BEGIN) 
288736.316 DISPLAY_SCREEN SEQUENCE.SEQUENCE.SEQUENCE.DISPLAY_SCREEN
296736.356 TIMER SEQUENCE.SEQUENCE.SEQUENCE.TIMER
296773.059 SetValueAction 
296805.597 DISPLAY_SCREEN SEQUENCE.SEQUENCE.SEQUENCE.DISPLAY_SCREEN (BEGIN) 
298694.378 EL_CAMERA_SETUP SEQUENCE.EL_CAMERA_SETUP
298810.238 PREPARE_SEQUENCE SEQUENCE.SEQUENCE.PREPARE_SEQUENCE
300190.113 DRIFT_CORRECT SEQUENCE.SEQUENCE.DRIFT_CORRECT
300319.209 DISPLAY_SCREEN SEQUENCE.SEQUENCE.SEQUENCE.DISPLAY_SCREEN (BEGIN) 
300335.080 DISPLAY_SCREEN SEQUENCE.SEQUENCE.SEQUENCE.DISPLAY_SCREEN
308335.112 TIMER SEQUENCE.SEQUENCE.SEQUENCE.TIMER
308371.060 SetValueAction 
308403.125 DISPLAY_SCREEN SEQUENCE.SEQUENCE.SEQUENCE.DISPLAY_SCREEN (BEGIN) 
309883.209 EL_CAMERA_SETUP SEQUENCE.EL_CAMERA_SETUP
310010.258 PREPARE_SEQUENCE SEQUENCE.SEQUENCE.PREPARE_SEQUENCE
314707.514 DRIFT_CORRECT SEQUENCE.SEQUENCE.DRIFT_CORRECT
314788.223 DISPLAY_SCREEN SEQUENCE.SEQUENCE.SEQUENCE.DISPLAY_SCREEN (BEGIN) 
314800.200 DISPLAY_SCREEN SEQUENCE.SEQUENCE.SEQUENCE.DISPLAY_SCREEN
322800.253 TIMER SEQUENCE.SEQUENCE.SEQUENCE.TIMER
322836.059 SetValueAction 
322865.835 DISPLAY_SCREEN SEQUENCE.SEQUENCE.SEQUENCE.DISPLAY_SCREEN (BEGIN) 
325037.022 EL_CAMERA_SETUP SEQUENCE.EL_CAMERA_SETUP
325152.174 PREPARE_SEQUENCE SEQUENCE.SEQUENCE.PREPARE_SEQUENCE
326854.577 DRIFT_CORRECT SEQUENCE.SEQUENCE.DRIFT_CORRECT
326984.127 DISPLAY_SCREEN SEQUENCE.SEQUENCE.SEQUENCE.DISPLAY_SCREEN (BEGIN) 
326998.900 DISPLAY_SCREEN SEQUENCE.SEQUENCE.SEQUENCE.DISPLAY_SCREEN
334998.953 TRACKER_TIME 5 505158.674
334999.000 TIMER SEQUENCE.SEQUENCE.SEQUENCE.TIMER
335035.074 SetValueAction 
335064.872 DISPLAY_SCREEN SEQUENCE.SEQUENCE.SEQUENCE.DISPLAY_SCREEN (BEGIN) 
336748.937 EL_CAMERA_SETUP SEQUENCE.EL_CAMERA_SETUP
336868.188 PREPARE_SEQUENCE SEQUENCE.SEQUENCE.PREPARE_SEQUENCE
340255.954 DRIFT_CORRECT SEQUENCE.SEQUENCE.DRIFT_CORRECT
340399.621 DISPLAY_SCREEN SEQUENCE.SEQUENCE.SEQUENCE.DISPLAY_SCREEN (BEGIN) 
340414.131 DISPLAY_SCREEN SEQUENCE.SEQUENCE.SEQUENCE.DISPLAY_SCREEN
348414.256 TIMER SEQUENCE.SEQUENCE.SEQUENCE.TIMER
348451.064 SetValueAction 
348481.173 DISPLAY_SCREEN SEQUENCE.SEQUENCE.SEQUENCE.DISPLAY_SCREEN (BEGIN) 
350349.522 EL_CAMERA_SETUP SEQUENCE.EL_CAMERA_SETUP
350464.165 PREPARE_SEQUENCE SEQUENCE.SEQUENCE.PREPARE_SEQUENCE
351363.166 DRIFT_CORRECT SEQUENCE.SEQUENCE.DRIFT_CORRECT
351447.194 DISPLAY_SCREEN SEQUENCE.SEQUENCE.SEQUENCE.DISPLAY_SCREEN (BEGIN) 
351462.955 DISPLAY_SCREEN SEQUENCE.SEQUENCE.SEQUENCE.DISPLAY_SCREEN
359462.968 TIMER SEQUENCE.SEQUENCE.SEQUENCE.TIMER
359498.088 SetValueAction 
359528.713 DISPLAY_SCREEN SEQUENCE.SEQUENCE.SEQUENCE.DISPLAY_SCREEN (BEGIN) 
361532.059 EL_CAMERA_SETUP SEQUENCE.EL_CAMERA_SETUP
361648.160 PREPARE_SEQUENCE SEQUENCE.SEQUENCE.PREPARE_SEQUENCE
363793.636 DRIFT_CORRECT SEQUENCE.SEQUENCE.DRIFT_CORRECT
363940.125 DISPLAY_SCREEN SEQUENCE.SEQUENCE.SEQUENCE.DISPLAY_SCREEN (BEGIN) 
363944.943 DISPLAY_SCREEN SEQUENCE.SEQUENCE.SEQUENCE.DISPLAY_SCREEN
371944.998 TIMER SEQUENCE.SEQUENCE.SEQUENCE.TIMER
371983.058 SetValueAction 
372013.065 DISPLAY_SCREEN SEQUENCE.SEQUENCE.SEQUENCE.DISPLAY_SCREEN (BEGIN) 
373430.046 EL_CAMERA_SETUP SEQUENCE.EL_CAMERA_SETUP
373545.157 PREPARE_SEQUENCE SEQUENCE.SEQUENCE.PREPARE_SEQUENCE
375960.937 DRIFT_CORRECT SEQUENCE.SEQUENCE.DRIFT_CORRECT
376086.009 DISPLAY_SCREEN SEQUENCE.SEQUENCE.SEQUENCE.DISPLAY_SCREEN (BEGIN) 
376093.644 DISPLAY_SCREEN SEQUENCE.SEQUENCE.SEQUENCE.DISPLAY_SCREEN
384093.690 TIMER SEQUENCE.SEQUENCE.SEQUENCE.TIMER
384128.072 SetValueAction 
384158.070 DISPLAY_SCREEN SEQUENCE.SEQUENCE.SEQUENCE.DISPLAY_SCREEN (BEGIN) 
385995.421 EL_CAMERA_SETUP SEQUENCE.EL_CAMERA_SETUP
386111.154 PREPARE_SEQUENCE SEQUENCE.SEQUENCE.PREPARE_SEQUENCE
387173.093 DRIFT_CORRECT SEQUENCE.SEQUENCE.DRIFT_CORRECT
387302.014 DISPLAY_SCREEN SEQUENCE.SEQUENCE.SEQUENCE.DISPLAY_SCREEN (BEGIN) 
387309.113 DISPLAY_SCREEN SEQUENCE.SEQUENCE.SEQUENCE.DISPLAY_SCREEN
395309.146 TRACKER_TIME 6 565467.742
395309.183 TIMER SEQUENCE.SEQUENCE.SEQUENCE.TIMER
395345.066 SetValueAction 
395379.053 DISPLAY_SCREEN SEQUENCE.SEQUENCE.SEQUENCE.DISPLAY_SCREEN (BEGIN) 
398094.309 EL_CAMERA_SETUP SEQUENCE.EL_CAMERA_SETUP
398210.187 PREPARE_SEQUENCE SEQUENCE.SEQUENCE.PREPARE_SEQUENCE
400824.206 DRIFT_CORRECT SEQUENCE.SEQUENCE.DRIFT_CORRECT
400905.165 DISPLAY_SCREEN SEQUENCE.SEQUENCE.SEQUENCE.DISPLAY_SCREEN (BEGIN) 
400907.667 DISPLAY_SCREEN SEQUENCE.SEQUENCE.SEQUENCE.DISPLAY_SCREEN
408907.735 TIMER SEQUENCE.SEQUENCE.SEQUENCE.TIMER
408944.066 SetValueAction 
408974.568 DISPLAY_SCREEN SEQUENCE.SEQUENCE.SEQUENCE.DISPLAY_SCREEN (BEGIN) 
411483.465 EL_CAMERA_SETUP SEQUENCE.EL_CAMERA_SETUP
411599.253 PREPARE_SEQUENCE SEQUENCE.SEQUENCE.PREPARE_SEQUENCE
415873.755 DRIFT_CORRECT SEQUENCE.SEQUENCE.DRIFT_CORRECT
416003.119 DISPLAY_SCREEN SEQUENCE.SEQUENCE.SEQUENCE.DISPLAY_SCREEN (BEGIN) 
416006.061 DISPLAY_SCREEN SEQUENCE.SEQUENCE.SEQUENCE.DISPLAY_SCREEN
424006.090 TIMER SEQUENCE.SEQUENCE.SEQUENCE.TIMER
424041.057 SetValueAction 
424071.933 DISPLAY_SCREEN SEQUENCE.SEQUENCE.SEQUENCE.DISPLAY_SCREEN (BEGIN) 
426069.661 EL_CAMERA_SETUP SEQUENCE.EL_CAMERA_SETUP
426187.180 PREPARE_SEQUENCE SEQUENCE.SEQUENCE.PREPARE_SEQUENCE
427666.023 DRIFT_CORRECT SEQUENCE.SEQUENCE.DRIFT_CORRECT
427776.130 DISPLAY_SCREEN SEQUENCE.SEQUENCE.SEQUENCE.DISPLAY_SCREEN (BEGIN) 
427788.129 DISPLAY_SCREEN SEQUENCE.SEQUENCE.SEQUENCE.DISPLAY_SCREEN
435788.149 TIMER SEQUENCE.SEQUENCE.SEQUENCE.TIMER
435824.065 SetValueAction 
435854.367 DISPLAY_SCREEN SEQUENCE.SEQUENCE.SEQUENCE.DISPLAY_SCREEN (BEGIN) 
438076.946 EL_CAMERA_SETUP SEQUENCE.EL_CAMERA_SETUP
438192.155 PREPARE_SEQUENCE SEQUENCE.SEQUENCE.PREPARE_SEQUENCE
439370.624 DRIFT_CORRECT SEQUENCE.SEQUENCE.DRIFT_CORRECT
439460.676 DISPLAY_SCREEN SEQUENCE.SEQUENCE.SEQUENCE.DISPLAY_SCREEN (BEGIN) 
439470.214 DISPLAY_SCREEN SEQUENCE.SEQUENCE.SEQUENCE.DISPLAY_SCREEN
447470.271 TIMER SEQUENCE.SEQUENCE.SEQUENCE.TIMER
447506.078 SetValueAction 
447536.924 DISPLAY_SCREEN SEQUENCE.SEQUENCE.SEQUENCE.DISPLAY_SCREEN (BEGIN) 
458005.102 TRACKER_TIME 7 628162.946
458005.137 EL_CAMERA_SETUP SEQUENCE.EL_CAMERA_SETUP
458120.158 PREPARE_SEQUENCE SEQUENCE.SEQUENCE.PREPARE_SEQUENCE
465899.514 DRIFT_CORRECT SEQUENCE.SEQUENCE.DRIFT_CORRECT
466019.653 DISPLAY_SCREEN SEQUENCE.SEQUENCE.SEQUENCE.DISPLAY_SCREEN (BEGIN) 
466034.094 DISPLAY_SCREEN SEQUENCE.SEQUENCE.SEQUENCE.DISPLAY_SCREEN
474034.047 TIMER SEQUENCE.SEQUENCE.SEQUENCE.TIMER
474071.060 SetValueAction 
474100.896 DISPLAY_SCREEN SEQUENCE.SEQUENCE.SEQUENCE.DISPLAY_SCREEN (BEGIN) 
476357.058 EL_CAMERA_SETUP SEQUENCE.EL_CAMERA_SETUP
476472.258 PREPARE_SEQUENCE SEQUENCE.SEQUENCE.PREPARE_SEQUENCE
477397.151 DRIFT_CORRECT SEQUENCE.SEQUENCE.DRIFT_CORRECT
477483.111 DISPLAY_SCREEN SEQUENCE.SEQUENCE.SEQUENCE.DISPLAY_SCREEN (BEGIN) 
477499.502 DISPLAY_SCREEN SEQUENCE.SEQUENCE.SEQUENCE.DISPLAY_SCREEN
485499.499 TIMER SEQUENCE.SEQUENCE.SEQUENCE.TIMER
485535.063 SetValueAction 
485561.233 DISPLAY_SCREEN SEQUENCE.SEQUENCE.SEQUENCE.DISPLAY_SCREEN (BEGIN) 
486762.077 EL_CAMERA_SETUP SEQUENCE.EL_CAMERA_SETUP
486880.157 PREPARE_SEQUENCE SEQUENCE.SEQUENCE.PREPARE_SEQUENCE
490520.631 DRIFT_CORRECT SEQUENCE.SEQUENCE.DRIFT_CORRECT
490601.301 DISPLAY_SCREEN SEQUENCE.SEQUENCE.SEQUENCE.DISPLAY_SCREEN (BEGIN) 
490614.767 DISPLAY_SCREEN SEQUENCE.SEQUENCE.SEQUENCE.DISPLAY_SCREEN
498614.823 TIMER SEQUENCE.SEQUENCE.SEQUENCE.TIMER
498650.112 SetValueAction 
498679.371 DISPLAY_SCREEN SEQUENCE.SEQUENCE.SEQUENCE.DISPLAY_SCREEN (BEGIN) 
500175.435 EL_CAMERA_SETUP SEQUENCE.EL_CAMERA_SETUP
500294.196 PREPARE_SEQUENCE SEQUENCE.SEQUENCE.PREPARE_SEQUENCE
503035.843 DRIFT_CORRECT SEQUENCE.SEQUENCE.DRIFT_CORRECT
503126.148 DISPLAY_SCREEN SEQUENCE.SEQUENCE.SEQUENCE.DISPLAY_SCREEN (BEGIN) 
503130.109 DISPLAY_SCREEN SEQUENCE.SEQUENCE.SEQUENCE.DISPLAY_SCREEN
511130.155 TIMER SEQUENCE.SEQUENCE.SEQUENCE.TIMER
511167.106 SetValueAction 
511196.535 DISPLAY_SCREEN SEQUENCE.SEQUENCE.SEQUENCE.DISPLAY_SCREEN (BEGIN) 
512484.705 EL_CAMERA_SETUP SEQUENCE.EL_CAMERA_SETUP
512602.198 PREPARE_SEQUENCE SEQUENCE.SEQUENCE.PREPARE_SEQUENCE
514651.810 DRIFT_CORRECT SEQUENCE.SEQUENCE.DRIFT_CORRECT
514735.671 DISPLAY_SCREEN SEQUENCE.SEQUENCE.SEQUENCE.DISPLAY_SCREEN (BEGIN) 
514745.521 DISPLAY_SCREEN SEQUENCE.SEQUENCE.SEQUENCE.DISPLAY_SCREEN
522745.520 TRACKER_TIME 8 692902.195
522745.573 TIMER SEQUENCE.SEQUENCE.SEQUENCE.TIMER
522781.076 SetValueAction 
522811.229 DISPLAY_SCREEN SEQUENCE.SEQUENCE.SEQUENCE.DISPLAY_SCREEN (BEGIN) 
524390.278 EL_CAMERA_SETUP SEQUENCE.EL_CAMERA_SETUP
524507.195 PREPARE_SEQUENCE SEQUENCE.SEQUENCE.PREPARE_SEQUENCE
530362.155 DRIFT_CORRECT SEQUENCE.SEQUENCE.DRIFT_CORRECT
530445.618 DISPLAY_SCREEN SEQUENCE.SEQUENCE.SEQUENCE.DISPLAY_SCREEN (BEGIN) 
530460.523 DISPLAY_SCREEN SEQUENCE.SEQUENCE.SEQUENCE.DISPLAY_SCREEN
538460.570 TIMER SEQUENCE.SEQUENCE.SEQUENCE.TIMER
538497.069 SetValueAction 
538526.606 DISPLAY_SCREEN SEQUENCE.SEQUENCE.SEQUENCE.DISPLAY_SCREEN (BEGIN) 
541467.383 EL_CAMERA_SETUP SEQUENCE.EL_CAMERA_SETUP
541584.165 PREPARE_SEQUENCE SEQUENCE.SEQUENCE.PREPARE_SEQUENCE
543795.957 DRIFT_CORRECT SEQUENCE.SEQUENCE.DRIFT_CORRECT
543931.221 DISPLAY_SCREEN SEQUENCE.SEQUENCE.SEQUENCE.DISPLAY_SCREEN (BEGIN) 
543942.393 DISPLAY_SCREEN SEQUENCE.SEQUENCE.SEQUENCE.DISPLAY_SCREEN
551942.425 TIMER SEQUENCE.SEQUENCE.SEQUENCE.TIMER
551978.064 SetValueAction 
552008.659 DISPLAY_SCREEN SEQUENCE.SEQUENCE.SEQUENCE.DISPLAY_SCREEN (BEGIN) 
553047.738 EL_CAMERA_SETUP SEQUENCE.EL_CAMERA_SETUP
553164.181 PREPARE_SEQUENCE SEQUENCE.SEQUENCE.PREPARE_SEQUENCE
554442.946 DRIFT_CORRECT SEQUENCE.SEQUENCE.DRIFT_CORRECT
554533.489 DISPLAY_SCREEN SEQUENCE.SEQUENCE.SEQUENCE.DISPLAY_SCREEN (BEGIN) 
554541.268 DISPLAY_SCREEN SEQUENCE.SEQUENCE.SEQUENCE.DISPLAY_SCREEN
562541.285 TIMER SEQUENCE.SEQUENCE.SEQUENCE.TIMER
562578.061 SetValueAction 
562607.971 DISPLAY_SCREEN SEQUENCE.SEQUENCE.SEQUENCE.DISPLAY_SCREEN (BEGIN) 
563533.382 EL_CAMERA_SETUP SEQUENCE.EL_CAMERA_SETUP
563649.173 PREPARE_SEQUENCE SEQUENCE.SEQUENCE.PREPARE_SEQUENCE
564642.428 DRIFT_CORRECT SEQUENCE.SEQUENCE.DRIFT_CORRECT
564758.107 DISPLAY_SCREEN SEQUENCE.SEQUENCE.SEQUENCE.DISPLAY_SCREEN (BEGIN) 
564773.530 DISPLAY_SCREEN SEQUENCE.SEQUENCE.SEQUENCE.DISPLAY_SCREEN
572773.558 TIMER SEQUENCE.SEQUENCE.SEQUENCE.TIMER
572808.059 SetValueAction 
572839.084 DISPLAY_SCREEN SEQUENCE.SEQUENCE.SEQUENCE.DISPLAY_SCREEN (BEGIN) 
573972.797 EL_CAMERA_SETUP SEQUENCE.EL_CAMERA_SETUP
574089.274 PREPARE_SEQUENCE SEQUENCE.SEQUENCE.PREPARE_SEQUENCE
576295.172 DRIFT_CORRECT SEQUENCE.SEQUENCE.DRIFT_CORRECT
576424.442 DISPLAY_SCREEN SEQUENCE.SEQUENCE.SEQUENCE.DISPLAY_SCREEN (BEGIN) 
576438.934 DISPLAY_SCREEN SEQUENCE.SEQUENCE.SEQUENCE.DISPLAY_SCREEN
584439.024 TRACKER_TIME 9 754594.210
584439.054 TIMER SEQUENCE.SEQUENCE.SEQUENCE.TIMER
584475.061 SetValueAction 
584503.496 DISPLAY_SCREEN SEQUENCE.SEQUENCE.SEQUENCE.DISPLAY_SCREEN (BEGIN) 
586745.537 EL_CAMERA_SETUP SEQUENCE.EL_CAMERA_SETUP
586861.156 PREPARE_SEQUENCE SEQUENCE.SEQUENCE.PREPARE_SEQUENCE
591499.773 DRIFT_CORRECT SEQUENCE.SEQUENCE.DRIFT_CORRECT
591585.122 DISPLAY_SCREEN SEQUENCE.SEQUENCE.SEQUENCE.DISPLAY_SCREEN (BEGIN) 
591587.313 DISPLAY_SCREEN SEQUENCE.SEQUENCE.SEQUENCE.DISPLAY_SCREEN
599587.324 TIMER SEQUENCE.SEQUENCE.SEQUENCE.TIMER
599627.263 DISPLAY_SCREEN[1] DISPLAY_SCREEN[1] (BEGIN) 
599636.480 DISPLAY_SCREEN[1] DISPLAY_SCREEN[1]
603636.495 TIMER[1] TIMER[1]
el_logger: Quit logger.
******** END OF THE LOG FILE ********
