19361.231 ********************************************************
19363.086 ** Session beginning Tuesday March 29, 2022 11:37:32 AM **
19363.094 ** ExperimentBuilder Project : zxj **
19363.099 ** ExperimentBuilder Version : 2.3.1 **
19363.103 ** ExperimentBuilder Build   : Jun 23 2020 **
19363.107 ********************************************************
19363.113 TRACKER_TIME 0 1166078.422
19745.622 DISPLAY_SCREEN DISPLAY_SCREEN (BEGIN) 
19760.202 DISPLAY_SCREEN DISPLAY_SCREEN
29760.231 TIMER TIMER
29760.358 SetValueAction 
529164.439 TRACKER_TIME 1 1675870.997
529164.476 EL_CAMERA_SETUP SEQUENCE.EL_CAMERA_SETUP
529318.176 PREPARE_SEQUENCE SEQUENCE.SEQUENCE.PREPARE_SEQUENCE
542785.947 DRIFT_CORRECT SEQUENCE.SEQUENCE.DRIFT_CORRECT
542926.223 DISPLAY_SCREEN SEQUENCE.SEQUENCE.SEQUENCE.DISPLAY_SCREEN (BEGIN) 
542937.085 DISPLAY_SCREEN SEQUENCE.SEQUENCE.SEQUENCE.DISPLAY_SCREEN
550937.086 TIMER SEQUENCE.SEQUENCE.SEQUENCE.TIMER
550972.061 SetValueAction 
551000.723 DISPLAY_SCREEN SEQUENCE.SEQUENCE.SEQUENCE.DISPLAY_SCREEN (BEGIN) 
558102.196 EL_CAMERA_SETUP SEQUENCE.EL_CAMERA_SETUP
558217.160 PREPARE_SEQUENCE SEQUENCE.SEQUENCE.PREPARE_SEQUENCE
562559.754 DRIFT_CORRECT SEQUENCE.SEQUENCE.DRIFT_CORRECT
562693.775 DISPLAY_SCREEN SEQUENCE.SEQUENCE.SEQUENCE.DISPLAY_SCREEN (BEGIN) 
562701.620 DISPLAY_SCREEN SEQUENCE.SEQUENCE.SEQUENCE.DISPLAY_SCREEN
570701.678 TIMER SEQUENCE.SEQUENCE.SEQUENCE.TIMER
570738.060 SetValueAction 
570766.459 DISPLAY_SCREEN SEQUENCE.SEQUENCE.SEQUENCE.DISPLAY_SCREEN (BEGIN) 
572535.996 EL_CAMERA_SETUP SEQUENCE.EL_CAMERA_SETUP
572651.163 PREPARE_SEQUENCE SEQUENCE.SEQUENCE.PREPARE_SEQUENCE
573881.558 DRIFT_CORRECT SEQUENCE.SEQUENCE.DRIFT_CORRECT
574030.049 DISPLAY_SCREEN SEQUENCE.SEQUENCE.SEQUENCE.DISPLAY_SCREEN (BEGIN) 
574033.711 DISPLAY_SCREEN SEQUENCE.SEQUENCE.SEQUENCE.DISPLAY_SCREEN
582033.766 TIMER SEQUENCE.SEQUENCE.SEQUENCE.TIMER
582070.059 SetValueAction 
582114.397 DISPLAY_SCREEN SEQUENCE.SEQUENCE.SEQUENCE.DISPLAY_SCREEN (BEGIN) 
582965.010 EL_CAMERA_SETUP SEQUENCE.EL_CAMERA_SETUP
583080.165 PREPARE_SEQUENCE SEQUENCE.SEQUENCE.PREPARE_SEQUENCE
584417.984 DRIFT_CORRECT SEQUENCE.SEQUENCE.DRIFT_CORRECT
584550.619 DISPLAY_SCREEN SEQUENCE.SEQUENCE.SEQUENCE.DISPLAY_SCREEN (BEGIN) 
584565.937 DISPLAY_SCREEN SEQUENCE.SEQUENCE.SEQUENCE.DISPLAY_SCREEN
592565.983 TRACKER_TIME 2 1739271.444
592566.030 TIMER SEQUENCE.SEQUENCE.SEQUENCE.TIMER
592601.072 SetValueAction 
592631.293 DISPLAY_SCREEN SEQUENCE.SEQUENCE.SEQUENCE.DISPLAY_SCREEN (BEGIN) 
593399.951 EL_CAMERA_SETUP SEQUENCE.EL_CAMERA_SETUP
593514.159 PREPARE_SEQUENCE SEQUENCE.SEQUENCE.PREPARE_SEQUENCE
595699.836 DRIFT_CORRECT SEQUENCE.SEQUENCE.DRIFT_CORRECT
595832.168 DISPLAY_SCREEN SEQUENCE.SEQUENCE.SEQUENCE.DISPLAY_SCREEN (BEGIN) 
595848.035 DISPLAY_SCREEN SEQUENCE.SEQUENCE.SEQUENCE.DISPLAY_SCREEN
603848.062 TIMER SEQUENCE.SEQUENCE.SEQUENCE.TIMER
603884.072 SetValueAction 
603912.156 DISPLAY_SCREEN SEQUENCE.SEQUENCE.SEQUENCE.DISPLAY_SCREEN (BEGIN) 
604682.578 EL_CAMERA_SETUP SEQUENCE.EL_CAMERA_SETUP
604797.196 PREPARE_SEQUENCE SEQUENCE.SEQUENCE.PREPARE_SEQUENCE
606431.780 DRIFT_CORRECT SEQUENCE.SEQUENCE.DRIFT_CORRECT
606561.135 DISPLAY_SCREEN SEQUENCE.SEQUENCE.SEQUENCE.DISPLAY_SCREEN (BEGIN) 
606563.537 DISPLAY_SCREEN SEQUENCE.SEQUENCE.SEQUENCE.DISPLAY_SCREEN
614563.575 TIMER SEQUENCE.SEQUENCE.SEQUENCE.TIMER
614599.059 SetValueAction 
614628.258 DISPLAY_SCREEN SEQUENCE.SEQUENCE.SEQUENCE.DISPLAY_SCREEN (BEGIN) 
615518.086 EL_CAMERA_SETUP SEQUENCE.EL_CAMERA_SETUP
615632.156 PREPARE_SEQUENCE SEQUENCE.SEQUENCE.PREPARE_SEQUENCE
617117.249 DRIFT_CORRECT SEQUENCE.SEQUENCE.DRIFT_CORRECT
617258.106 DISPLAY_SCREEN SEQUENCE.SEQUENCE.SEQUENCE.DISPLAY_SCREEN (BEGIN) 
617262.385 DISPLAY_SCREEN SEQUENCE.SEQUENCE.SEQUENCE.DISPLAY_SCREEN
625262.426 TIMER SEQUENCE.SEQUENCE.SEQUENCE.TIMER
625299.058 SetValueAction 
625327.856 DISPLAY_SCREEN SEQUENCE.SEQUENCE.SEQUENCE.DISPLAY_SCREEN (BEGIN) 
626046.201 EL_CAMERA_SETUP SEQUENCE.EL_CAMERA_SETUP
626162.164 PREPARE_SEQUENCE SEQUENCE.SEQUENCE.PREPARE_SEQUENCE
630101.281 DRIFT_CORRECT SEQUENCE.SEQUENCE.DRIFT_CORRECT
630236.576 DISPLAY_SCREEN SEQUENCE.SEQUENCE.SEQUENCE.DISPLAY_SCREEN (BEGIN) 
630244.313 DISPLAY_SCREEN SEQUENCE.SEQUENCE.SEQUENCE.DISPLAY_SCREEN
638244.338 TIMER SEQUENCE.SEQUENCE.SEQUENCE.TIMER
638281.060 SetValueAction 
638311.343 DISPLAY_SCREEN SEQUENCE.SEQUENCE.SEQUENCE.DISPLAY_SCREEN (BEGIN) 
639001.390 EL_CAMERA_SETUP SEQUENCE.EL_CAMERA_SETUP
639116.166 PREPARE_SEQUENCE SEQUENCE.SEQUENCE.PREPARE_SEQUENCE
640700.844 DRIFT_CORRECT SEQUENCE.SEQUENCE.DRIFT_CORRECT
640830.192 DISPLAY_SCREEN SEQUENCE.SEQUENCE.SEQUENCE.DISPLAY_SCREEN (BEGIN) 
640843.188 DISPLAY_SCREEN SEQUENCE.SEQUENCE.SEQUENCE.DISPLAY_SCREEN
648843.197 TIMER SEQUENCE.SEQUENCE.SEQUENCE.TIMER
648878.077 SetValueAction 
648924.155 DISPLAY_SCREEN SEQUENCE.SEQUENCE.SEQUENCE.DISPLAY_SCREEN (BEGIN) 
649717.065 EL_CAMERA_SETUP SEQUENCE.EL_CAMERA_SETUP
649831.170 PREPARE_SEQUENCE SEQUENCE.SEQUENCE.PREPARE_SEQUENCE
651546.063 DRIFT_CORRECT SEQUENCE.SEQUENCE.DRIFT_CORRECT
651627.164 DISPLAY_SCREEN SEQUENCE.SEQUENCE.SEQUENCE.DISPLAY_SCREEN (BEGIN) 
651642.024 DISPLAY_SCREEN SEQUENCE.SEQUENCE.SEQUENCE.DISPLAY_SCREEN
659642.076 TRACKER_TIME 3 1806346.373
659642.107 TIMER SEQUENCE.SEQUENCE.SEQUENCE.TIMER
659677.059 SetValueAction 
659705.043 DISPLAY_SCREEN SEQUENCE.SEQUENCE.SEQUENCE.DISPLAY_SCREEN (BEGIN) 
660437.237 EL_CAMERA_SETUP SEQUENCE.EL_CAMERA_SETUP
660552.156 PREPARE_SEQUENCE SEQUENCE.SEQUENCE.PREPARE_SEQUENCE
662521.616 DRIFT_CORRECT SEQUENCE.SEQUENCE.DRIFT_CORRECT
662658.126 DISPLAY_SCREEN SEQUENCE.SEQUENCE.SEQUENCE.DISPLAY_SCREEN (BEGIN) 
662674.169 DISPLAY_SCREEN SEQUENCE.SEQUENCE.SEQUENCE.DISPLAY_SCREEN
670674.201 TIMER SEQUENCE.SEQUENCE.SEQUENCE.TIMER
670709.059 SetValueAction 
670739.144 DISPLAY_SCREEN SEQUENCE.SEQUENCE.SEQUENCE.DISPLAY_SCREEN (BEGIN) 
671770.944 EL_CAMERA_SETUP SEQUENCE.EL_CAMERA_SETUP
671886.163 PREPARE_SEQUENCE SEQUENCE.SEQUENCE.PREPARE_SEQUENCE
673660.571 DRIFT_CORRECT SEQUENCE.SEQUENCE.DRIFT_CORRECT
673797.710 DISPLAY_SCREEN SEQUENCE.SEQUENCE.SEQUENCE.DISPLAY_SCREEN (BEGIN) 
673806.296 DISPLAY_SCREEN SEQUENCE.SEQUENCE.SEQUENCE.DISPLAY_SCREEN
681806.323 TIMER SEQUENCE.SEQUENCE.SEQUENCE.TIMER
681842.061 SetValueAction 
681873.507 DISPLAY_SCREEN SEQUENCE.SEQUENCE.SEQUENCE.DISPLAY_SCREEN (BEGIN) 
682720.479 EL_CAMERA_SETUP SEQUENCE.EL_CAMERA_SETUP
682835.175 PREPARE_SEQUENCE SEQUENCE.SEQUENCE.PREPARE_SEQUENCE
685270.305 DRIFT_CORRECT SEQUENCE.SEQUENCE.DRIFT_CORRECT
685351.020 DISPLAY_SCREEN SEQUENCE.SEQUENCE.SEQUENCE.DISPLAY_SCREEN (BEGIN) 
685355.036 DISPLAY_SCREEN SEQUENCE.SEQUENCE.SEQUENCE.DISPLAY_SCREEN
693355.077 TIMER SEQUENCE.SEQUENCE.SEQUENCE.TIMER
693392.068 SetValueAction 
693418.837 DISPLAY_SCREEN SEQUENCE.SEQUENCE.SEQUENCE.DISPLAY_SCREEN (BEGIN) 
694589.715 EL_CAMERA_SETUP SEQUENCE.EL_CAMERA_SETUP
694704.169 PREPARE_SEQUENCE SEQUENCE.SEQUENCE.PREPARE_SEQUENCE
697323.657 DRIFT_CORRECT SEQUENCE.SEQUENCE.DRIFT_CORRECT
697455.619 DISPLAY_SCREEN SEQUENCE.SEQUENCE.SEQUENCE.DISPLAY_SCREEN (BEGIN) 
697470.396 DISPLAY_SCREEN SEQUENCE.SEQUENCE.SEQUENCE.DISPLAY_SCREEN
705470.410 TIMER SEQUENCE.SEQUENCE.SEQUENCE.TIMER
705507.058 SetValueAction 
705536.507 DISPLAY_SCREEN SEQUENCE.SEQUENCE.SEQUENCE.DISPLAY_SCREEN (BEGIN) 
706291.710 EL_CAMERA_SETUP SEQUENCE.EL_CAMERA_SETUP
706408.162 PREPARE_SEQUENCE SEQUENCE.SEQUENCE.PREPARE_SEQUENCE
707698.635 DRIFT_CORRECT SEQUENCE.SEQUENCE.DRIFT_CORRECT
707821.175 DISPLAY_SCREEN SEQUENCE.SEQUENCE.SEQUENCE.DISPLAY_SCREEN (BEGIN) 
707835.953 DISPLAY_SCREEN SEQUENCE.SEQUENCE.SEQUENCE.DISPLAY_SCREEN
715835.953 TIMER SEQUENCE.SEQUENCE.SEQUENCE.TIMER
715870.062 SetValueAction 
715900.371 DISPLAY_SCREEN SEQUENCE.SEQUENCE.SEQUENCE.DISPLAY_SCREEN (BEGIN) 
717058.784 EL_CAMERA_SETUP SEQUENCE.EL_CAMERA_SETUP
717174.170 PREPARE_SEQUENCE SEQUENCE.SEQUENCE.PREPARE_SEQUENCE
718642.532 DRIFT_CORRECT SEQUENCE.SEQUENCE.DRIFT_CORRECT
718735.039 DISPLAY_SCREEN SEQUENCE.SEQUENCE.SEQUENCE.DISPLAY_SCREEN (BEGIN) 
718751.447 DISPLAY_SCREEN SEQUENCE.SEQUENCE.SEQUENCE.DISPLAY_SCREEN
726751.446 TRACKER_TIME 4 1873454.576
726751.477 TIMER SEQUENCE.SEQUENCE.SEQUENCE.TIMER
726786.065 SetValueAction 
726817.196 DISPLAY_SCREEN SEQUENCE.SEQUENCE.SEQUENCE.DISPLAY_SCREEN (BEGIN) 
728064.144 EL_CAMERA_SETUP SEQUENCE.EL_CAMERA_SETUP
728179.158 PREPARE_SEQUENCE SEQUENCE.SEQUENCE.PREPARE_SEQUENCE
729321.097 DRIFT_CORRECT SEQUENCE.SEQUENCE.DRIFT_CORRECT
729437.213 DISPLAY_SCREEN SEQUENCE.SEQUENCE.SEQUENCE.DISPLAY_SCREEN (BEGIN) 
729450.286 DISPLAY_SCREEN SEQUENCE.SEQUENCE.SEQUENCE.DISPLAY_SCREEN
737450.332 TIMER SEQUENCE.SEQUENCE.SEQUENCE.TIMER
737486.103 SetValueAction 
737515.532 DISPLAY_SCREEN SEQUENCE.SEQUENCE.SEQUENCE.DISPLAY_SCREEN (BEGIN) 
738412.761 EL_CAMERA_SETUP SEQUENCE.EL_CAMERA_SETUP
738530.192 PREPARE_SEQUENCE SEQUENCE.SEQUENCE.PREPARE_SEQUENCE
742569.561 DRIFT_CORRECT SEQUENCE.SEQUENCE.DRIFT_CORRECT
742689.759 DISPLAY_SCREEN SEQUENCE.SEQUENCE.SEQUENCE.DISPLAY_SCREEN (BEGIN) 
742698.860 DISPLAY_SCREEN SEQUENCE.SEQUENCE.SEQUENCE.DISPLAY_SCREEN
750698.900 TIMER SEQUENCE.SEQUENCE.SEQUENCE.TIMER
750734.065 SetValueAction 
750764.931 DISPLAY_SCREEN SEQUENCE.SEQUENCE.SEQUENCE.DISPLAY_SCREEN (BEGIN) 
752490.328 EL_CAMERA_SETUP SEQUENCE.EL_CAMERA_SETUP
752605.171 PREPARE_SEQUENCE SEQUENCE.SEQUENCE.PREPARE_SEQUENCE
754146.912 DRIFT_CORRECT SEQUENCE.SEQUENCE.DRIFT_CORRECT
754278.157 DISPLAY_SCREEN SEQUENCE.SEQUENCE.SEQUENCE.DISPLAY_SCREEN (BEGIN) 
754280.927 DISPLAY_SCREEN SEQUENCE.SEQUENCE.SEQUENCE.DISPLAY_SCREEN
762280.953 TIMER SEQUENCE.SEQUENCE.SEQUENCE.TIMER
762318.065 SetValueAction 
762365.919 DISPLAY_SCREEN SEQUENCE.SEQUENCE.SEQUENCE.DISPLAY_SCREEN (BEGIN) 
764042.895 EL_CAMERA_SETUP SEQUENCE.EL_CAMERA_SETUP
764157.176 PREPARE_SEQUENCE SEQUENCE.SEQUENCE.PREPARE_SEQUENCE
769585.873 DRIFT_CORRECT SEQUENCE.SEQUENCE.DRIFT_CORRECT
769736.676 DISPLAY_SCREEN SEQUENCE.SEQUENCE.SEQUENCE.DISPLAY_SCREEN (BEGIN) 
769745.945 DISPLAY_SCREEN SEQUENCE.SEQUENCE.SEQUENCE.DISPLAY_SCREEN
777745.945 TIMER SEQUENCE.SEQUENCE.SEQUENCE.TIMER
777781.065 SetValueAction 
777811.221 DISPLAY_SCREEN SEQUENCE.SEQUENCE.SEQUENCE.DISPLAY_SCREEN (BEGIN) 
778651.430 EL_CAMERA_SETUP SEQUENCE.EL_CAMERA_SETUP
778767.188 PREPARE_SEQUENCE SEQUENCE.SEQUENCE.PREPARE_SEQUENCE
781840.638 DRIFT_CORRECT SEQUENCE.SEQUENCE.DRIFT_CORRECT
781920.999 DISPLAY_SCREEN SEQUENCE.SEQUENCE.SEQUENCE.DISPLAY_SCREEN (BEGIN) 
781927.949 DISPLAY_SCREEN SEQUENCE.SEQUENCE.SEQUENCE.DISPLAY_SCREEN
789927.984 TRACKER_TIME 5 1936630.016
789928.017 TIMER SEQUENCE.SEQUENCE.SEQUENCE.TIMER
789965.059 SetValueAction 
789994.934 DISPLAY_SCREEN SEQUENCE.SEQUENCE.SEQUENCE.DISPLAY_SCREEN (BEGIN) 
790982.297 EL_CAMERA_SETUP SEQUENCE.EL_CAMERA_SETUP
791097.153 PREPARE_SEQUENCE SEQUENCE.SEQUENCE.PREPARE_SEQUENCE
794761.917 DRIFT_CORRECT SEQUENCE.SEQUENCE.DRIFT_CORRECT
794844.619 DISPLAY_SCREEN SEQUENCE.SEQUENCE.SEQUENCE.DISPLAY_SCREEN (BEGIN) 
794859.891 DISPLAY_SCREEN SEQUENCE.SEQUENCE.SEQUENCE.DISPLAY_SCREEN
802859.921 TIMER SEQUENCE.SEQUENCE.SEQUENCE.TIMER
802895.060 SetValueAction 
802925.246 DISPLAY_SCREEN SEQUENCE.SEQUENCE.SEQUENCE.DISPLAY_SCREEN (BEGIN) 
804168.264 EL_CAMERA_SETUP SEQUENCE.EL_CAMERA_SETUP
804283.165 PREPARE_SEQUENCE SEQUENCE.SEQUENCE.PREPARE_SEQUENCE
809939.699 DRIFT_CORRECT SEQUENCE.SEQUENCE.DRIFT_CORRECT
810067.180 DISPLAY_SCREEN SEQUENCE.SEQUENCE.SEQUENCE.DISPLAY_SCREEN (BEGIN) 
810074.921 DISPLAY_SCREEN SEQUENCE.SEQUENCE.SEQUENCE.DISPLAY_SCREEN
818074.964 TIMER SEQUENCE.SEQUENCE.SEQUENCE.TIMER
818109.062 SetValueAction 
818138.595 DISPLAY_SCREEN SEQUENCE.SEQUENCE.SEQUENCE.DISPLAY_SCREEN (BEGIN) 
819105.045 EL_CAMERA_SETUP SEQUENCE.EL_CAMERA_SETUP
819220.158 PREPARE_SEQUENCE SEQUENCE.SEQUENCE.PREPARE_SEQUENCE
820420.616 DRIFT_CORRECT SEQUENCE.SEQUENCE.DRIFT_CORRECT
820549.976 DISPLAY_SCREEN SEQUENCE.SEQUENCE.SEQUENCE.DISPLAY_SCREEN (BEGIN) 
820557.116 DISPLAY_SCREEN SEQUENCE.SEQUENCE.SEQUENCE.DISPLAY_SCREEN
828557.123 TIMER SEQUENCE.SEQUENCE.SEQUENCE.TIMER
828592.060 SetValueAction 
828638.162 DISPLAY_SCREEN SEQUENCE.SEQUENCE.SEQUENCE.DISPLAY_SCREEN (BEGIN) 
829672.138 EL_CAMERA_SETUP SEQUENCE.EL_CAMERA_SETUP
829787.175 PREPARE_SEQUENCE SEQUENCE.SEQUENCE.PREPARE_SEQUENCE
830710.344 DRIFT_CORRECT SEQUENCE.SEQUENCE.DRIFT_CORRECT
830862.284 DISPLAY_SCREEN SEQUENCE.SEQUENCE.SEQUENCE.DISPLAY_SCREEN (BEGIN) 
830872.675 DISPLAY_SCREEN SEQUENCE.SEQUENCE.SEQUENCE.DISPLAY_SCREEN
838872.721 TIMER SEQUENCE.SEQUENCE.SEQUENCE.TIMER
838907.059 SetValueAction 
838937.069 DISPLAY_SCREEN SEQUENCE.SEQUENCE.SEQUENCE.DISPLAY_SCREEN (BEGIN) 
839806.766 EL_CAMERA_SETUP SEQUENCE.EL_CAMERA_SETUP
839922.173 PREPARE_SEQUENCE SEQUENCE.SEQUENCE.PREPARE_SEQUENCE
841257.980 DRIFT_CORRECT SEQUENCE.SEQUENCE.DRIFT_CORRECT
841341.189 DISPLAY_SCREEN SEQUENCE.SEQUENCE.SEQUENCE.DISPLAY_SCREEN (BEGIN) 
841354.863 DISPLAY_SCREEN SEQUENCE.SEQUENCE.SEQUENCE.DISPLAY_SCREEN
849354.874 TIMER SEQUENCE.SEQUENCE.SEQUENCE.TIMER
849390.063 SetValueAction 
849436.308 DISPLAY_SCREEN SEQUENCE.SEQUENCE.SEQUENCE.DISPLAY_SCREEN (BEGIN) 
850312.440 TRACKER_TIME 6 1997013.402
850312.472 EL_CAMERA_SETUP SEQUENCE.EL_CAMERA_SETUP
850427.182 PREPARE_SEQUENCE SEQUENCE.SEQUENCE.PREPARE_SEQUENCE
851758.600 DRIFT_CORRECT SEQUENCE.SEQUENCE.DRIFT_CORRECT
851908.224 DISPLAY_SCREEN SEQUENCE.SEQUENCE.SEQUENCE.DISPLAY_SCREEN (BEGIN) 
851920.417 DISPLAY_SCREEN SEQUENCE.SEQUENCE.SEQUENCE.DISPLAY_SCREEN
859920.443 TIMER SEQUENCE.SEQUENCE.SEQUENCE.TIMER
859957.059 SetValueAction 
859988.664 DISPLAY_SCREEN SEQUENCE.SEQUENCE.SEQUENCE.DISPLAY_SCREEN (BEGIN) 
860554.511 EL_CAMERA_SETUP SEQUENCE.EL_CAMERA_SETUP
860670.164 PREPARE_SEQUENCE SEQUENCE.SEQUENCE.PREPARE_SEQUENCE
861893.832 DRIFT_CORRECT SEQUENCE.SEQUENCE.DRIFT_CORRECT
862013.195 DISPLAY_SCREEN SEQUENCE.SEQUENCE.SEQUENCE.DISPLAY_SCREEN (BEGIN) 
862019.311 DISPLAY_SCREEN SEQUENCE.SEQUENCE.SEQUENCE.DISPLAY_SCREEN
870019.340 TIMER SEQUENCE.SEQUENCE.SEQUENCE.TIMER
870056.064 SetValueAction 
870086.308 DISPLAY_SCREEN SEQUENCE.SEQUENCE.SEQUENCE.DISPLAY_SCREEN (BEGIN) 
870772.194 EL_CAMERA_SETUP SEQUENCE.EL_CAMERA_SETUP
870887.166 PREPARE_SEQUENCE SEQUENCE.SEQUENCE.PREPARE_SEQUENCE
872337.710 DRIFT_CORRECT SEQUENCE.SEQUENCE.DRIFT_CORRECT
872453.617 DISPLAY_SCREEN SEQUENCE.SEQUENCE.SEQUENCE.DISPLAY_SCREEN (BEGIN) 
872468.184 DISPLAY_SCREEN SEQUENCE.SEQUENCE.SEQUENCE.DISPLAY_SCREEN
880468.196 TIMER SEQUENCE.SEQUENCE.SEQUENCE.TIMER
880503.067 SetValueAction 
880533.416 DISPLAY_SCREEN SEQUENCE.SEQUENCE.SEQUENCE.DISPLAY_SCREEN (BEGIN) 
881260.037 EL_CAMERA_SETUP SEQUENCE.EL_CAMERA_SETUP
881375.155 PREPARE_SEQUENCE SEQUENCE.SEQUENCE.PREPARE_SEQUENCE
883035.501 DRIFT_CORRECT SEQUENCE.SEQUENCE.DRIFT_CORRECT
883118.142 DISPLAY_SCREEN SEQUENCE.SEQUENCE.SEQUENCE.DISPLAY_SCREEN (BEGIN) 
883133.705 DISPLAY_SCREEN SEQUENCE.SEQUENCE.SEQUENCE.DISPLAY_SCREEN
891133.750 TIMER SEQUENCE.SEQUENCE.SEQUENCE.TIMER
891169.060 SetValueAction 
891199.250 DISPLAY_SCREEN SEQUENCE.SEQUENCE.SEQUENCE.DISPLAY_SCREEN (BEGIN) 
891792.170 EL_CAMERA_SETUP SEQUENCE.EL_CAMERA_SETUP
891907.158 PREPARE_SEQUENCE SEQUENCE.SEQUENCE.PREPARE_SEQUENCE
895695.225 DRIFT_CORRECT SEQUENCE.SEQUENCE.DRIFT_CORRECT
895776.115 DISPLAY_SCREEN SEQUENCE.SEQUENCE.SEQUENCE.DISPLAY_SCREEN (BEGIN) 
895782.321 DISPLAY_SCREEN SEQUENCE.SEQUENCE.SEQUENCE.DISPLAY_SCREEN
903782.346 TIMER SEQUENCE.SEQUENCE.SEQUENCE.TIMER
903818.061 SetValueAction 
903847.243 DISPLAY_SCREEN SEQUENCE.SEQUENCE.SEQUENCE.DISPLAY_SCREEN (BEGIN) 
904789.404 EL_CAMERA_SETUP SEQUENCE.EL_CAMERA_SETUP
904906.221 PREPARE_SEQUENCE SEQUENCE.SEQUENCE.PREPARE_SEQUENCE
907167.633 DRIFT_CORRECT SEQUENCE.SEQUENCE.DRIFT_CORRECT
907283.133 DISPLAY_SCREEN SEQUENCE.SEQUENCE.SEQUENCE.DISPLAY_SCREEN (BEGIN) 
907297.760 DISPLAY_SCREEN SEQUENCE.SEQUENCE.SEQUENCE.DISPLAY_SCREEN
915297.788 TRACKER_TIME 7 2061997.267
915297.819 TIMER SEQUENCE.SEQUENCE.SEQUENCE.TIMER
915333.061 SetValueAction 
915375.499 DISPLAY_SCREEN SEQUENCE.SEQUENCE.SEQUENCE.DISPLAY_SCREEN (BEGIN) 
916783.250 EL_CAMERA_SETUP SEQUENCE.EL_CAMERA_SETUP
916898.181 PREPARE_SEQUENCE SEQUENCE.SEQUENCE.PREPARE_SEQUENCE
918158.350 DRIFT_CORRECT SEQUENCE.SEQUENCE.DRIFT_CORRECT
918287.799 DISPLAY_SCREEN SEQUENCE.SEQUENCE.SEQUENCE.DISPLAY_SCREEN (BEGIN) 
918296.571 DISPLAY_SCREEN SEQUENCE.SEQUENCE.SEQUENCE.DISPLAY_SCREEN
926296.576 TIMER SEQUENCE.SEQUENCE.SEQUENCE.TIMER
926331.058 SetValueAction 
926359.908 DISPLAY_SCREEN SEQUENCE.SEQUENCE.SEQUENCE.DISPLAY_SCREEN (BEGIN) 
927499.759 EL_CAMERA_SETUP SEQUENCE.EL_CAMERA_SETUP
927616.176 PREPARE_SEQUENCE SEQUENCE.SEQUENCE.PREPARE_SEQUENCE
929647.863 DRIFT_CORRECT SEQUENCE.SEQUENCE.DRIFT_CORRECT
929780.618 DISPLAY_SCREEN SEQUENCE.SEQUENCE.SEQUENCE.DISPLAY_SCREEN (BEGIN) 
929795.331 DISPLAY_SCREEN SEQUENCE.SEQUENCE.SEQUENCE.DISPLAY_SCREEN
937795.339 TIMER SEQUENCE.SEQUENCE.SEQUENCE.TIMER
937830.076 SetValueAction 
937859.944 DISPLAY_SCREEN SEQUENCE.SEQUENCE.SEQUENCE.DISPLAY_SCREEN (BEGIN) 
938975.661 EL_CAMERA_SETUP SEQUENCE.EL_CAMERA_SETUP
939091.169 PREPARE_SEQUENCE SEQUENCE.SEQUENCE.PREPARE_SEQUENCE
942181.627 DRIFT_CORRECT SEQUENCE.SEQUENCE.DRIFT_CORRECT
942270.046 DISPLAY_SCREEN SEQUENCE.SEQUENCE.SEQUENCE.DISPLAY_SCREEN (BEGIN) 
942277.310 DISPLAY_SCREEN SEQUENCE.SEQUENCE.SEQUENCE.DISPLAY_SCREEN
950277.329 TIMER SEQUENCE.SEQUENCE.SEQUENCE.TIMER
950313.064 SetValueAction 
950343.093 DISPLAY_SCREEN SEQUENCE.SEQUENCE.SEQUENCE.DISPLAY_SCREEN (BEGIN) 
951430.577 EL_CAMERA_SETUP SEQUENCE.EL_CAMERA_SETUP
951545.166 PREPARE_SEQUENCE SEQUENCE.SEQUENCE.PREPARE_SEQUENCE
952917.716 DRIFT_CORRECT SEQUENCE.SEQUENCE.DRIFT_CORRECT
953061.618 DISPLAY_SCREEN SEQUENCE.SEQUENCE.SEQUENCE.DISPLAY_SCREEN (BEGIN) 
953076.142 DISPLAY_SCREEN SEQUENCE.SEQUENCE.SEQUENCE.DISPLAY_SCREEN
961076.182 TIMER SEQUENCE.SEQUENCE.SEQUENCE.TIMER
961112.070 SetValueAction 
961142.034 DISPLAY_SCREEN SEQUENCE.SEQUENCE.SEQUENCE.DISPLAY_SCREEN (BEGIN) 
962180.456 EL_CAMERA_SETUP SEQUENCE.EL_CAMERA_SETUP
962296.181 PREPARE_SEQUENCE SEQUENCE.SEQUENCE.PREPARE_SEQUENCE
963639.290 DRIFT_CORRECT SEQUENCE.SEQUENCE.DRIFT_CORRECT
963769.110 DISPLAY_SCREEN SEQUENCE.SEQUENCE.SEQUENCE.DISPLAY_SCREEN (BEGIN) 
963774.979 DISPLAY_SCREEN SEQUENCE.SEQUENCE.SEQUENCE.DISPLAY_SCREEN
971774.994 TIMER SEQUENCE.SEQUENCE.SEQUENCE.TIMER
971812.103 SetValueAction 
971843.179 DISPLAY_SCREEN SEQUENCE.SEQUENCE.SEQUENCE.DISPLAY_SCREEN (BEGIN) 
972853.201 EL_CAMERA_SETUP SEQUENCE.EL_CAMERA_SETUP
972971.195 PREPARE_SEQUENCE SEQUENCE.SEQUENCE.PREPARE_SEQUENCE
974341.749 DRIFT_CORRECT SEQUENCE.SEQUENCE.DRIFT_CORRECT
974426.234 DISPLAY_SCREEN SEQUENCE.SEQUENCE.SEQUENCE.DISPLAY_SCREEN (BEGIN) 
974440.509 DISPLAY_SCREEN SEQUENCE.SEQUENCE.SEQUENCE.DISPLAY_SCREEN
982440.517 TRACKER_TIME 8 2129139.167
982440.552 TIMER SEQUENCE.SEQUENCE.SEQUENCE.TIMER
982475.059 SetValueAction 
982504.811 DISPLAY_SCREEN SEQUENCE.SEQUENCE.SEQUENCE.DISPLAY_SCREEN (BEGIN) 
983259.345 EL_CAMERA_SETUP SEQUENCE.EL_CAMERA_SETUP
983374.154 PREPARE_SEQUENCE SEQUENCE.SEQUENCE.PREPARE_SEQUENCE
985252.414 DRIFT_CORRECT SEQUENCE.SEQUENCE.DRIFT_CORRECT
985365.080 DISPLAY_SCREEN SEQUENCE.SEQUENCE.SEQUENCE.DISPLAY_SCREEN (BEGIN) 
985372.654 DISPLAY_SCREEN SEQUENCE.SEQUENCE.SEQUENCE.DISPLAY_SCREEN
993372.671 TIMER SEQUENCE.SEQUENCE.SEQUENCE.TIMER
993407.059 SetValueAction 
993437.782 DISPLAY_SCREEN SEQUENCE.SEQUENCE.SEQUENCE.DISPLAY_SCREEN (BEGIN) 
994483.252 EL_CAMERA_SETUP SEQUENCE.EL_CAMERA_SETUP
994599.169 PREPARE_SEQUENCE SEQUENCE.SEQUENCE.PREPARE_SEQUENCE
996337.891 DRIFT_CORRECT SEQUENCE.SEQUENCE.DRIFT_CORRECT
996469.143 DISPLAY_SCREEN SEQUENCE.SEQUENCE.SEQUENCE.DISPLAY_SCREEN (BEGIN) 
996471.457 DISPLAY_SCREEN SEQUENCE.SEQUENCE.SEQUENCE.DISPLAY_SCREEN
1004471.483 TIMER SEQUENCE.SEQUENCE.SEQUENCE.TIMER
1004506.063 SetValueAction 
1004534.226 DISPLAY_SCREEN SEQUENCE.SEQUENCE.SEQUENCE.DISPLAY_SCREEN (BEGIN) 
1005239.135 EL_CAMERA_SETUP SEQUENCE.EL_CAMERA_SETUP
1005354.157 PREPARE_SEQUENCE SEQUENCE.SEQUENCE.PREPARE_SEQUENCE
1006651.461 DRIFT_CORRECT SEQUENCE.SEQUENCE.DRIFT_CORRECT
1006782.127 DISPLAY_SCREEN SEQUENCE.SEQUENCE.SEQUENCE.DISPLAY_SCREEN (BEGIN) 
1006787.012 DISPLAY_SCREEN SEQUENCE.SEQUENCE.SEQUENCE.DISPLAY_SCREEN
1014787.041 TIMER SEQUENCE.SEQUENCE.SEQUENCE.TIMER
1014826.186 DISPLAY_SCREEN[1] DISPLAY_SCREEN[1] (BEGIN) 
1014836.139 DISPLAY_SCREEN[1] DISPLAY_SCREEN[1]
1018836.145 TIMER[1] TIMER[1]
el_logger: Quit logger.
******** END OF THE LOG FILE ********
