29596.487 ********************************************************
29596.554 ** Session beginning Friday March 18, 2022 03:13:44 AM **
29596.562 ** ExperimentBuilder Project : lx **
29596.566 ** ExperimentBuilder Version : 2.3.1 **
29596.571 ** ExperimentBuilder Build   : Jun 23 2020 **
29596.575 ********************************************************
29596.582 TRACKER_TIME 0 2594710.241
29974.709 DISPLAY_SCREEN DISPLAY_SCREEN (BEGIN) 
29989.779 DISPLAY_SCREEN DISPLAY_SCREEN
39989.803 TIMER TIMER
39989.933 SetValueAction 
583547.901 TRACKER_TIME 1 3148651.164
583547.964 EL_CAMERA_SETUP SEQUENCE.EL_CAMERA_SETUP
583689.498 PREPARE_SEQUENCE SEQUENCE.SEQUENCE.PREPARE_SEQUENCE
592324.651 DRIFT_CORRECT SEQUENCE.SEQUENCE.DRIFT_CORRECT
592413.114 DISPLAY_SCREEN SEQUENCE.SEQUENCE.SEQUENCE.DISPLAY_SCREEN (BEGIN) 
592429.562 DISPLAY_SCREEN SEQUENCE.SEQUENCE.SEQUENCE.DISPLAY_SCREEN
600429.582 TIMER SEQUENCE.SEQUENCE.SEQUENCE.TIMER
600464.064 SetValueAction 
600489.959 DISPLAY_SCREEN SEQUENCE.SEQUENCE.SEQUENCE.DISPLAY_SCREEN (BEGIN) 
627036.223 EL_CAMERA_SETUP SEQUENCE.EL_CAMERA_SETUP
627151.173 PREPARE_SEQUENCE SEQUENCE.SEQUENCE.PREPARE_SEQUENCE
632398.817 DRIFT_CORRECT SEQUENCE.SEQUENCE.DRIFT_CORRECT
632479.155 DISPLAY_SCREEN SEQUENCE.SEQUENCE.SEQUENCE.DISPLAY_SCREEN (BEGIN) 
632491.948 DISPLAY_SCREEN SEQUENCE.SEQUENCE.SEQUENCE.DISPLAY_SCREEN
640491.961 TIMER SEQUENCE.SEQUENCE.SEQUENCE.TIMER
640526.062 SetValueAction 
640552.237 DISPLAY_SCREEN SEQUENCE.SEQUENCE.SEQUENCE.DISPLAY_SCREEN (BEGIN) 
644815.504 TRACKER_TIME 2 3209917.598
644815.539 EL_CAMERA_SETUP SEQUENCE.EL_CAMERA_SETUP
644930.184 PREPARE_SEQUENCE SEQUENCE.SEQUENCE.PREPARE_SEQUENCE
658740.264 DRIFT_CORRECT SEQUENCE.SEQUENCE.DRIFT_CORRECT
658823.159 DISPLAY_SCREEN SEQUENCE.SEQUENCE.SEQUENCE.DISPLAY_SCREEN (BEGIN) 
658839.132 DISPLAY_SCREEN SEQUENCE.SEQUENCE.SEQUENCE.DISPLAY_SCREEN
666839.183 TIMER SEQUENCE.SEQUENCE.SEQUENCE.TIMER
666874.065 SetValueAction 
666901.445 DISPLAY_SCREEN SEQUENCE.SEQUENCE.SEQUENCE.DISPLAY_SCREEN (BEGIN) 
668836.692 EL_CAMERA_SETUP SEQUENCE.EL_CAMERA_SETUP
668951.161 PREPARE_SEQUENCE SEQUENCE.SEQUENCE.PREPARE_SEQUENCE
671159.700 DRIFT_CORRECT SEQUENCE.SEQUENCE.DRIFT_CORRECT
671290.212 DISPLAY_SCREEN SEQUENCE.SEQUENCE.SEQUENCE.DISPLAY_SCREEN (BEGIN) 
671304.444 DISPLAY_SCREEN SEQUENCE.SEQUENCE.SEQUENCE.DISPLAY_SCREEN
679304.464 TIMER SEQUENCE.SEQUENCE.SEQUENCE.TIMER
679340.061 SetValueAction 
679367.864 DISPLAY_SCREEN SEQUENCE.SEQUENCE.SEQUENCE.DISPLAY_SCREEN (BEGIN) 
681459.915 EL_CAMERA_SETUP SEQUENCE.EL_CAMERA_SETUP
681575.163 PREPARE_SEQUENCE SEQUENCE.SEQUENCE.PREPARE_SEQUENCE
683300.939 DRIFT_CORRECT SEQUENCE.SEQUENCE.DRIFT_CORRECT
683390.156 DISPLAY_SCREEN SEQUENCE.SEQUENCE.SEQUENCE.DISPLAY_SCREEN (BEGIN) 
683403.169 DISPLAY_SCREEN SEQUENCE.SEQUENCE.SEQUENCE.DISPLAY_SCREEN
691403.168 TIMER SEQUENCE.SEQUENCE.SEQUENCE.TIMER
691439.062 SetValueAction 
691464.145 DISPLAY_SCREEN SEQUENCE.SEQUENCE.SEQUENCE.DISPLAY_SCREEN (BEGIN) 
693947.594 EL_CAMERA_SETUP SEQUENCE.EL_CAMERA_SETUP
694079.164 PREPARE_SEQUENCE SEQUENCE.SEQUENCE.PREPARE_SEQUENCE
703029.960 DRIFT_CORRECT SEQUENCE.SEQUENCE.DRIFT_CORRECT
703160.998 DISPLAY_SCREEN SEQUENCE.SEQUENCE.SEQUENCE.DISPLAY_SCREEN (BEGIN) 
703167.759 DISPLAY_SCREEN SEQUENCE.SEQUENCE.SEQUENCE.DISPLAY_SCREEN
711167.738 TRACKER_TIME 3 3276268.562
711167.770 TIMER SEQUENCE.SEQUENCE.SEQUENCE.TIMER
711204.060 SetValueAction 
711230.436 DISPLAY_SCREEN SEQUENCE.SEQUENCE.SEQUENCE.DISPLAY_SCREEN (BEGIN) 
712969.808 EL_CAMERA_SETUP SEQUENCE.EL_CAMERA_SETUP
713085.179 PREPARE_SEQUENCE SEQUENCE.SEQUENCE.PREPARE_SEQUENCE
717394.743 DRIFT_CORRECT SEQUENCE.SEQUENCE.DRIFT_CORRECT
717545.190 DISPLAY_SCREEN SEQUENCE.SEQUENCE.SEQUENCE.DISPLAY_SCREEN (BEGIN) 
717549.494 DISPLAY_SCREEN SEQUENCE.SEQUENCE.SEQUENCE.DISPLAY_SCREEN
725549.533 TIMER SEQUENCE.SEQUENCE.SEQUENCE.TIMER
725584.059 SetValueAction 
725611.529 DISPLAY_SCREEN SEQUENCE.SEQUENCE.SEQUENCE.DISPLAY_SCREEN (BEGIN) 
727090.369 EL_CAMERA_SETUP SEQUENCE.EL_CAMERA_SETUP
727207.159 PREPARE_SEQUENCE SEQUENCE.SEQUENCE.PREPARE_SEQUENCE
729429.167 DRIFT_CORRECT SEQUENCE.SEQUENCE.DRIFT_CORRECT
729510.107 DISPLAY_SCREEN SEQUENCE.SEQUENCE.SEQUENCE.DISPLAY_SCREEN (BEGIN) 
729514.907 DISPLAY_SCREEN SEQUENCE.SEQUENCE.SEQUENCE.DISPLAY_SCREEN
737514.925 TIMER SEQUENCE.SEQUENCE.SEQUENCE.TIMER
737549.062 SetValueAction 
737576.750 DISPLAY_SCREEN SEQUENCE.SEQUENCE.SEQUENCE.DISPLAY_SCREEN (BEGIN) 
738990.398 EL_CAMERA_SETUP SEQUENCE.EL_CAMERA_SETUP
739104.175 PREPARE_SEQUENCE SEQUENCE.SEQUENCE.PREPARE_SEQUENCE
740192.798 DRIFT_CORRECT SEQUENCE.SEQUENCE.DRIFT_CORRECT
740282.117 DISPLAY_SCREEN SEQUENCE.SEQUENCE.SEQUENCE.DISPLAY_SCREEN (BEGIN) 
740297.082 DISPLAY_SCREEN SEQUENCE.SEQUENCE.SEQUENCE.DISPLAY_SCREEN
748297.118 TIMER SEQUENCE.SEQUENCE.SEQUENCE.TIMER
748332.064 SetValueAction 
748359.177 DISPLAY_SCREEN SEQUENCE.SEQUENCE.SEQUENCE.DISPLAY_SCREEN (BEGIN) 
749747.295 EL_CAMERA_SETUP SEQUENCE.EL_CAMERA_SETUP
749861.223 PREPARE_SEQUENCE SEQUENCE.SEQUENCE.PREPARE_SEQUENCE
751573.295 DRIFT_CORRECT SEQUENCE.SEQUENCE.DRIFT_CORRECT
751747.619 DISPLAY_SCREEN SEQUENCE.SEQUENCE.SEQUENCE.DISPLAY_SCREEN (BEGIN) 
751762.518 DISPLAY_SCREEN SEQUENCE.SEQUENCE.SEQUENCE.DISPLAY_SCREEN
759762.533 TIMER SEQUENCE.SEQUENCE.SEQUENCE.TIMER
759798.063 SetValueAction 
759824.353 DISPLAY_SCREEN SEQUENCE.SEQUENCE.SEQUENCE.DISPLAY_SCREEN (BEGIN) 
761082.862 EL_CAMERA_SETUP SEQUENCE.EL_CAMERA_SETUP
761197.160 PREPARE_SEQUENCE SEQUENCE.SEQUENCE.PREPARE_SEQUENCE
765268.367 DRIFT_CORRECT SEQUENCE.SEQUENCE.DRIFT_CORRECT
765397.243 DISPLAY_SCREEN SEQUENCE.SEQUENCE.SEQUENCE.DISPLAY_SCREEN (BEGIN) 
765411.061 DISPLAY_SCREEN SEQUENCE.SEQUENCE.SEQUENCE.DISPLAY_SCREEN
773411.095 TRACKER_TIME 4 3338510.354
773411.127 TIMER SEQUENCE.SEQUENCE.SEQUENCE.TIMER
773447.062 SetValueAction 
773475.638 DISPLAY_SCREEN SEQUENCE.SEQUENCE.SEQUENCE.DISPLAY_SCREEN (BEGIN) 
774986.673 EL_CAMERA_SETUP SEQUENCE.EL_CAMERA_SETUP
775103.164 PREPARE_SEQUENCE SEQUENCE.SEQUENCE.PREPARE_SEQUENCE
775979.743 DRIFT_CORRECT SEQUENCE.SEQUENCE.DRIFT_CORRECT
776111.619 DISPLAY_SCREEN SEQUENCE.SEQUENCE.SEQUENCE.DISPLAY_SCREEN (BEGIN) 
776126.579 DISPLAY_SCREEN SEQUENCE.SEQUENCE.SEQUENCE.DISPLAY_SCREEN
784126.590 TIMER SEQUENCE.SEQUENCE.SEQUENCE.TIMER
784163.059 SetValueAction 
784191.789 DISPLAY_SCREEN SEQUENCE.SEQUENCE.SEQUENCE.DISPLAY_SCREEN (BEGIN) 
785450.091 EL_CAMERA_SETUP SEQUENCE.EL_CAMERA_SETUP
785565.179 PREPARE_SEQUENCE SEQUENCE.SEQUENCE.PREPARE_SEQUENCE
795844.608 DRIFT_CORRECT SEQUENCE.SEQUENCE.DRIFT_CORRECT
795977.172 DISPLAY_SCREEN SEQUENCE.SEQUENCE.SEQUENCE.DISPLAY_SCREEN (BEGIN) 
795991.124 DISPLAY_SCREEN SEQUENCE.SEQUENCE.SEQUENCE.DISPLAY_SCREEN
803991.174 TIMER SEQUENCE.SEQUENCE.SEQUENCE.TIMER
804027.059 SetValueAction 
804051.346 DISPLAY_SCREEN SEQUENCE.SEQUENCE.SEQUENCE.DISPLAY_SCREEN (BEGIN) 
805436.927 EL_CAMERA_SETUP SEQUENCE.EL_CAMERA_SETUP
805552.152 PREPARE_SEQUENCE SEQUENCE.SEQUENCE.PREPARE_SEQUENCE
816565.718 DRIFT_CORRECT SEQUENCE.SEQUENCE.DRIFT_CORRECT
816696.671 DISPLAY_SCREEN SEQUENCE.SEQUENCE.SEQUENCE.DISPLAY_SCREEN (BEGIN) 
816705.568 DISPLAY_SCREEN SEQUENCE.SEQUENCE.SEQUENCE.DISPLAY_SCREEN
824705.611 TIMER SEQUENCE.SEQUENCE.SEQUENCE.TIMER
824741.065 SetValueAction 
824769.039 DISPLAY_SCREEN SEQUENCE.SEQUENCE.SEQUENCE.DISPLAY_SCREEN (BEGIN) 
825607.004 EL_CAMERA_SETUP SEQUENCE.EL_CAMERA_SETUP
825722.189 PREPARE_SEQUENCE SEQUENCE.SEQUENCE.PREPARE_SEQUENCE
828150.757 DRIFT_CORRECT SEQUENCE.SEQUENCE.DRIFT_CORRECT
828239.618 DISPLAY_SCREEN SEQUENCE.SEQUENCE.SEQUENCE.DISPLAY_SCREEN (BEGIN) 
828254.326 DISPLAY_SCREEN SEQUENCE.SEQUENCE.SEQUENCE.DISPLAY_SCREEN
836254.379 TRACKER_TIME 5 3401352.834
836254.410 TIMER SEQUENCE.SEQUENCE.SEQUENCE.TIMER
836289.057 SetValueAction 
836317.261 DISPLAY_SCREEN SEQUENCE.SEQUENCE.SEQUENCE.DISPLAY_SCREEN (BEGIN) 
837841.306 EL_CAMERA_SETUP SEQUENCE.EL_CAMERA_SETUP
837956.159 PREPARE_SEQUENCE SEQUENCE.SEQUENCE.PREPARE_SEQUENCE
839194.678 DRIFT_CORRECT SEQUENCE.SEQUENCE.DRIFT_CORRECT
839278.673 DISPLAY_SCREEN SEQUENCE.SEQUENCE.SEQUENCE.DISPLAY_SCREEN (BEGIN) 
839286.470 DISPLAY_SCREEN SEQUENCE.SEQUENCE.SEQUENCE.DISPLAY_SCREEN
847286.494 TIMER SEQUENCE.SEQUENCE.SEQUENCE.TIMER
847321.059 SetValueAction 
847349.264 DISPLAY_SCREEN SEQUENCE.SEQUENCE.SEQUENCE.DISPLAY_SCREEN (BEGIN) 
848550.864 EL_CAMERA_SETUP SEQUENCE.EL_CAMERA_SETUP
848666.191 PREPARE_SEQUENCE SEQUENCE.SEQUENCE.PREPARE_SEQUENCE
850108.695 DRIFT_CORRECT SEQUENCE.SEQUENCE.DRIFT_CORRECT
850237.252 DISPLAY_SCREEN SEQUENCE.SEQUENCE.SEQUENCE.DISPLAY_SCREEN (BEGIN) 
850251.988 DISPLAY_SCREEN SEQUENCE.SEQUENCE.SEQUENCE.DISPLAY_SCREEN
858252.022 TIMER SEQUENCE.SEQUENCE.SEQUENCE.TIMER
858289.063 SetValueAction 
858315.749 DISPLAY_SCREEN SEQUENCE.SEQUENCE.SEQUENCE.DISPLAY_SCREEN (BEGIN) 
859450.907 EL_CAMERA_SETUP SEQUENCE.EL_CAMERA_SETUP
859566.155 PREPARE_SEQUENCE SEQUENCE.SEQUENCE.PREPARE_SEQUENCE
862339.801 DRIFT_CORRECT SEQUENCE.SEQUENCE.DRIFT_CORRECT
862422.149 DISPLAY_SCREEN SEQUENCE.SEQUENCE.SEQUENCE.DISPLAY_SCREEN (BEGIN) 
862434.004 DISPLAY_SCREEN SEQUENCE.SEQUENCE.SEQUENCE.DISPLAY_SCREEN
870434.036 TIMER SEQUENCE.SEQUENCE.SEQUENCE.TIMER
870470.060 SetValueAction 
870497.902 DISPLAY_SCREEN SEQUENCE.SEQUENCE.SEQUENCE.DISPLAY_SCREEN (BEGIN) 
872043.449 EL_CAMERA_SETUP SEQUENCE.EL_CAMERA_SETUP
872158.165 PREPARE_SEQUENCE SEQUENCE.SEQUENCE.PREPARE_SEQUENCE
873254.590 DRIFT_CORRECT SEQUENCE.SEQUENCE.DRIFT_CORRECT
873423.640 DISPLAY_SCREEN SEQUENCE.SEQUENCE.SEQUENCE.DISPLAY_SCREEN (BEGIN) 
873432.827 DISPLAY_SCREEN SEQUENCE.SEQUENCE.SEQUENCE.DISPLAY_SCREEN
881432.888 TIMER SEQUENCE.SEQUENCE.SEQUENCE.TIMER
881467.060 SetValueAction 
881495.492 DISPLAY_SCREEN SEQUENCE.SEQUENCE.SEQUENCE.DISPLAY_SCREEN (BEGIN) 
882427.504 EL_CAMERA_SETUP SEQUENCE.EL_CAMERA_SETUP
882542.157 PREPARE_SEQUENCE SEQUENCE.SEQUENCE.PREPARE_SEQUENCE
891532.355 DRIFT_CORRECT SEQUENCE.SEQUENCE.DRIFT_CORRECT
891615.270 DISPLAY_SCREEN SEQUENCE.SEQUENCE.SEQUENCE.DISPLAY_SCREEN (BEGIN) 
891630.880 DISPLAY_SCREEN SEQUENCE.SEQUENCE.SEQUENCE.DISPLAY_SCREEN
899630.902 TRACKER_TIME 6 3464728.149
899630.934 TIMER SEQUENCE.SEQUENCE.SEQUENCE.TIMER
899665.061 SetValueAction 
899704.572 DISPLAY_SCREEN SEQUENCE.SEQUENCE.SEQUENCE.DISPLAY_SCREEN (BEGIN) 
900327.945 EL_CAMERA_SETUP SEQUENCE.EL_CAMERA_SETUP
900443.155 PREPARE_SEQUENCE SEQUENCE.SEQUENCE.PREPARE_SEQUENCE
912819.739 DRIFT_CORRECT SEQUENCE.SEQUENCE.DRIFT_CORRECT
912974.118 DISPLAY_SCREEN SEQUENCE.SEQUENCE.SEQUENCE.DISPLAY_SCREEN (BEGIN) 
912978.585 DISPLAY_SCREEN SEQUENCE.SEQUENCE.SEQUENCE.DISPLAY_SCREEN
920978.613 TIMER SEQUENCE.SEQUENCE.SEQUENCE.TIMER
921015.061 SetValueAction 
921043.133 DISPLAY_SCREEN SEQUENCE.SEQUENCE.SEQUENCE.DISPLAY_SCREEN (BEGIN) 
921837.332 EL_CAMERA_SETUP SEQUENCE.EL_CAMERA_SETUP
921952.161 PREPARE_SEQUENCE SEQUENCE.SEQUENCE.PREPARE_SEQUENCE
925256.621 DRIFT_CORRECT SEQUENCE.SEQUENCE.DRIFT_CORRECT
925336.172 DISPLAY_SCREEN SEQUENCE.SEQUENCE.SEQUENCE.DISPLAY_SCREEN (BEGIN) 
925343.931 DISPLAY_SCREEN SEQUENCE.SEQUENCE.SEQUENCE.DISPLAY_SCREEN
933343.942 TIMER SEQUENCE.SEQUENCE.SEQUENCE.TIMER
933378.060 SetValueAction 
933405.265 DISPLAY_SCREEN SEQUENCE.SEQUENCE.SEQUENCE.DISPLAY_SCREEN (BEGIN) 
934079.263 EL_CAMERA_SETUP SEQUENCE.EL_CAMERA_SETUP
934194.249 PREPARE_SEQUENCE SEQUENCE.SEQUENCE.PREPARE_SEQUENCE
941215.042 DRIFT_CORRECT SEQUENCE.SEQUENCE.DRIFT_CORRECT
941369.020 DISPLAY_SCREEN SEQUENCE.SEQUENCE.SEQUENCE.DISPLAY_SCREEN (BEGIN) 
941375.555 DISPLAY_SCREEN SEQUENCE.SEQUENCE.SEQUENCE.DISPLAY_SCREEN
949375.576 TIMER SEQUENCE.SEQUENCE.SEQUENCE.TIMER
949411.075 SetValueAction 
949438.505 DISPLAY_SCREEN SEQUENCE.SEQUENCE.SEQUENCE.DISPLAY_SCREEN (BEGIN) 
950314.818 EL_CAMERA_SETUP SEQUENCE.EL_CAMERA_SETUP
950430.164 PREPARE_SEQUENCE SEQUENCE.SEQUENCE.PREPARE_SEQUENCE
955721.020 DRIFT_CORRECT SEQUENCE.SEQUENCE.DRIFT_CORRECT
955802.038 DISPLAY_SCREEN SEQUENCE.SEQUENCE.SEQUENCE.DISPLAY_SCREEN (BEGIN) 
955807.334 DISPLAY_SCREEN SEQUENCE.SEQUENCE.SEQUENCE.DISPLAY_SCREEN
963807.364 TRACKER_TIME 7 3528903.420
963807.395 TIMER SEQUENCE.SEQUENCE.SEQUENCE.TIMER
963842.057 SetValueAction 
963868.915 DISPLAY_SCREEN SEQUENCE.SEQUENCE.SEQUENCE.DISPLAY_SCREEN (BEGIN) 
964657.419 EL_CAMERA_SETUP SEQUENCE.EL_CAMERA_SETUP
964773.186 PREPARE_SEQUENCE SEQUENCE.SEQUENCE.PREPARE_SEQUENCE
965842.947 DRIFT_CORRECT SEQUENCE.SEQUENCE.DRIFT_CORRECT
965980.639 DISPLAY_SCREEN SEQUENCE.SEQUENCE.SEQUENCE.DISPLAY_SCREEN (BEGIN) 
965989.591 DISPLAY_SCREEN SEQUENCE.SEQUENCE.SEQUENCE.DISPLAY_SCREEN
973989.589 TIMER SEQUENCE.SEQUENCE.SEQUENCE.TIMER
974026.061 SetValueAction 
974053.553 DISPLAY_SCREEN SEQUENCE.SEQUENCE.SEQUENCE.DISPLAY_SCREEN (BEGIN) 
974852.091 EL_CAMERA_SETUP SEQUENCE.EL_CAMERA_SETUP
974967.160 PREPARE_SEQUENCE SEQUENCE.SEQUENCE.PREPARE_SEQUENCE
975801.899 DRIFT_CORRECT SEQUENCE.SEQUENCE.DRIFT_CORRECT
975935.144 DISPLAY_SCREEN SEQUENCE.SEQUENCE.SEQUENCE.DISPLAY_SCREEN (BEGIN) 
975938.514 DISPLAY_SCREEN SEQUENCE.SEQUENCE.SEQUENCE.DISPLAY_SCREEN
983938.519 TIMER SEQUENCE.SEQUENCE.SEQUENCE.TIMER
983974.064 SetValueAction 
984001.769 DISPLAY_SCREEN SEQUENCE.SEQUENCE.SEQUENCE.DISPLAY_SCREEN (BEGIN) 
984669.135 EL_CAMERA_SETUP SEQUENCE.EL_CAMERA_SETUP
984784.156 PREPARE_SEQUENCE SEQUENCE.SEQUENCE.PREPARE_SEQUENCE
1009609.565 DRIFT_CORRECT SEQUENCE.SEQUENCE.DRIFT_CORRECT
1009740.241 DISPLAY_SCREEN SEQUENCE.SEQUENCE.SEQUENCE.DISPLAY_SCREEN (BEGIN) 
1009751.577 DISPLAY_SCREEN SEQUENCE.SEQUENCE.SEQUENCE.DISPLAY_SCREEN
1017751.622 TIMER SEQUENCE.SEQUENCE.SEQUENCE.TIMER
1017787.062 SetValueAction 
1017816.134 DISPLAY_SCREEN SEQUENCE.SEQUENCE.SEQUENCE.DISPLAY_SCREEN (BEGIN) 
1018996.565 EL_CAMERA_SETUP SEQUENCE.EL_CAMERA_SETUP
1019111.184 PREPARE_SEQUENCE SEQUENCE.SEQUENCE.PREPARE_SEQUENCE
1023619.018 DRIFT_CORRECT SEQUENCE.SEQUENCE.DRIFT_CORRECT
1023751.621 DISPLAY_SCREEN SEQUENCE.SEQUENCE.SEQUENCE.DISPLAY_SCREEN (BEGIN) 
1023766.750 DISPLAY_SCREEN SEQUENCE.SEQUENCE.SEQUENCE.DISPLAY_SCREEN
1031766.772 TRACKER_TIME 8 3596861.495
1031766.804 TIMER SEQUENCE.SEQUENCE.SEQUENCE.TIMER
1031801.061 SetValueAction 
1031829.159 DISPLAY_SCREEN SEQUENCE.SEQUENCE.SEQUENCE.DISPLAY_SCREEN (BEGIN) 
1032497.451 EL_CAMERA_SETUP SEQUENCE.EL_CAMERA_SETUP
1032613.154 PREPARE_SEQUENCE SEQUENCE.SEQUENCE.PREPARE_SEQUENCE
1033513.743 DRIFT_CORRECT SEQUENCE.SEQUENCE.DRIFT_CORRECT
1033683.619 DISPLAY_SCREEN SEQUENCE.SEQUENCE.SEQUENCE.DISPLAY_SCREEN (BEGIN) 
1033699.014 DISPLAY_SCREEN SEQUENCE.SEQUENCE.SEQUENCE.DISPLAY_SCREEN
1041699.058 TIMER SEQUENCE.SEQUENCE.SEQUENCE.TIMER
1041736.080 SetValueAction 
1041764.650 DISPLAY_SCREEN SEQUENCE.SEQUENCE.SEQUENCE.DISPLAY_SCREEN (BEGIN) 
1042349.734 EL_CAMERA_SETUP SEQUENCE.EL_CAMERA_SETUP
1042465.156 PREPARE_SEQUENCE SEQUENCE.SEQUENCE.PREPARE_SEQUENCE
1044001.055 DRIFT_CORRECT SEQUENCE.SEQUENCE.DRIFT_CORRECT
1044082.617 DISPLAY_SCREEN SEQUENCE.SEQUENCE.SEQUENCE.DISPLAY_SCREEN (BEGIN) 
1044097.906 DISPLAY_SCREEN SEQUENCE.SEQUENCE.SEQUENCE.DISPLAY_SCREEN
1052097.923 TIMER SEQUENCE.SEQUENCE.SEQUENCE.TIMER
1052133.060 SetValueAction 
1052161.813 DISPLAY_SCREEN SEQUENCE.SEQUENCE.SEQUENCE.DISPLAY_SCREEN (BEGIN) 
1052995.095 EL_CAMERA_SETUP SEQUENCE.EL_CAMERA_SETUP
1053110.153 PREPARE_SEQUENCE SEQUENCE.SEQUENCE.PREPARE_SEQUENCE
1056070.975 DRIFT_CORRECT SEQUENCE.SEQUENCE.DRIFT_CORRECT
1056198.622 DISPLAY_SCREEN SEQUENCE.SEQUENCE.SEQUENCE.DISPLAY_SCREEN (BEGIN) 
1056213.285 DISPLAY_SCREEN SEQUENCE.SEQUENCE.SEQUENCE.DISPLAY_SCREEN
1064213.289 TIMER SEQUENCE.SEQUENCE.SEQUENCE.TIMER
1064249.060 SetValueAction 
1064276.590 DISPLAY_SCREEN SEQUENCE.SEQUENCE.SEQUENCE.DISPLAY_SCREEN (BEGIN) 
1064911.911 EL_CAMERA_SETUP SEQUENCE.EL_CAMERA_SETUP
1065027.171 PREPARE_SEQUENCE SEQUENCE.SEQUENCE.PREPARE_SEQUENCE
1067656.045 DRIFT_CORRECT SEQUENCE.SEQUENCE.DRIFT_CORRECT
1067785.701 DISPLAY_SCREEN SEQUENCE.SEQUENCE.SEQUENCE.DISPLAY_SCREEN (BEGIN) 
1067795.362 DISPLAY_SCREEN SEQUENCE.SEQUENCE.SEQUENCE.DISPLAY_SCREEN
1075795.416 TIMER SEQUENCE.SEQUENCE.SEQUENCE.TIMER
1075830.059 SetValueAction 
1075854.018 DISPLAY_SCREEN SEQUENCE.SEQUENCE.SEQUENCE.DISPLAY_SCREEN (BEGIN) 
1076653.217 EL_CAMERA_SETUP SEQUENCE.EL_CAMERA_SETUP
1076769.162 PREPARE_SEQUENCE SEQUENCE.SEQUENCE.PREPARE_SEQUENCE
1077569.198 DRIFT_CORRECT SEQUENCE.SEQUENCE.DRIFT_CORRECT
1077736.590 DISPLAY_SCREEN SEQUENCE.SEQUENCE.SEQUENCE.DISPLAY_SCREEN (BEGIN) 
1077744.342 DISPLAY_SCREEN SEQUENCE.SEQUENCE.SEQUENCE.DISPLAY_SCREEN
1085744.314 TIMER SEQUENCE.SEQUENCE.SEQUENCE.TIMER
1085780.064 SetValueAction 
1085805.540 DISPLAY_SCREEN SEQUENCE.SEQUENCE.SEQUENCE.DISPLAY_SCREEN (BEGIN) 
1087109.718 EL_CAMERA_SETUP SEQUENCE.EL_CAMERA_SETUP
1087226.158 PREPARE_SEQUENCE SEQUENCE.SEQUENCE.PREPARE_SEQUENCE
1095961.072 TRACKER_TIME 9 3661054.179
1095961.094 DRIFT_CORRECT SEQUENCE.SEQUENCE.DRIFT_CORRECT
1096053.174 DISPLAY_SCREEN SEQUENCE.SEQUENCE.SEQUENCE.DISPLAY_SCREEN (BEGIN) 
1096059.009 DISPLAY_SCREEN SEQUENCE.SEQUENCE.SEQUENCE.DISPLAY_SCREEN
1104059.058 TIMER SEQUENCE.SEQUENCE.SEQUENCE.TIMER
1104095.066 SetValueAction 
1104122.943 DISPLAY_SCREEN SEQUENCE.SEQUENCE.SEQUENCE.DISPLAY_SCREEN (BEGIN) 
1104835.094 EL_CAMERA_SETUP SEQUENCE.EL_CAMERA_SETUP
1104949.171 PREPARE_SEQUENCE SEQUENCE.SEQUENCE.PREPARE_SEQUENCE
1107252.080 DRIFT_CORRECT SEQUENCE.SEQUENCE.DRIFT_CORRECT
1107403.071 DISPLAY_SCREEN SEQUENCE.SEQUENCE.SEQUENCE.DISPLAY_SCREEN (BEGIN) 
1107407.788 DISPLAY_SCREEN SEQUENCE.SEQUENCE.SEQUENCE.DISPLAY_SCREEN
1115407.826 TIMER SEQUENCE.SEQUENCE.SEQUENCE.TIMER
1115443.061 SetValueAction 
1115470.905 DISPLAY_SCREEN SEQUENCE.SEQUENCE.SEQUENCE.DISPLAY_SCREEN (BEGIN) 
1117941.058 EL_CAMERA_SETUP SEQUENCE.EL_CAMERA_SETUP
1118056.173 PREPARE_SEQUENCE SEQUENCE.SEQUENCE.PREPARE_SEQUENCE
1122161.311 DRIFT_CORRECT SEQUENCE.SEQUENCE.DRIFT_CORRECT
1122282.983 DISPLAY_SCREEN SEQUENCE.SEQUENCE.SEQUENCE.DISPLAY_SCREEN (BEGIN) 
1122289.520 DISPLAY_SCREEN SEQUENCE.SEQUENCE.SEQUENCE.DISPLAY_SCREEN
1130289.578 TIMER SEQUENCE.SEQUENCE.SEQUENCE.TIMER
1130326.065 SetValueAction 
1130353.444 DISPLAY_SCREEN SEQUENCE.SEQUENCE.SEQUENCE.DISPLAY_SCREEN (BEGIN) 
1131388.342 EL_CAMERA_SETUP SEQUENCE.EL_CAMERA_SETUP
1131504.160 PREPARE_SEQUENCE SEQUENCE.SEQUENCE.PREPARE_SEQUENCE
1132355.778 DRIFT_CORRECT SEQUENCE.SEQUENCE.DRIFT_CORRECT
1132508.214 DISPLAY_SCREEN SEQUENCE.SEQUENCE.SEQUENCE.DISPLAY_SCREEN (BEGIN) 
1132521.788 DISPLAY_SCREEN SEQUENCE.SEQUENCE.SEQUENCE.DISPLAY_SCREEN
1140521.816 TIMER SEQUENCE.SEQUENCE.SEQUENCE.TIMER
1140556.092 SetValueAction 
1140584.546 DISPLAY_SCREEN SEQUENCE.SEQUENCE.SEQUENCE.DISPLAY_SCREEN (BEGIN) 
1141350.204 EL_CAMERA_SETUP SEQUENCE.EL_CAMERA_SETUP
1141465.229 PREPARE_SEQUENCE SEQUENCE.SEQUENCE.PREPARE_SEQUENCE
1143290.609 DRIFT_CORRECT SEQUENCE.SEQUENCE.DRIFT_CORRECT
1143394.729 DISPLAY_SCREEN SEQUENCE.SEQUENCE.SEQUENCE.DISPLAY_SCREEN (BEGIN) 
1143403.948 DISPLAY_SCREEN SEQUENCE.SEQUENCE.SEQUENCE.DISPLAY_SCREEN
1151403.944 TIMER SEQUENCE.SEQUENCE.SEQUENCE.TIMER
1151438.059 SetValueAction 
1151465.517 DISPLAY_SCREEN SEQUENCE.SEQUENCE.SEQUENCE.DISPLAY_SCREEN (BEGIN) 
1152305.673 EL_CAMERA_SETUP SEQUENCE.EL_CAMERA_SETUP
1152421.158 PREPARE_SEQUENCE SEQUENCE.SEQUENCE.PREPARE_SEQUENCE
1153528.200 DRIFT_CORRECT SEQUENCE.SEQUENCE.DRIFT_CORRECT
1153656.133 DISPLAY_SCREEN SEQUENCE.SEQUENCE.SEQUENCE.DISPLAY_SCREEN (BEGIN) 
1153669.517 DISPLAY_SCREEN SEQUENCE.SEQUENCE.SEQUENCE.DISPLAY_SCREEN
1161669.541 TRACKER_TIME 10 3726761.787
1161669.571 TIMER SEQUENCE.SEQUENCE.SEQUENCE.TIMER
1161704.066 SetValueAction 
1161732.598 DISPLAY_SCREEN SEQUENCE.SEQUENCE.SEQUENCE.DISPLAY_SCREEN (BEGIN) 
1162490.845 EL_CAMERA_SETUP SEQUENCE.EL_CAMERA_SETUP
1162611.164 PREPARE_SEQUENCE SEQUENCE.SEQUENCE.PREPARE_SEQUENCE
1163757.170 DRIFT_CORRECT SEQUENCE.SEQUENCE.DRIFT_CORRECT
1163890.220 DISPLAY_SCREEN SEQUENCE.SEQUENCE.SEQUENCE.DISPLAY_SCREEN (BEGIN) 
1163901.743 DISPLAY_SCREEN SEQUENCE.SEQUENCE.SEQUENCE.DISPLAY_SCREEN
1171901.760 TIMER SEQUENCE.SEQUENCE.SEQUENCE.TIMER
1171937.059 SetValueAction 
1171963.307 DISPLAY_SCREEN SEQUENCE.SEQUENCE.SEQUENCE.DISPLAY_SCREEN (BEGIN) 
1173141.850 EL_CAMERA_SETUP SEQUENCE.EL_CAMERA_SETUP
1173257.173 PREPARE_SEQUENCE SEQUENCE.SEQUENCE.PREPARE_SEQUENCE
1174183.007 DRIFT_CORRECT SEQUENCE.SEQUENCE.DRIFT_CORRECT
1174324.655 DISPLAY_SCREEN SEQUENCE.SEQUENCE.SEQUENCE.DISPLAY_SCREEN (BEGIN) 
1174333.967 DISPLAY_SCREEN SEQUENCE.SEQUENCE.SEQUENCE.DISPLAY_SCREEN
1182333.976 TIMER SEQUENCE.SEQUENCE.SEQUENCE.TIMER
1182374.200 DISPLAY_SCREEN[1] DISPLAY_SCREEN[1] (BEGIN) 
1182383.096 DISPLAY_SCREEN[1] DISPLAY_SCREEN[1]
1186383.121 TIMER[1] TIMER[1]
el_logger: Quit logger.
******** END OF THE LOG FILE ********
