17762.635 ********************************************************
17762.705 ** Session beginning Friday March 11, 2022 03:56:58 AM **
17762.713 ** ExperimentBuilder Project : ljj **
17762.717 ** ExperimentBuilder Version : 2.3.1 **
17762.722 ** ExperimentBuilder Build   : Jun 23 2020 **
17762.726 ********************************************************
17762.733 TRACKER_TIME 0 6236823.106
18145.307 DISPLAY_SCREEN DISPLAY_SCREEN (BEGIN) 
18159.642 DISPLAY_SCREEN DISPLAY_SCREEN
28159.616 TIMER TIMER
28159.745 SetValueAction 
1184561.778 TRACKER_TIME 1 7403602.109
1184561.815 EL_CAMERA_SETUP SEQUENCE.EL_CAMERA_SETUP
1184700.137 PREPARE_SEQUENCE SEQUENCE.SEQUENCE.PREPARE_SEQUENCE
1186919.082 DRIFT_CORRECT SEQUENCE.SEQUENCE.DRIFT_CORRECT
1187005.277 DISPLAY_SCREEN SEQUENCE.SEQUENCE.SEQUENCE.DISPLAY_SCREEN (BEGIN) 
1187015.724 DISPLAY_SCREEN SEQUENCE.SEQUENCE.SEQUENCE.DISPLAY_SCREEN
1195015.787 TIMER SEQUENCE.SEQUENCE.SEQUENCE.TIMER
1195051.058 SetValueAction 
1195083.024 DISPLAY_SCREEN SEQUENCE.SEQUENCE.SEQUENCE.DISPLAY_SCREEN (BEGIN) 
1198384.268 EL_CAMERA_SETUP SEQUENCE.EL_CAMERA_SETUP
1198500.158 PREPARE_SEQUENCE SEQUENCE.SEQUENCE.PREPARE_SEQUENCE
1200645.714 DRIFT_CORRECT SEQUENCE.SEQUENCE.DRIFT_CORRECT
1200776.135 DISPLAY_SCREEN SEQUENCE.SEQUENCE.SEQUENCE.DISPLAY_SCREEN (BEGIN) 
1200780.874 DISPLAY_SCREEN SEQUENCE.SEQUENCE.SEQUENCE.DISPLAY_SCREEN
1208780.912 TIMER SEQUENCE.SEQUENCE.SEQUENCE.TIMER
1208817.059 SetValueAction 
1208849.271 DISPLAY_SCREEN SEQUENCE.SEQUENCE.SEQUENCE.DISPLAY_SCREEN (BEGIN) 
1220158.004 EL_CAMERA_SETUP SEQUENCE.EL_CAMERA_SETUP
1220272.174 PREPARE_SEQUENCE SEQUENCE.SEQUENCE.PREPARE_SEQUENCE
1225402.322 DRIFT_CORRECT SEQUENCE.SEQUENCE.DRIFT_CORRECT
1225554.033 DISPLAY_SCREEN SEQUENCE.SEQUENCE.SEQUENCE.DISPLAY_SCREEN (BEGIN) 
1225561.504 DISPLAY_SCREEN SEQUENCE.SEQUENCE.SEQUENCE.DISPLAY_SCREEN
1233561.526 TIMER SEQUENCE.SEQUENCE.SEQUENCE.TIMER
1233596.058 SetValueAction 
1233644.866 DISPLAY_SCREEN SEQUENCE.SEQUENCE.SEQUENCE.DISPLAY_SCREEN (BEGIN) 
1236846.308 EL_CAMERA_SETUP SEQUENCE.EL_CAMERA_SETUP
1236961.160 PREPARE_SEQUENCE SEQUENCE.SEQUENCE.PREPARE_SEQUENCE
1238273.346 DRIFT_CORRECT SEQUENCE.SEQUENCE.DRIFT_CORRECT
1238395.615 DISPLAY_SCREEN SEQUENCE.SEQUENCE.SEQUENCE.DISPLAY_SCREEN (BEGIN) 
1238410.119 DISPLAY_SCREEN SEQUENCE.SEQUENCE.SEQUENCE.DISPLAY_SCREEN
1246410.125 TRACKER_TIME 2 7465449.012
1246410.158 TIMER SEQUENCE.SEQUENCE.SEQUENCE.TIMER
1246446.059 SetValueAction 
1246479.538 DISPLAY_SCREEN SEQUENCE.SEQUENCE.SEQUENCE.DISPLAY_SCREEN (BEGIN) 
1249452.315 EL_CAMERA_SETUP SEQUENCE.EL_CAMERA_SETUP
1249567.157 PREPARE_SEQUENCE SEQUENCE.SEQUENCE.PREPARE_SEQUENCE
1255041.699 DRIFT_CORRECT SEQUENCE.SEQUENCE.DRIFT_CORRECT
1255195.252 DISPLAY_SCREEN SEQUENCE.SEQUENCE.SEQUENCE.DISPLAY_SCREEN (BEGIN) 
1255208.291 DISPLAY_SCREEN SEQUENCE.SEQUENCE.SEQUENCE.DISPLAY_SCREEN
1263208.297 TIMER SEQUENCE.SEQUENCE.SEQUENCE.TIMER
1263245.064 SetValueAction 
1263276.869 DISPLAY_SCREEN SEQUENCE.SEQUENCE.SEQUENCE.DISPLAY_SCREEN (BEGIN) 
1275581.799 EL_CAMERA_SETUP SEQUENCE.EL_CAMERA_SETUP
1275699.167 PREPARE_SEQUENCE SEQUENCE.SEQUENCE.PREPARE_SEQUENCE
1276756.529 DRIFT_CORRECT SEQUENCE.SEQUENCE.DRIFT_CORRECT
1276900.076 DISPLAY_SCREEN SEQUENCE.SEQUENCE.SEQUENCE.DISPLAY_SCREEN (BEGIN) 
1276905.913 DISPLAY_SCREEN SEQUENCE.SEQUENCE.SEQUENCE.DISPLAY_SCREEN
1284905.953 TIMER SEQUENCE.SEQUENCE.SEQUENCE.TIMER
1284940.060 SetValueAction 
1284971.636 DISPLAY_SCREEN SEQUENCE.SEQUENCE.SEQUENCE.DISPLAY_SCREEN (BEGIN) 
1286605.108 EL_CAMERA_SETUP SEQUENCE.EL_CAMERA_SETUP
1286720.173 PREPARE_SEQUENCE SEQUENCE.SEQUENCE.PREPARE_SEQUENCE
1288179.456 DRIFT_CORRECT SEQUENCE.SEQUENCE.DRIFT_CORRECT
1288268.017 DISPLAY_SCREEN SEQUENCE.SEQUENCE.SEQUENCE.DISPLAY_SCREEN (BEGIN) 
1288271.354 DISPLAY_SCREEN SEQUENCE.SEQUENCE.SEQUENCE.DISPLAY_SCREEN
1296271.365 TIMER SEQUENCE.SEQUENCE.SEQUENCE.TIMER
1296306.063 SetValueAction 
1296355.860 DISPLAY_SCREEN SEQUENCE.SEQUENCE.SEQUENCE.DISPLAY_SCREEN (BEGIN) 
1297715.395 EL_CAMERA_SETUP SEQUENCE.EL_CAMERA_SETUP
1297831.159 PREPARE_SEQUENCE SEQUENCE.SEQUENCE.PREPARE_SEQUENCE
1306590.878 TRACKER_TIME 3 7525628.722
1306590.901 DRIFT_CORRECT SEQUENCE.SEQUENCE.DRIFT_CORRECT
1306673.264 DISPLAY_SCREEN SEQUENCE.SEQUENCE.SEQUENCE.DISPLAY_SCREEN (BEGIN) 
1306686.007 DISPLAY_SCREEN SEQUENCE.SEQUENCE.SEQUENCE.DISPLAY_SCREEN
1314686.068 TIMER SEQUENCE.SEQUENCE.SEQUENCE.TIMER
1314722.060 SetValueAction 
1314755.177 DISPLAY_SCREEN SEQUENCE.SEQUENCE.SEQUENCE.DISPLAY_SCREEN (BEGIN) 
1316802.860 EL_CAMERA_SETUP SEQUENCE.EL_CAMERA_SETUP
1316917.181 PREPARE_SEQUENCE SEQUENCE.SEQUENCE.PREPARE_SEQUENCE
1323021.689 DRIFT_CORRECT SEQUENCE.SEQUENCE.DRIFT_CORRECT
1323153.206 DISPLAY_SCREEN SEQUENCE.SEQUENCE.SEQUENCE.DISPLAY_SCREEN (BEGIN) 
1323167.551 DISPLAY_SCREEN SEQUENCE.SEQUENCE.SEQUENCE.DISPLAY_SCREEN
1331167.587 TIMER SEQUENCE.SEQUENCE.SEQUENCE.TIMER
1331203.062 SetValueAction 
1331253.048 DISPLAY_SCREEN SEQUENCE.SEQUENCE.SEQUENCE.DISPLAY_SCREEN (BEGIN) 
1332155.339 EL_CAMERA_SETUP SEQUENCE.EL_CAMERA_SETUP
1332271.157 PREPARE_SEQUENCE SEQUENCE.SEQUENCE.PREPARE_SEQUENCE
1335366.924 DRIFT_CORRECT SEQUENCE.SEQUENCE.DRIFT_CORRECT
1335451.615 DISPLAY_SCREEN SEQUENCE.SEQUENCE.SEQUENCE.DISPLAY_SCREEN (BEGIN) 
1335466.202 DISPLAY_SCREEN SEQUENCE.SEQUENCE.SEQUENCE.DISPLAY_SCREEN
1343466.209 TIMER SEQUENCE.SEQUENCE.SEQUENCE.TIMER
1343501.059 SetValueAction 
1343536.546 DISPLAY_SCREEN SEQUENCE.SEQUENCE.SEQUENCE.DISPLAY_SCREEN (BEGIN) 
1344282.596 EL_CAMERA_SETUP SEQUENCE.EL_CAMERA_SETUP
1344398.161 PREPARE_SEQUENCE SEQUENCE.SEQUENCE.PREPARE_SEQUENCE
1345787.025 DRIFT_CORRECT SEQUENCE.SEQUENCE.DRIFT_CORRECT
1345868.223 DISPLAY_SCREEN SEQUENCE.SEQUENCE.SEQUENCE.DISPLAY_SCREEN (BEGIN) 
1345881.759 DISPLAY_SCREEN SEQUENCE.SEQUENCE.SEQUENCE.DISPLAY_SCREEN
1353881.809 TIMER SEQUENCE.SEQUENCE.SEQUENCE.TIMER
1353916.059 SetValueAction 
1353950.104 DISPLAY_SCREEN SEQUENCE.SEQUENCE.SEQUENCE.DISPLAY_SCREEN (BEGIN) 
1354675.356 EL_CAMERA_SETUP SEQUENCE.EL_CAMERA_SETUP
1354790.154 PREPARE_SEQUENCE SEQUENCE.SEQUENCE.PREPARE_SEQUENCE
1355954.806 DRIFT_CORRECT SEQUENCE.SEQUENCE.DRIFT_CORRECT
1356071.667 DISPLAY_SCREEN SEQUENCE.SEQUENCE.SEQUENCE.DISPLAY_SCREEN (BEGIN) 
1356080.629 DISPLAY_SCREEN SEQUENCE.SEQUENCE.SEQUENCE.DISPLAY_SCREEN
1364080.663 TIMER SEQUENCE.SEQUENCE.SEQUENCE.TIMER
1364117.065 SetValueAction 
1364151.322 DISPLAY_SCREEN SEQUENCE.SEQUENCE.SEQUENCE.DISPLAY_SCREEN (BEGIN) 
1365059.620 EL_CAMERA_SETUP SEQUENCE.EL_CAMERA_SETUP
1365175.170 PREPARE_SEQUENCE SEQUENCE.SEQUENCE.PREPARE_SEQUENCE
1366798.203 TRACKER_TIME 4 7585835.395
1366798.225 DRIFT_CORRECT SEQUENCE.SEQUENCE.DRIFT_CORRECT
1366931.616 DISPLAY_SCREEN SEQUENCE.SEQUENCE.SEQUENCE.DISPLAY_SCREEN (BEGIN) 
1366946.120 DISPLAY_SCREEN SEQUENCE.SEQUENCE.SEQUENCE.DISPLAY_SCREEN
1374946.163 TIMER SEQUENCE.SEQUENCE.SEQUENCE.TIMER
1374983.059 SetValueAction 
1375013.177 DISPLAY_SCREEN SEQUENCE.SEQUENCE.SEQUENCE.DISPLAY_SCREEN (BEGIN) 
1377115.989 EL_CAMERA_SETUP SEQUENCE.EL_CAMERA_SETUP
1377235.159 PREPARE_SEQUENCE SEQUENCE.SEQUENCE.PREPARE_SEQUENCE
1378299.314 DRIFT_CORRECT SEQUENCE.SEQUENCE.DRIFT_CORRECT
1378429.106 DISPLAY_SCREEN SEQUENCE.SEQUENCE.SEQUENCE.DISPLAY_SCREEN (BEGIN) 
1378444.856 DISPLAY_SCREEN SEQUENCE.SEQUENCE.SEQUENCE.DISPLAY_SCREEN
1386444.902 TIMER SEQUENCE.SEQUENCE.SEQUENCE.TIMER
1386481.059 SetValueAction 
1386514.377 DISPLAY_SCREEN SEQUENCE.SEQUENCE.SEQUENCE.DISPLAY_SCREEN (BEGIN) 
1388192.728 EL_CAMERA_SETUP SEQUENCE.EL_CAMERA_SETUP
1388309.178 PREPARE_SEQUENCE SEQUENCE.SEQUENCE.PREPARE_SEQUENCE
1391326.637 DRIFT_CORRECT SEQUENCE.SEQUENCE.DRIFT_CORRECT
1391440.066 DISPLAY_SCREEN SEQUENCE.SEQUENCE.SEQUENCE.DISPLAY_SCREEN (BEGIN) 
1391443.443 DISPLAY_SCREEN SEQUENCE.SEQUENCE.SEQUENCE.DISPLAY_SCREEN
1399443.475 TIMER SEQUENCE.SEQUENCE.SEQUENCE.TIMER
1399478.062 SetValueAction 
1399512.121 DISPLAY_SCREEN SEQUENCE.SEQUENCE.SEQUENCE.DISPLAY_SCREEN (BEGIN) 
1402102.920 EL_CAMERA_SETUP SEQUENCE.EL_CAMERA_SETUP
1402218.170 PREPARE_SEQUENCE SEQUENCE.SEQUENCE.PREPARE_SEQUENCE
1405095.008 DRIFT_CORRECT SEQUENCE.SEQUENCE.DRIFT_CORRECT
1405255.096 DISPLAY_SCREEN SEQUENCE.SEQUENCE.SEQUENCE.DISPLAY_SCREEN (BEGIN) 
1405258.596 DISPLAY_SCREEN SEQUENCE.SEQUENCE.SEQUENCE.DISPLAY_SCREEN
1413258.642 TIMER SEQUENCE.SEQUENCE.SEQUENCE.TIMER
1413295.072 SetValueAction 
1413345.223 DISPLAY_SCREEN SEQUENCE.SEQUENCE.SEQUENCE.DISPLAY_SCREEN (BEGIN) 
1416093.444 EL_CAMERA_SETUP SEQUENCE.EL_CAMERA_SETUP
1416208.152 PREPARE_SEQUENCE SEQUENCE.SEQUENCE.PREPARE_SEQUENCE
1417048.454 DRIFT_CORRECT SEQUENCE.SEQUENCE.DRIFT_CORRECT
1417201.235 DISPLAY_SCREEN SEQUENCE.SEQUENCE.SEQUENCE.DISPLAY_SCREEN (BEGIN) 
1417207.299 DISPLAY_SCREEN SEQUENCE.SEQUENCE.SEQUENCE.DISPLAY_SCREEN
1425207.340 TIMER SEQUENCE.SEQUENCE.SEQUENCE.TIMER
1425243.063 SetValueAction 
1425275.815 DISPLAY_SCREEN SEQUENCE.SEQUENCE.SEQUENCE.DISPLAY_SCREEN (BEGIN) 
1427632.533 TRACKER_TIME 5 7646668.718
1427632.565 EL_CAMERA_SETUP SEQUENCE.EL_CAMERA_SETUP
1427748.180 PREPARE_SEQUENCE SEQUENCE.SEQUENCE.PREPARE_SEQUENCE
1428735.147 DRIFT_CORRECT SEQUENCE.SEQUENCE.DRIFT_CORRECT
1428863.694 DISPLAY_SCREEN SEQUENCE.SEQUENCE.SEQUENCE.DISPLAY_SCREEN (BEGIN) 
1428872.696 DISPLAY_SCREEN SEQUENCE.SEQUENCE.SEQUENCE.DISPLAY_SCREEN
1436872.728 TIMER SEQUENCE.SEQUENCE.SEQUENCE.TIMER
1436909.070 SetValueAction 
1436941.953 DISPLAY_SCREEN SEQUENCE.SEQUENCE.SEQUENCE.DISPLAY_SCREEN (BEGIN) 
1438558.311 EL_CAMERA_SETUP SEQUENCE.EL_CAMERA_SETUP
1438674.158 PREPARE_SEQUENCE SEQUENCE.SEQUENCE.PREPARE_SEQUENCE
1440029.936 DRIFT_CORRECT SEQUENCE.SEQUENCE.DRIFT_CORRECT
1440113.156 DISPLAY_SCREEN SEQUENCE.SEQUENCE.SEQUENCE.DISPLAY_SCREEN (BEGIN) 
1440121.469 DISPLAY_SCREEN SEQUENCE.SEQUENCE.SEQUENCE.DISPLAY_SCREEN
1448121.479 TIMER SEQUENCE.SEQUENCE.SEQUENCE.TIMER
1448157.059 SetValueAction 
1448190.868 DISPLAY_SCREEN SEQUENCE.SEQUENCE.SEQUENCE.DISPLAY_SCREEN (BEGIN) 
1450443.735 EL_CAMERA_SETUP SEQUENCE.EL_CAMERA_SETUP
1450561.155 PREPARE_SEQUENCE SEQUENCE.SEQUENCE.PREPARE_SEQUENCE
1453386.319 DRIFT_CORRECT SEQUENCE.SEQUENCE.DRIFT_CORRECT
1453515.129 DISPLAY_SCREEN SEQUENCE.SEQUENCE.SEQUENCE.DISPLAY_SCREEN (BEGIN) 
1453520.017 DISPLAY_SCREEN SEQUENCE.SEQUENCE.SEQUENCE.DISPLAY_SCREEN
1461520.054 TIMER SEQUENCE.SEQUENCE.SEQUENCE.TIMER
1461556.061 SetValueAction 
1461589.499 DISPLAY_SCREEN SEQUENCE.SEQUENCE.SEQUENCE.DISPLAY_SCREEN (BEGIN) 
1462404.202 EL_CAMERA_SETUP SEQUENCE.EL_CAMERA_SETUP
1462520.159 PREPARE_SEQUENCE SEQUENCE.SEQUENCE.PREPARE_SEQUENCE
1466011.002 DRIFT_CORRECT SEQUENCE.SEQUENCE.DRIFT_CORRECT
1466170.614 DISPLAY_SCREEN SEQUENCE.SEQUENCE.SEQUENCE.DISPLAY_SCREEN (BEGIN) 
1466185.303 DISPLAY_SCREEN SEQUENCE.SEQUENCE.SEQUENCE.DISPLAY_SCREEN
1474185.339 TIMER SEQUENCE.SEQUENCE.SEQUENCE.TIMER
1474222.063 SetValueAction 
1474255.347 DISPLAY_SCREEN SEQUENCE.SEQUENCE.SEQUENCE.DISPLAY_SCREEN (BEGIN) 
1476035.492 EL_CAMERA_SETUP SEQUENCE.EL_CAMERA_SETUP
1476151.175 PREPARE_SEQUENCE SEQUENCE.SEQUENCE.PREPARE_SEQUENCE
1477371.896 DRIFT_CORRECT SEQUENCE.SEQUENCE.DRIFT_CORRECT
1477509.688 DISPLAY_SCREEN SEQUENCE.SEQUENCE.SEQUENCE.DISPLAY_SCREEN (BEGIN) 
1477517.394 DISPLAY_SCREEN SEQUENCE.SEQUENCE.SEQUENCE.DISPLAY_SCREEN
1485517.429 TIMER SEQUENCE.SEQUENCE.SEQUENCE.TIMER
1485553.062 SetValueAction 
1485602.718 DISPLAY_SCREEN SEQUENCE.SEQUENCE.SEQUENCE.DISPLAY_SCREEN (BEGIN) 
1487086.040 EL_CAMERA_SETUP SEQUENCE.EL_CAMERA_SETUP
1487201.156 PREPARE_SEQUENCE SEQUENCE.SEQUENCE.PREPARE_SEQUENCE
1489201.859 TRACKER_TIME 6 7708237.000
1489201.880 DRIFT_CORRECT SEQUENCE.SEQUENCE.DRIFT_CORRECT
1489283.073 DISPLAY_SCREEN SEQUENCE.SEQUENCE.SEQUENCE.DISPLAY_SCREEN (BEGIN) 
1489299.444 DISPLAY_SCREEN SEQUENCE.SEQUENCE.SEQUENCE.DISPLAY_SCREEN
1497299.456 TIMER SEQUENCE.SEQUENCE.SEQUENCE.TIMER
1497336.059 SetValueAction 
1497367.927 DISPLAY_SCREEN SEQUENCE.SEQUENCE.SEQUENCE.DISPLAY_SCREEN (BEGIN) 
1498509.282 EL_CAMERA_SETUP SEQUENCE.EL_CAMERA_SETUP
1498625.174 PREPARE_SEQUENCE SEQUENCE.SEQUENCE.PREPARE_SEQUENCE
1501675.150 DRIFT_CORRECT SEQUENCE.SEQUENCE.DRIFT_CORRECT
1501805.719 DISPLAY_SCREEN SEQUENCE.SEQUENCE.SEQUENCE.DISPLAY_SCREEN (BEGIN) 
1501814.741 DISPLAY_SCREEN SEQUENCE.SEQUENCE.SEQUENCE.DISPLAY_SCREEN
1509814.784 TIMER SEQUENCE.SEQUENCE.SEQUENCE.TIMER
1509850.061 SetValueAction 
1509899.245 DISPLAY_SCREEN SEQUENCE.SEQUENCE.SEQUENCE.DISPLAY_SCREEN (BEGIN) 
1511102.242 EL_CAMERA_SETUP SEQUENCE.EL_CAMERA_SETUP
1511218.157 PREPARE_SEQUENCE SEQUENCE.SEQUENCE.PREPARE_SEQUENCE
1512966.682 DRIFT_CORRECT SEQUENCE.SEQUENCE.DRIFT_CORRECT
1513108.070 DISPLAY_SCREEN SEQUENCE.SEQUENCE.SEQUENCE.DISPLAY_SCREEN (BEGIN) 
1513113.515 DISPLAY_SCREEN SEQUENCE.SEQUENCE.SEQUENCE.DISPLAY_SCREEN
1521113.539 TIMER SEQUENCE.SEQUENCE.SEQUENCE.TIMER
1521150.065 SetValueAction 
1521182.552 DISPLAY_SCREEN SEQUENCE.SEQUENCE.SEQUENCE.DISPLAY_SCREEN (BEGIN) 
1522657.858 EL_CAMERA_SETUP SEQUENCE.EL_CAMERA_SETUP
1522773.155 PREPARE_SEQUENCE SEQUENCE.SEQUENCE.PREPARE_SEQUENCE
1524277.734 DRIFT_CORRECT SEQUENCE.SEQUENCE.DRIFT_CORRECT
1524420.757 DISPLAY_SCREEN SEQUENCE.SEQUENCE.SEQUENCE.DISPLAY_SCREEN (BEGIN) 
1524428.953 DISPLAY_SCREEN SEQUENCE.SEQUENCE.SEQUENCE.DISPLAY_SCREEN
1532429.007 TIMER SEQUENCE.SEQUENCE.SEQUENCE.TIMER
1532464.059 SetValueAction 
1532497.543 DISPLAY_SCREEN SEQUENCE.SEQUENCE.SEQUENCE.DISPLAY_SCREEN (BEGIN) 
1534354.098 EL_CAMERA_SETUP SEQUENCE.EL_CAMERA_SETUP
1534471.167 PREPARE_SEQUENCE SEQUENCE.SEQUENCE.PREPARE_SEQUENCE
1536175.021 DRIFT_CORRECT SEQUENCE.SEQUENCE.DRIFT_CORRECT
1536304.002 DISPLAY_SCREEN SEQUENCE.SEQUENCE.SEQUENCE.DISPLAY_SCREEN (BEGIN) 
1536310.979 DISPLAY_SCREEN SEQUENCE.SEQUENCE.SEQUENCE.DISPLAY_SCREEN
1544311.009 TIMER SEQUENCE.SEQUENCE.SEQUENCE.TIMER
1544346.060 SetValueAction 
1544380.561 DISPLAY_SCREEN SEQUENCE.SEQUENCE.SEQUENCE.DISPLAY_SCREEN (BEGIN) 
1546071.392 EL_CAMERA_SETUP SEQUENCE.EL_CAMERA_SETUP
1546187.159 PREPARE_SEQUENCE SEQUENCE.SEQUENCE.PREPARE_SEQUENCE
1548912.208 DRIFT_CORRECT SEQUENCE.SEQUENCE.DRIFT_CORRECT
1548999.406 DISPLAY_SCREEN SEQUENCE.SEQUENCE.SEQUENCE.DISPLAY_SCREEN (BEGIN) 
1549009.674 DISPLAY_SCREEN SEQUENCE.SEQUENCE.SEQUENCE.DISPLAY_SCREEN
1557009.688 TRACKER_TIME 7 7776043.660
1557009.721 TIMER SEQUENCE.SEQUENCE.SEQUENCE.TIMER
1557046.063 SetValueAction 
1557080.334 DISPLAY_SCREEN SEQUENCE.SEQUENCE.SEQUENCE.DISPLAY_SCREEN (BEGIN) 
1558569.519 EL_CAMERA_SETUP SEQUENCE.EL_CAMERA_SETUP
1558685.159 PREPARE_SEQUENCE SEQUENCE.SEQUENCE.PREPARE_SEQUENCE
1562511.004 DRIFT_CORRECT SEQUENCE.SEQUENCE.DRIFT_CORRECT
1562597.132 DISPLAY_SCREEN SEQUENCE.SEQUENCE.SEQUENCE.DISPLAY_SCREEN (BEGIN) 
1562608.122 DISPLAY_SCREEN SEQUENCE.SEQUENCE.SEQUENCE.DISPLAY_SCREEN
1570608.142 TIMER SEQUENCE.SEQUENCE.SEQUENCE.TIMER
1570645.062 SetValueAction 
1570679.405 DISPLAY_SCREEN SEQUENCE.SEQUENCE.SEQUENCE.DISPLAY_SCREEN (BEGIN) 
1572329.627 EL_CAMERA_SETUP SEQUENCE.EL_CAMERA_SETUP
1572446.173 PREPARE_SEQUENCE SEQUENCE.SEQUENCE.PREPARE_SEQUENCE
1573783.293 DRIFT_CORRECT SEQUENCE.SEQUENCE.DRIFT_CORRECT
1573925.619 DISPLAY_SCREEN SEQUENCE.SEQUENCE.SEQUENCE.DISPLAY_SCREEN (BEGIN) 
1573940.241 DISPLAY_SCREEN SEQUENCE.SEQUENCE.SEQUENCE.DISPLAY_SCREEN
1581940.293 TIMER SEQUENCE.SEQUENCE.SEQUENCE.TIMER
1581976.062 SetValueAction 
1582010.093 DISPLAY_SCREEN SEQUENCE.SEQUENCE.SEQUENCE.DISPLAY_SCREEN (BEGIN) 
1583910.935 EL_CAMERA_SETUP SEQUENCE.EL_CAMERA_SETUP
1584026.157 PREPARE_SEQUENCE SEQUENCE.SEQUENCE.PREPARE_SEQUENCE
1584971.024 DRIFT_CORRECT SEQUENCE.SEQUENCE.DRIFT_CORRECT
1585052.032 DISPLAY_SCREEN SEQUENCE.SEQUENCE.SEQUENCE.DISPLAY_SCREEN (BEGIN) 
1585055.677 DISPLAY_SCREEN SEQUENCE.SEQUENCE.SEQUENCE.DISPLAY_SCREEN
1593055.699 TIMER SEQUENCE.SEQUENCE.SEQUENCE.TIMER
1593091.058 SetValueAction 
1593124.515 DISPLAY_SCREEN SEQUENCE.SEQUENCE.SEQUENCE.DISPLAY_SCREEN (BEGIN) 
1594946.536 EL_CAMERA_SETUP SEQUENCE.EL_CAMERA_SETUP
1595062.157 PREPARE_SEQUENCE SEQUENCE.SEQUENCE.PREPARE_SEQUENCE
1596376.369 DRIFT_CORRECT SEQUENCE.SEQUENCE.DRIFT_CORRECT
1596466.006 DISPLAY_SCREEN SEQUENCE.SEQUENCE.SEQUENCE.DISPLAY_SCREEN (BEGIN) 
1596471.099 DISPLAY_SCREEN SEQUENCE.SEQUENCE.SEQUENCE.DISPLAY_SCREEN
1604471.125 TIMER SEQUENCE.SEQUENCE.SEQUENCE.TIMER
1604507.059 SetValueAction 
1604539.212 DISPLAY_SCREEN SEQUENCE.SEQUENCE.SEQUENCE.DISPLAY_SCREEN (BEGIN) 
1605893.420 EL_CAMERA_SETUP SEQUENCE.EL_CAMERA_SETUP
1606009.179 PREPARE_SEQUENCE SEQUENCE.SEQUENCE.PREPARE_SEQUENCE
1607377.982 DRIFT_CORRECT SEQUENCE.SEQUENCE.DRIFT_CORRECT
1607472.166 DISPLAY_SCREEN SEQUENCE.SEQUENCE.SEQUENCE.DISPLAY_SCREEN (BEGIN) 
1607486.567 DISPLAY_SCREEN SEQUENCE.SEQUENCE.SEQUENCE.DISPLAY_SCREEN
1615486.610 TIMER SEQUENCE.SEQUENCE.SEQUENCE.TIMER
1615522.058 SetValueAction 
1615553.183 DISPLAY_SCREEN SEQUENCE.SEQUENCE.SEQUENCE.DISPLAY_SCREEN (BEGIN) 
1617262.242 TRACKER_TIME 8 7836295.153
1617262.281 EL_CAMERA_SETUP SEQUENCE.EL_CAMERA_SETUP
1617379.171 PREPARE_SEQUENCE SEQUENCE.SEQUENCE.PREPARE_SEQUENCE
1618367.440 DRIFT_CORRECT SEQUENCE.SEQUENCE.DRIFT_CORRECT
1618450.035 DISPLAY_SCREEN SEQUENCE.SEQUENCE.SEQUENCE.DISPLAY_SCREEN (BEGIN) 
1618468.702 DISPLAY_SCREEN SEQUENCE.SEQUENCE.SEQUENCE.DISPLAY_SCREEN
1626468.710 TIMER SEQUENCE.SEQUENCE.SEQUENCE.TIMER
1626505.058 SetValueAction 
1626566.852 DISPLAY_SCREEN SEQUENCE.SEQUENCE.SEQUENCE.DISPLAY_SCREEN (BEGIN) 
1628541.524 EL_CAMERA_SETUP SEQUENCE.EL_CAMERA_SETUP
1628657.148 PREPARE_SEQUENCE SEQUENCE.SEQUENCE.PREPARE_SEQUENCE
1630352.485 DRIFT_CORRECT SEQUENCE.SEQUENCE.DRIFT_CORRECT
1630443.212 DISPLAY_SCREEN SEQUENCE.SEQUENCE.SEQUENCE.DISPLAY_SCREEN (BEGIN) 
1630450.737 DISPLAY_SCREEN SEQUENCE.SEQUENCE.SEQUENCE.DISPLAY_SCREEN
1638450.785 TIMER SEQUENCE.SEQUENCE.SEQUENCE.TIMER
1638487.061 SetValueAction 
1638519.807 DISPLAY_SCREEN SEQUENCE.SEQUENCE.SEQUENCE.DISPLAY_SCREEN (BEGIN) 
1640007.515 EL_CAMERA_SETUP SEQUENCE.EL_CAMERA_SETUP
1640123.161 PREPARE_SEQUENCE SEQUENCE.SEQUENCE.PREPARE_SEQUENCE
1642744.289 DRIFT_CORRECT SEQUENCE.SEQUENCE.DRIFT_CORRECT
1642829.178 DISPLAY_SCREEN SEQUENCE.SEQUENCE.SEQUENCE.DISPLAY_SCREEN (BEGIN) 
1642832.719 DISPLAY_SCREEN SEQUENCE.SEQUENCE.SEQUENCE.DISPLAY_SCREEN
1650832.725 TIMER SEQUENCE.SEQUENCE.SEQUENCE.TIMER
1650867.062 SetValueAction 
1650900.746 DISPLAY_SCREEN SEQUENCE.SEQUENCE.SEQUENCE.DISPLAY_SCREEN (BEGIN) 
1652267.625 EL_CAMERA_SETUP SEQUENCE.EL_CAMERA_SETUP
1652383.161 PREPARE_SEQUENCE SEQUENCE.SEQUENCE.PREPARE_SEQUENCE
1654509.680 DRIFT_CORRECT SEQUENCE.SEQUENCE.DRIFT_CORRECT
1654633.615 DISPLAY_SCREEN SEQUENCE.SEQUENCE.SEQUENCE.DISPLAY_SCREEN (BEGIN) 
1654648.098 DISPLAY_SCREEN SEQUENCE.SEQUENCE.SEQUENCE.DISPLAY_SCREEN
1662648.131 TIMER SEQUENCE.SEQUENCE.SEQUENCE.TIMER
1662684.065 SetValueAction 
1662718.409 DISPLAY_SCREEN SEQUENCE.SEQUENCE.SEQUENCE.DISPLAY_SCREEN (BEGIN) 
1664283.018 EL_CAMERA_SETUP SEQUENCE.EL_CAMERA_SETUP
1664399.152 PREPARE_SEQUENCE SEQUENCE.SEQUENCE.PREPARE_SEQUENCE
1668336.735 DRIFT_CORRECT SEQUENCE.SEQUENCE.DRIFT_CORRECT
1668420.663 DISPLAY_SCREEN SEQUENCE.SEQUENCE.SEQUENCE.DISPLAY_SCREEN (BEGIN) 
1668429.914 DISPLAY_SCREEN SEQUENCE.SEQUENCE.SEQUENCE.DISPLAY_SCREEN
1676429.936 TIMER SEQUENCE.SEQUENCE.SEQUENCE.TIMER
1676465.062 SetValueAction 
1676498.645 DISPLAY_SCREEN SEQUENCE.SEQUENCE.SEQUENCE.DISPLAY_SCREEN (BEGIN) 
1678414.063 TRACKER_TIME 9 7897445.941
1678414.097 EL_CAMERA_SETUP SEQUENCE.EL_CAMERA_SETUP
1678530.180 PREPARE_SEQUENCE SEQUENCE.SEQUENCE.PREPARE_SEQUENCE
1680781.021 DRIFT_CORRECT SEQUENCE.SEQUENCE.DRIFT_CORRECT
1680906.105 DISPLAY_SCREEN SEQUENCE.SEQUENCE.SEQUENCE.DISPLAY_SCREEN (BEGIN) 
1680911.900 DISPLAY_SCREEN SEQUENCE.SEQUENCE.SEQUENCE.DISPLAY_SCREEN
1688911.941 TIMER SEQUENCE.SEQUENCE.SEQUENCE.TIMER
1688946.073 SetValueAction 
1688980.195 DISPLAY_SCREEN SEQUENCE.SEQUENCE.SEQUENCE.DISPLAY_SCREEN (BEGIN) 
1691161.128 EL_CAMERA_SETUP SEQUENCE.EL_CAMERA_SETUP
1691278.155 PREPARE_SEQUENCE SEQUENCE.SEQUENCE.PREPARE_SEQUENCE
1692623.882 DRIFT_CORRECT SEQUENCE.SEQUENCE.DRIFT_CORRECT
1692705.066 DISPLAY_SCREEN SEQUENCE.SEQUENCE.SEQUENCE.DISPLAY_SCREEN (BEGIN) 
1692710.611 DISPLAY_SCREEN SEQUENCE.SEQUENCE.SEQUENCE.DISPLAY_SCREEN
1700710.636 TIMER SEQUENCE.SEQUENCE.SEQUENCE.TIMER
1700745.059 SetValueAction 
1700777.415 DISPLAY_SCREEN SEQUENCE.SEQUENCE.SEQUENCE.DISPLAY_SCREEN (BEGIN) 
1702384.188 EL_CAMERA_SETUP SEQUENCE.EL_CAMERA_SETUP
1702500.155 PREPARE_SEQUENCE SEQUENCE.SEQUENCE.PREPARE_SEQUENCE
1703846.924 DRIFT_CORRECT SEQUENCE.SEQUENCE.DRIFT_CORRECT
1703994.619 DISPLAY_SCREEN SEQUENCE.SEQUENCE.SEQUENCE.DISPLAY_SCREEN (BEGIN) 
1704009.372 DISPLAY_SCREEN SEQUENCE.SEQUENCE.SEQUENCE.DISPLAY_SCREEN
1712009.425 TIMER SEQUENCE.SEQUENCE.SEQUENCE.TIMER
1712049.024 DISPLAY_SCREEN[1] DISPLAY_SCREEN[1] (BEGIN) 
1712058.506 DISPLAY_SCREEN[1] DISPLAY_SCREEN[1]
1716058.511 TIMER[1] TIMER[1]
el_logger: Quit logger.
******** END OF THE LOG FILE ********
