18430.240 ********************************************************
18430.315 ** Session beginning Tuesday March 29, 2022 02:23:10 AM **
18430.322 ** ExperimentBuilder Project : myw1 **
18430.327 ** ExperimentBuilder Version : 2.3.1 **
18430.332 ** ExperimentBuilder Build   : Jun 23 2020 **
18430.337 ********************************************************
18430.344 TRACKER_TIME 0 617654.418
18810.354 DISPLAY_SCREEN DISPLAY_SCREEN (BEGIN) 
18820.127 DISPLAY_SCREEN DISPLAY_SCREEN
28820.133 TIMER TIMER
28820.259 SetValueAction 
290769.446 TRACKER_TIME 1 889989.036
290769.497 EL_CAMERA_SETUP SEQUENCE.EL_CAMERA_SETUP
290903.631 PREPARE_SEQUENCE SEQUENCE.SEQUENCE.PREPARE_SEQUENCE
303447.166 DRIFT_CORRECT SEQUENCE.SEQUENCE.DRIFT_CORRECT
303568.206 DISPLAY_SCREEN SEQUENCE.SEQUENCE.SEQUENCE.DISPLAY_SCREEN (BEGIN) 
303572.795 DISPLAY_SCREEN SEQUENCE.SEQUENCE.SEQUENCE.DISPLAY_SCREEN
311572.813 TIMER SEQUENCE.SEQUENCE.SEQUENCE.TIMER
311608.072 SetValueAction 
311636.067 DISPLAY_SCREEN SEQUENCE.SEQUENCE.SEQUENCE.DISPLAY_SCREEN (BEGIN) 
317895.312 EL_CAMERA_SETUP SEQUENCE.EL_CAMERA_SETUP
318010.186 PREPARE_SEQUENCE SEQUENCE.SEQUENCE.PREPARE_SEQUENCE
319505.320 DRIFT_CORRECT SEQUENCE.SEQUENCE.DRIFT_CORRECT
319639.617 DISPLAY_SCREEN SEQUENCE.SEQUENCE.SEQUENCE.DISPLAY_SCREEN (BEGIN) 
319654.389 DISPLAY_SCREEN SEQUENCE.SEQUENCE.SEQUENCE.DISPLAY_SCREEN
327654.443 TIMER SEQUENCE.SEQUENCE.SEQUENCE.TIMER
327689.070 SetValueAction 
327733.935 DISPLAY_SCREEN SEQUENCE.SEQUENCE.SEQUENCE.DISPLAY_SCREEN (BEGIN) 
329093.929 EL_CAMERA_SETUP SEQUENCE.EL_CAMERA_SETUP
329210.179 PREPARE_SEQUENCE SEQUENCE.SEQUENCE.PREPARE_SEQUENCE
340227.348 DRIFT_CORRECT SEQUENCE.SEQUENCE.DRIFT_CORRECT
340320.153 DISPLAY_SCREEN SEQUENCE.SEQUENCE.SEQUENCE.DISPLAY_SCREEN (BEGIN) 
340335.508 DISPLAY_SCREEN SEQUENCE.SEQUENCE.SEQUENCE.DISPLAY_SCREEN
348335.519 TIMER SEQUENCE.SEQUENCE.SEQUENCE.TIMER
348370.059 SetValueAction 
348398.088 DISPLAY_SCREEN SEQUENCE.SEQUENCE.SEQUENCE.DISPLAY_SCREEN (BEGIN) 
350295.095 EL_CAMERA_SETUP SEQUENCE.EL_CAMERA_SETUP
350409.154 PREPARE_SEQUENCE SEQUENCE.SEQUENCE.PREPARE_SEQUENCE
359174.737 TRACKER_TIME 2 958392.788
359174.757 DRIFT_CORRECT SEQUENCE.SEQUENCE.DRIFT_CORRECT
359307.651 DISPLAY_SCREEN SEQUENCE.SEQUENCE.SEQUENCE.DISPLAY_SCREEN (BEGIN) 
359316.799 DISPLAY_SCREEN SEQUENCE.SEQUENCE.SEQUENCE.DISPLAY_SCREEN
367316.806 TIMER SEQUENCE.SEQUENCE.SEQUENCE.TIMER
367352.059 SetValueAction 
367381.764 DISPLAY_SCREEN SEQUENCE.SEQUENCE.SEQUENCE.DISPLAY_SCREEN (BEGIN) 
368608.493 EL_CAMERA_SETUP SEQUENCE.EL_CAMERA_SETUP
368722.168 PREPARE_SEQUENCE SEQUENCE.SEQUENCE.PREPARE_SEQUENCE
375010.198 DRIFT_CORRECT SEQUENCE.SEQUENCE.DRIFT_CORRECT
375141.141 DISPLAY_SCREEN SEQUENCE.SEQUENCE.SEQUENCE.DISPLAY_SCREEN (BEGIN) 
375148.401 DISPLAY_SCREEN SEQUENCE.SEQUENCE.SEQUENCE.DISPLAY_SCREEN
383148.449 TIMER SEQUENCE.SEQUENCE.SEQUENCE.TIMER
383185.068 SetValueAction 
383210.827 DISPLAY_SCREEN SEQUENCE.SEQUENCE.SEQUENCE.DISPLAY_SCREEN (BEGIN) 
384667.899 EL_CAMERA_SETUP SEQUENCE.EL_CAMERA_SETUP
384783.160 PREPARE_SEQUENCE SEQUENCE.SEQUENCE.PREPARE_SEQUENCE
387028.232 DRIFT_CORRECT SEQUENCE.SEQUENCE.DRIFT_CORRECT
387185.188 DISPLAY_SCREEN SEQUENCE.SEQUENCE.SEQUENCE.DISPLAY_SCREEN (BEGIN) 
387197.120 DISPLAY_SCREEN SEQUENCE.SEQUENCE.SEQUENCE.DISPLAY_SCREEN
395197.158 TIMER SEQUENCE.SEQUENCE.SEQUENCE.TIMER
395233.061 SetValueAction 
395261.468 DISPLAY_SCREEN SEQUENCE.SEQUENCE.SEQUENCE.DISPLAY_SCREEN (BEGIN) 
396302.095 EL_CAMERA_SETUP SEQUENCE.EL_CAMERA_SETUP
396416.169 PREPARE_SEQUENCE SEQUENCE.SEQUENCE.PREPARE_SEQUENCE
398409.942 DRIFT_CORRECT SEQUENCE.SEQUENCE.DRIFT_CORRECT
398523.055 DISPLAY_SCREEN SEQUENCE.SEQUENCE.SEQUENCE.DISPLAY_SCREEN (BEGIN) 
398529.219 DISPLAY_SCREEN SEQUENCE.SEQUENCE.SEQUENCE.DISPLAY_SCREEN
406529.278 TIMER SEQUENCE.SEQUENCE.SEQUENCE.TIMER
406565.058 SetValueAction 
406594.329 DISPLAY_SCREEN SEQUENCE.SEQUENCE.SEQUENCE.DISPLAY_SCREEN (BEGIN) 
407631.958 EL_CAMERA_SETUP SEQUENCE.EL_CAMERA_SETUP
407748.165 PREPARE_SEQUENCE SEQUENCE.SEQUENCE.PREPARE_SEQUENCE
409036.830 DRIFT_CORRECT SEQUENCE.SEQUENCE.DRIFT_CORRECT
409117.164 DISPLAY_SCREEN SEQUENCE.SEQUENCE.SEQUENCE.DISPLAY_SCREEN (BEGIN) 
409128.071 DISPLAY_SCREEN SEQUENCE.SEQUENCE.SEQUENCE.DISPLAY_SCREEN
417128.105 TIMER SEQUENCE.SEQUENCE.SEQUENCE.TIMER
417163.060 SetValueAction 
417192.322 DISPLAY_SCREEN SEQUENCE.SEQUENCE.SEQUENCE.DISPLAY_SCREEN (BEGIN) 
418240.483 EL_CAMERA_SETUP SEQUENCE.EL_CAMERA_SETUP
418355.170 PREPARE_SEQUENCE SEQUENCE.SEQUENCE.PREPARE_SEQUENCE
422471.529 TRACKER_TIME 3 1021688.919
422471.551 DRIFT_CORRECT SEQUENCE.SEQUENCE.DRIFT_CORRECT
422554.997 DISPLAY_SCREEN SEQUENCE.SEQUENCE.SEQUENCE.DISPLAY_SCREEN (BEGIN) 
422559.960 DISPLAY_SCREEN SEQUENCE.SEQUENCE.SEQUENCE.DISPLAY_SCREEN
430560.000 TIMER SEQUENCE.SEQUENCE.SEQUENCE.TIMER
430595.058 SetValueAction 
430624.664 DISPLAY_SCREEN SEQUENCE.SEQUENCE.SEQUENCE.DISPLAY_SCREEN (BEGIN) 
431365.969 EL_CAMERA_SETUP SEQUENCE.EL_CAMERA_SETUP
431480.173 PREPARE_SEQUENCE SEQUENCE.SEQUENCE.PREPARE_SEQUENCE
435010.595 DRIFT_CORRECT SEQUENCE.SEQUENCE.DRIFT_CORRECT
435133.591 DISPLAY_SCREEN SEQUENCE.SEQUENCE.SEQUENCE.DISPLAY_SCREEN (BEGIN) 
435141.929 DISPLAY_SCREEN SEQUENCE.SEQUENCE.SEQUENCE.DISPLAY_SCREEN
443141.984 TIMER SEQUENCE.SEQUENCE.SEQUENCE.TIMER
443178.060 SetValueAction 
443207.345 DISPLAY_SCREEN SEQUENCE.SEQUENCE.SEQUENCE.DISPLAY_SCREEN (BEGIN) 
446576.019 EL_CAMERA_SETUP SEQUENCE.EL_CAMERA_SETUP
446690.236 PREPARE_SEQUENCE SEQUENCE.SEQUENCE.PREPARE_SEQUENCE
448172.369 DRIFT_CORRECT SEQUENCE.SEQUENCE.DRIFT_CORRECT
448316.115 DISPLAY_SCREEN SEQUENCE.SEQUENCE.SEQUENCE.DISPLAY_SCREEN (BEGIN) 
448323.855 DISPLAY_SCREEN SEQUENCE.SEQUENCE.SEQUENCE.DISPLAY_SCREEN
456323.895 TIMER SEQUENCE.SEQUENCE.SEQUENCE.TIMER
456359.060 SetValueAction 
456389.181 DISPLAY_SCREEN SEQUENCE.SEQUENCE.SEQUENCE.DISPLAY_SCREEN (BEGIN) 
457399.272 EL_CAMERA_SETUP SEQUENCE.EL_CAMERA_SETUP
457513.161 PREPARE_SEQUENCE SEQUENCE.SEQUENCE.PREPARE_SEQUENCE
464007.334 DRIFT_CORRECT SEQUENCE.SEQUENCE.DRIFT_CORRECT
464090.615 DISPLAY_SCREEN SEQUENCE.SEQUENCE.SEQUENCE.DISPLAY_SCREEN (BEGIN) 
464105.503 DISPLAY_SCREEN SEQUENCE.SEQUENCE.SEQUENCE.DISPLAY_SCREEN
472105.556 TIMER SEQUENCE.SEQUENCE.SEQUENCE.TIMER
472140.058 SetValueAction 
472171.441 DISPLAY_SCREEN SEQUENCE.SEQUENCE.SEQUENCE.DISPLAY_SCREEN (BEGIN) 
473130.516 EL_CAMERA_SETUP SEQUENCE.EL_CAMERA_SETUP
473245.159 PREPARE_SEQUENCE SEQUENCE.SEQUENCE.PREPARE_SEQUENCE
475994.186 DRIFT_CORRECT SEQUENCE.SEQUENCE.DRIFT_CORRECT
476078.599 DISPLAY_SCREEN SEQUENCE.SEQUENCE.SEQUENCE.DISPLAY_SCREEN (BEGIN) 
476087.520 DISPLAY_SCREEN SEQUENCE.SEQUENCE.SEQUENCE.DISPLAY_SCREEN
484087.547 TRACKER_TIME 4 1083303.449
484087.579 TIMER SEQUENCE.SEQUENCE.SEQUENCE.TIMER
484123.058 SetValueAction 
484166.274 DISPLAY_SCREEN SEQUENCE.SEQUENCE.SEQUENCE.DISPLAY_SCREEN (BEGIN) 
485047.732 EL_CAMERA_SETUP SEQUENCE.EL_CAMERA_SETUP
485162.160 PREPARE_SEQUENCE SEQUENCE.SEQUENCE.PREPARE_SEQUENCE
487174.790 DRIFT_CORRECT SEQUENCE.SEQUENCE.DRIFT_CORRECT
487258.142 DISPLAY_SCREEN SEQUENCE.SEQUENCE.SEQUENCE.DISPLAY_SCREEN (BEGIN) 
487269.646 DISPLAY_SCREEN SEQUENCE.SEQUENCE.SEQUENCE.DISPLAY_SCREEN
495269.651 TIMER SEQUENCE.SEQUENCE.SEQUENCE.TIMER
495304.060 SetValueAction 
495333.439 DISPLAY_SCREEN SEQUENCE.SEQUENCE.SEQUENCE.DISPLAY_SCREEN (BEGIN) 
496234.462 EL_CAMERA_SETUP SEQUENCE.EL_CAMERA_SETUP
496348.155 PREPARE_SEQUENCE SEQUENCE.SEQUENCE.PREPARE_SEQUENCE
497470.644 DRIFT_CORRECT SEQUENCE.SEQUENCE.DRIFT_CORRECT
497553.617 DISPLAY_SCREEN SEQUENCE.SEQUENCE.SEQUENCE.DISPLAY_SCREEN (BEGIN) 
497568.536 DISPLAY_SCREEN SEQUENCE.SEQUENCE.SEQUENCE.DISPLAY_SCREEN
505568.584 TIMER SEQUENCE.SEQUENCE.SEQUENCE.TIMER
505605.062 SetValueAction 
505635.483 DISPLAY_SCREEN SEQUENCE.SEQUENCE.SEQUENCE.DISPLAY_SCREEN (BEGIN) 
506367.168 EL_CAMERA_SETUP SEQUENCE.EL_CAMERA_SETUP
506481.181 PREPARE_SEQUENCE SEQUENCE.SEQUENCE.PREPARE_SEQUENCE
507887.482 DRIFT_CORRECT SEQUENCE.SEQUENCE.DRIFT_CORRECT
508006.171 DISPLAY_SCREEN SEQUENCE.SEQUENCE.SEQUENCE.DISPLAY_SCREEN (BEGIN) 
508017.405 DISPLAY_SCREEN SEQUENCE.SEQUENCE.SEQUENCE.DISPLAY_SCREEN
516017.459 TIMER SEQUENCE.SEQUENCE.SEQUENCE.TIMER
516053.065 SetValueAction 
516083.616 DISPLAY_SCREEN SEQUENCE.SEQUENCE.SEQUENCE.DISPLAY_SCREEN (BEGIN) 
517403.514 EL_CAMERA_SETUP SEQUENCE.EL_CAMERA_SETUP
517518.185 PREPARE_SEQUENCE SEQUENCE.SEQUENCE.PREPARE_SEQUENCE
519064.573 DRIFT_CORRECT SEQUENCE.SEQUENCE.DRIFT_CORRECT
519190.643 DISPLAY_SCREEN SEQUENCE.SEQUENCE.SEQUENCE.DISPLAY_SCREEN (BEGIN) 
519199.538 DISPLAY_SCREEN SEQUENCE.SEQUENCE.SEQUENCE.DISPLAY_SCREEN
527199.589 TIMER SEQUENCE.SEQUENCE.SEQUENCE.TIMER
527235.072 SetValueAction 
527263.381 DISPLAY_SCREEN SEQUENCE.SEQUENCE.SEQUENCE.DISPLAY_SCREEN (BEGIN) 
528270.810 EL_CAMERA_SETUP SEQUENCE.EL_CAMERA_SETUP
528385.159 PREPARE_SEQUENCE SEQUENCE.SEQUENCE.PREPARE_SEQUENCE
533704.444 DRIFT_CORRECT SEQUENCE.SEQUENCE.DRIFT_CORRECT
533785.172 DISPLAY_SCREEN SEQUENCE.SEQUENCE.SEQUENCE.DISPLAY_SCREEN (BEGIN) 
533797.978 DISPLAY_SCREEN SEQUENCE.SEQUENCE.SEQUENCE.DISPLAY_SCREEN
541797.994 TIMER SEQUENCE.SEQUENCE.SEQUENCE.TIMER
541833.062 SetValueAction 
541863.400 DISPLAY_SCREEN SEQUENCE.SEQUENCE.SEQUENCE.DISPLAY_SCREEN (BEGIN) 
542624.399 EL_CAMERA_SETUP SEQUENCE.EL_CAMERA_SETUP
542739.159 PREPARE_SEQUENCE SEQUENCE.SEQUENCE.PREPARE_SEQUENCE
543794.890 DRIFT_CORRECT SEQUENCE.SEQUENCE.DRIFT_CORRECT
543889.114 DISPLAY_SCREEN SEQUENCE.SEQUENCE.SEQUENCE.DISPLAY_SCREEN (BEGIN) 
543896.886 DISPLAY_SCREEN SEQUENCE.SEQUENCE.SEQUENCE.DISPLAY_SCREEN
551896.921 TRACKER_TIME 5 1151112.053
551896.963 TIMER SEQUENCE.SEQUENCE.SEQUENCE.TIMER
551932.063 SetValueAction 
551962.428 DISPLAY_SCREEN SEQUENCE.SEQUENCE.SEQUENCE.DISPLAY_SCREEN (BEGIN) 
552751.892 EL_CAMERA_SETUP SEQUENCE.EL_CAMERA_SETUP
552866.160 PREPARE_SEQUENCE SEQUENCE.SEQUENCE.PREPARE_SEQUENCE
557430.356 DRIFT_CORRECT SEQUENCE.SEQUENCE.DRIFT_CORRECT
557520.651 DISPLAY_SCREEN SEQUENCE.SEQUENCE.SEQUENCE.DISPLAY_SCREEN (BEGIN) 
557528.740 DISPLAY_SCREEN SEQUENCE.SEQUENCE.SEQUENCE.DISPLAY_SCREEN
565528.743 TIMER SEQUENCE.SEQUENCE.SEQUENCE.TIMER
565564.059 SetValueAction 
565593.746 DISPLAY_SCREEN SEQUENCE.SEQUENCE.SEQUENCE.DISPLAY_SCREEN (BEGIN) 
566550.839 EL_CAMERA_SETUP SEQUENCE.EL_CAMERA_SETUP
566665.156 PREPARE_SEQUENCE SEQUENCE.SEQUENCE.PREPARE_SEQUENCE
576229.933 DRIFT_CORRECT SEQUENCE.SEQUENCE.DRIFT_CORRECT
576383.694 DISPLAY_SCREEN SEQUENCE.SEQUENCE.SEQUENCE.DISPLAY_SCREEN (BEGIN) 
576393.374 DISPLAY_SCREEN SEQUENCE.SEQUENCE.SEQUENCE.DISPLAY_SCREEN
584393.401 TIMER SEQUENCE.SEQUENCE.SEQUENCE.TIMER
584429.058 SetValueAction 
584458.669 DISPLAY_SCREEN SEQUENCE.SEQUENCE.SEQUENCE.DISPLAY_SCREEN (BEGIN) 
585636.414 EL_CAMERA_SETUP SEQUENCE.EL_CAMERA_SETUP
585751.152 PREPARE_SEQUENCE SEQUENCE.SEQUENCE.PREPARE_SEQUENCE
589196.799 DRIFT_CORRECT SEQUENCE.SEQUENCE.DRIFT_CORRECT
589329.154 DISPLAY_SCREEN SEQUENCE.SEQUENCE.SEQUENCE.DISPLAY_SCREEN (BEGIN) 
589341.982 DISPLAY_SCREEN SEQUENCE.SEQUENCE.SEQUENCE.DISPLAY_SCREEN
597342.042 TIMER SEQUENCE.SEQUENCE.SEQUENCE.TIMER
597377.060 SetValueAction 
597406.382 DISPLAY_SCREEN SEQUENCE.SEQUENCE.SEQUENCE.DISPLAY_SCREEN (BEGIN) 
598424.756 EL_CAMERA_SETUP SEQUENCE.EL_CAMERA_SETUP
598539.157 PREPARE_SEQUENCE SEQUENCE.SEQUENCE.PREPARE_SEQUENCE
599827.937 DRIFT_CORRECT SEQUENCE.SEQUENCE.DRIFT_CORRECT
599976.215 DISPLAY_SCREEN SEQUENCE.SEQUENCE.SEQUENCE.DISPLAY_SCREEN (BEGIN) 
599990.844 DISPLAY_SCREEN SEQUENCE.SEQUENCE.SEQUENCE.DISPLAY_SCREEN
607990.863 TIMER SEQUENCE.SEQUENCE.SEQUENCE.TIMER
608026.060 SetValueAction 
608055.170 DISPLAY_SCREEN SEQUENCE.SEQUENCE.SEQUENCE.DISPLAY_SCREEN (BEGIN) 
609110.682 EL_CAMERA_SETUP SEQUENCE.EL_CAMERA_SETUP
609225.173 PREPARE_SEQUENCE SEQUENCE.SEQUENCE.PREPARE_SEQUENCE
615491.899 TRACKER_TIME 6 1214705.916
615491.923 DRIFT_CORRECT SEQUENCE.SEQUENCE.DRIFT_CORRECT
615582.010 DISPLAY_SCREEN SEQUENCE.SEQUENCE.SEQUENCE.DISPLAY_SCREEN (BEGIN) 
615589.149 DISPLAY_SCREEN SEQUENCE.SEQUENCE.SEQUENCE.DISPLAY_SCREEN
623589.157 TIMER SEQUENCE.SEQUENCE.SEQUENCE.TIMER
623625.069 SetValueAction 
623654.788 DISPLAY_SCREEN SEQUENCE.SEQUENCE.SEQUENCE.DISPLAY_SCREEN (BEGIN) 
624418.605 EL_CAMERA_SETUP SEQUENCE.EL_CAMERA_SETUP
624533.163 PREPARE_SEQUENCE SEQUENCE.SEQUENCE.PREPARE_SEQUENCE
626511.000 DRIFT_CORRECT SEQUENCE.SEQUENCE.DRIFT_CORRECT
626646.695 DISPLAY_SCREEN SEQUENCE.SEQUENCE.SEQUENCE.DISPLAY_SCREEN (BEGIN) 
626654.622 DISPLAY_SCREEN SEQUENCE.SEQUENCE.SEQUENCE.DISPLAY_SCREEN
634654.673 TIMER SEQUENCE.SEQUENCE.SEQUENCE.TIMER
634689.061 SetValueAction 
634718.370 DISPLAY_SCREEN SEQUENCE.SEQUENCE.SEQUENCE.DISPLAY_SCREEN (BEGIN) 
635384.469 EL_CAMERA_SETUP SEQUENCE.EL_CAMERA_SETUP
635499.168 PREPARE_SEQUENCE SEQUENCE.SEQUENCE.PREPARE_SEQUENCE
644653.318 DRIFT_CORRECT SEQUENCE.SEQUENCE.DRIFT_CORRECT
644787.617 DISPLAY_SCREEN SEQUENCE.SEQUENCE.SEQUENCE.DISPLAY_SCREEN (BEGIN) 
644802.657 DISPLAY_SCREEN SEQUENCE.SEQUENCE.SEQUENCE.DISPLAY_SCREEN
652802.695 TIMER SEQUENCE.SEQUENCE.SEQUENCE.TIMER
652837.059 SetValueAction 
652866.682 DISPLAY_SCREEN SEQUENCE.SEQUENCE.SEQUENCE.DISPLAY_SCREEN (BEGIN) 
653848.539 EL_CAMERA_SETUP SEQUENCE.EL_CAMERA_SETUP
653963.173 PREPARE_SEQUENCE SEQUENCE.SEQUENCE.PREPARE_SEQUENCE
657647.492 DRIFT_CORRECT SEQUENCE.SEQUENCE.DRIFT_CORRECT
657807.257 DISPLAY_SCREEN SEQUENCE.SEQUENCE.SEQUENCE.DISPLAY_SCREEN (BEGIN) 
657817.932 DISPLAY_SCREEN SEQUENCE.SEQUENCE.SEQUENCE.DISPLAY_SCREEN
665817.979 TIMER SEQUENCE.SEQUENCE.SEQUENCE.TIMER
665854.059 SetValueAction 
665884.572 DISPLAY_SCREEN SEQUENCE.SEQUENCE.SEQUENCE.DISPLAY_SCREEN (BEGIN) 
666633.414 EL_CAMERA_SETUP SEQUENCE.EL_CAMERA_SETUP
666747.173 PREPARE_SEQUENCE SEQUENCE.SEQUENCE.PREPARE_SEQUENCE
668992.698 DRIFT_CORRECT SEQUENCE.SEQUENCE.DRIFT_CORRECT
669128.114 DISPLAY_SCREEN SEQUENCE.SEQUENCE.SEQUENCE.DISPLAY_SCREEN (BEGIN) 
669133.371 DISPLAY_SCREEN SEQUENCE.SEQUENCE.SEQUENCE.DISPLAY_SCREEN
677133.380 TRACKER_TIME 7 1276346.345
677133.414 TIMER SEQUENCE.SEQUENCE.SEQUENCE.TIMER
677169.061 SetValueAction 
677198.917 DISPLAY_SCREEN SEQUENCE.SEQUENCE.SEQUENCE.DISPLAY_SCREEN (BEGIN) 
678076.860 EL_CAMERA_SETUP SEQUENCE.EL_CAMERA_SETUP
678192.165 PREPARE_SEQUENCE SEQUENCE.SEQUENCE.PREPARE_SEQUENCE
680555.839 DRIFT_CORRECT SEQUENCE.SEQUENCE.DRIFT_CORRECT
680685.174 DISPLAY_SCREEN SEQUENCE.SEQUENCE.SEQUENCE.DISPLAY_SCREEN (BEGIN) 
680698.791 DISPLAY_SCREEN SEQUENCE.SEQUENCE.SEQUENCE.DISPLAY_SCREEN
688698.825 TIMER SEQUENCE.SEQUENCE.SEQUENCE.TIMER
688733.064 SetValueAction 
688763.366 DISPLAY_SCREEN SEQUENCE.SEQUENCE.SEQUENCE.DISPLAY_SCREEN (BEGIN) 
689826.496 EL_CAMERA_SETUP SEQUENCE.EL_CAMERA_SETUP
689941.185 PREPARE_SEQUENCE SEQUENCE.SEQUENCE.PREPARE_SEQUENCE
691916.690 DRIFT_CORRECT SEQUENCE.SEQUENCE.DRIFT_CORRECT
692042.107 DISPLAY_SCREEN SEQUENCE.SEQUENCE.SEQUENCE.DISPLAY_SCREEN (BEGIN) 
692047.569 DISPLAY_SCREEN SEQUENCE.SEQUENCE.SEQUENCE.DISPLAY_SCREEN
700047.604 TIMER SEQUENCE.SEQUENCE.SEQUENCE.TIMER
700082.080 SetValueAction 
700113.648 DISPLAY_SCREEN SEQUENCE.SEQUENCE.SEQUENCE.DISPLAY_SCREEN (BEGIN) 
700771.897 EL_CAMERA_SETUP SEQUENCE.EL_CAMERA_SETUP
700887.160 PREPARE_SEQUENCE SEQUENCE.SEQUENCE.PREPARE_SEQUENCE
703955.247 DRIFT_CORRECT SEQUENCE.SEQUENCE.DRIFT_CORRECT
704038.500 DISPLAY_SCREEN SEQUENCE.SEQUENCE.SEQUENCE.DISPLAY_SCREEN (BEGIN) 
704046.258 DISPLAY_SCREEN SEQUENCE.SEQUENCE.SEQUENCE.DISPLAY_SCREEN
712046.275 TIMER SEQUENCE.SEQUENCE.SEQUENCE.TIMER
712081.060 SetValueAction 
712127.078 DISPLAY_SCREEN SEQUENCE.SEQUENCE.SEQUENCE.DISPLAY_SCREEN (BEGIN) 
712697.077 EL_CAMERA_SETUP SEQUENCE.EL_CAMERA_SETUP
712812.163 PREPARE_SEQUENCE SEQUENCE.SEQUENCE.PREPARE_SEQUENCE
714127.240 DRIFT_CORRECT SEQUENCE.SEQUENCE.DRIFT_CORRECT
714208.084 DISPLAY_SCREEN SEQUENCE.SEQUENCE.SEQUENCE.DISPLAY_SCREEN (BEGIN) 
714211.827 DISPLAY_SCREEN SEQUENCE.SEQUENCE.SEQUENCE.DISPLAY_SCREEN
722211.848 TIMER SEQUENCE.SEQUENCE.SEQUENCE.TIMER
722246.063 SetValueAction 
722288.963 DISPLAY_SCREEN SEQUENCE.SEQUENCE.SEQUENCE.DISPLAY_SCREEN (BEGIN) 
723136.856 EL_CAMERA_SETUP SEQUENCE.EL_CAMERA_SETUP
723251.159 PREPARE_SEQUENCE SEQUENCE.SEQUENCE.PREPARE_SEQUENCE
724697.214 DRIFT_CORRECT SEQUENCE.SEQUENCE.DRIFT_CORRECT
724828.617 DISPLAY_SCREEN SEQUENCE.SEQUENCE.SEQUENCE.DISPLAY_SCREEN (BEGIN) 
724844.029 DISPLAY_SCREEN SEQUENCE.SEQUENCE.SEQUENCE.DISPLAY_SCREEN
732844.069 TIMER SEQUENCE.SEQUENCE.SEQUENCE.TIMER
732880.060 SetValueAction 
732908.248 DISPLAY_SCREEN SEQUENCE.SEQUENCE.SEQUENCE.DISPLAY_SCREEN (BEGIN) 
733604.318 EL_CAMERA_SETUP SEQUENCE.EL_CAMERA_SETUP
733719.158 PREPARE_SEQUENCE SEQUENCE.SEQUENCE.PREPARE_SEQUENCE
735025.730 DRIFT_CORRECT SEQUENCE.SEQUENCE.DRIFT_CORRECT
735148.167 DISPLAY_SCREEN SEQUENCE.SEQUENCE.SEQUENCE.DISPLAY_SCREEN (BEGIN) 
735159.588 DISPLAY_SCREEN SEQUENCE.SEQUENCE.SEQUENCE.DISPLAY_SCREEN
743159.633 TRACKER_TIME 8 1342371.061
743159.666 TIMER SEQUENCE.SEQUENCE.SEQUENCE.TIMER
743195.058 SetValueAction 
743224.474 DISPLAY_SCREEN SEQUENCE.SEQUENCE.SEQUENCE.DISPLAY_SCREEN (BEGIN) 
743933.669 EL_CAMERA_SETUP SEQUENCE.EL_CAMERA_SETUP
744048.171 PREPARE_SEQUENCE SEQUENCE.SEQUENCE.PREPARE_SEQUENCE
745734.826 DRIFT_CORRECT SEQUENCE.SEQUENCE.DRIFT_CORRECT
745864.209 DISPLAY_SCREEN SEQUENCE.SEQUENCE.SEQUENCE.DISPLAY_SCREEN (BEGIN) 
745875.095 DISPLAY_SCREEN SEQUENCE.SEQUENCE.SEQUENCE.DISPLAY_SCREEN
753875.091 TIMER SEQUENCE.SEQUENCE.SEQUENCE.TIMER
753910.085 SetValueAction 
753939.920 DISPLAY_SCREEN SEQUENCE.SEQUENCE.SEQUENCE.DISPLAY_SCREEN (BEGIN) 
754700.915 EL_CAMERA_SETUP SEQUENCE.EL_CAMERA_SETUP
754815.168 PREPARE_SEQUENCE SEQUENCE.SEQUENCE.PREPARE_SEQUENCE
757548.065 DRIFT_CORRECT SEQUENCE.SEQUENCE.DRIFT_CORRECT
757677.217 DISPLAY_SCREEN SEQUENCE.SEQUENCE.SEQUENCE.DISPLAY_SCREEN (BEGIN) 
757690.486 DISPLAY_SCREEN SEQUENCE.SEQUENCE.SEQUENCE.DISPLAY_SCREEN
765690.524 TIMER SEQUENCE.SEQUENCE.SEQUENCE.TIMER
765725.059 SetValueAction 
765755.927 DISPLAY_SCREEN SEQUENCE.SEQUENCE.SEQUENCE.DISPLAY_SCREEN (BEGIN) 
766602.516 EL_CAMERA_SETUP SEQUENCE.EL_CAMERA_SETUP
766718.179 PREPARE_SEQUENCE SEQUENCE.SEQUENCE.PREPARE_SEQUENCE
773162.084 DRIFT_CORRECT SEQUENCE.SEQUENCE.DRIFT_CORRECT
773282.041 DISPLAY_SCREEN SEQUENCE.SEQUENCE.SEQUENCE.DISPLAY_SCREEN (BEGIN) 
773288.805 DISPLAY_SCREEN SEQUENCE.SEQUENCE.SEQUENCE.DISPLAY_SCREEN
781288.837 TIMER SEQUENCE.SEQUENCE.SEQUENCE.TIMER
781324.059 SetValueAction 
781384.710 DISPLAY_SCREEN SEQUENCE.SEQUENCE.SEQUENCE.DISPLAY_SCREEN (BEGIN) 
781930.723 EL_CAMERA_SETUP SEQUENCE.EL_CAMERA_SETUP
782045.167 PREPARE_SEQUENCE SEQUENCE.SEQUENCE.PREPARE_SEQUENCE
785018.120 DRIFT_CORRECT SEQUENCE.SEQUENCE.DRIFT_CORRECT
785099.101 DISPLAY_SCREEN SEQUENCE.SEQUENCE.SEQUENCE.DISPLAY_SCREEN (BEGIN) 
785104.198 DISPLAY_SCREEN SEQUENCE.SEQUENCE.SEQUENCE.DISPLAY_SCREEN
793104.193 TIMER SEQUENCE.SEQUENCE.SEQUENCE.TIMER
793140.058 SetValueAction 
793169.952 DISPLAY_SCREEN SEQUENCE.SEQUENCE.SEQUENCE.DISPLAY_SCREEN (BEGIN) 
793878.758 EL_CAMERA_SETUP SEQUENCE.EL_CAMERA_SETUP
793996.164 PREPARE_SEQUENCE SEQUENCE.SEQUENCE.PREPARE_SEQUENCE
796228.902 DRIFT_CORRECT SEQUENCE.SEQUENCE.DRIFT_CORRECT
796321.620 DISPLAY_SCREEN SEQUENCE.SEQUENCE.SEQUENCE.DISPLAY_SCREEN (BEGIN) 
796336.313 DISPLAY_SCREEN SEQUENCE.SEQUENCE.SEQUENCE.DISPLAY_SCREEN
804336.335 TRACKER_TIME 9 1403546.729
804336.366 TIMER SEQUENCE.SEQUENCE.SEQUENCE.TIMER
804372.060 SetValueAction 
804402.544 DISPLAY_SCREEN SEQUENCE.SEQUENCE.SEQUENCE.DISPLAY_SCREEN (BEGIN) 
807960.519 EL_CAMERA_SETUP SEQUENCE.EL_CAMERA_SETUP
808076.171 PREPARE_SEQUENCE SEQUENCE.SEQUENCE.PREPARE_SEQUENCE
811059.305 DRIFT_CORRECT SEQUENCE.SEQUENCE.DRIFT_CORRECT
811139.135 DISPLAY_SCREEN SEQUENCE.SEQUENCE.SEQUENCE.DISPLAY_SCREEN (BEGIN) 
811151.386 DISPLAY_SCREEN SEQUENCE.SEQUENCE.SEQUENCE.DISPLAY_SCREEN
819151.391 TIMER SEQUENCE.SEQUENCE.SEQUENCE.TIMER
819186.059 SetValueAction 
819214.020 DISPLAY_SCREEN SEQUENCE.SEQUENCE.SEQUENCE.DISPLAY_SCREEN (BEGIN) 
819824.852 EL_CAMERA_SETUP SEQUENCE.EL_CAMERA_SETUP
819940.179 PREPARE_SEQUENCE SEQUENCE.SEQUENCE.PREPARE_SEQUENCE
825884.867 DRIFT_CORRECT SEQUENCE.SEQUENCE.DRIFT_CORRECT
825974.719 DISPLAY_SCREEN SEQUENCE.SEQUENCE.SEQUENCE.DISPLAY_SCREEN (BEGIN) 
825983.116 DISPLAY_SCREEN SEQUENCE.SEQUENCE.SEQUENCE.DISPLAY_SCREEN
833983.117 TIMER SEQUENCE.SEQUENCE.SEQUENCE.TIMER
834022.193 DISPLAY_SCREEN[1] DISPLAY_SCREEN[1] (BEGIN) 
834032.247 DISPLAY_SCREEN[1] DISPLAY_SCREEN[1]
838032.274 TIMER[1] TIMER[1]
el_logger: Quit logger.
******** END OF THE LOG FILE ********
