10565.683 ********************************************************
10570.760 ** Session beginning Friday April 01, 2022 02:49:15 AM **
10570.769 ** ExperimentBuilder Project : zy **
10570.774 ** ExperimentBuilder Version : 2.3.1 **
10570.779 ** ExperimentBuilder Build   : Jun 23 2020 **
10570.784 ********************************************************
10570.791 TRACKER_TIME 0 66759.109
10938.345 DISPLAY_SCREEN DISPLAY_SCREEN (BEGIN) 
10945.412 DISPLAY_SCREEN DISPLAY_SCREEN
20945.403 TIMER TIMER
20945.527 SetValueAction 
1055928.733 TRACKER_TIME 1 1112099.830
1055928.762 EL_CAMERA_SETUP SEQUENCE.EL_CAMERA_SETUP
1056066.145 PREPARE_SEQUENCE SEQUENCE.SEQUENCE.PREPARE_SEQUENCE
1068734.433 DRIFT_CORRECT SEQUENCE.SEQUENCE.DRIFT_CORRECT
1068859.383 DISPLAY_SCREEN SEQUENCE.SEQUENCE.SEQUENCE.DISPLAY_SCREEN (BEGIN) 
1068864.968 DISPLAY_SCREEN SEQUENCE.SEQUENCE.SEQUENCE.DISPLAY_SCREEN
1076865.003 TIMER SEQUENCE.SEQUENCE.SEQUENCE.TIMER
1076900.066 SetValueAction 
1076927.667 DISPLAY_SCREEN SEQUENCE.SEQUENCE.SEQUENCE.DISPLAY_SCREEN (BEGIN) 
1078380.366 EL_CAMERA_SETUP SEQUENCE.EL_CAMERA_SETUP
1078494.162 PREPARE_SEQUENCE SEQUENCE.SEQUENCE.PREPARE_SEQUENCE
1079384.887 DRIFT_CORRECT SEQUENCE.SEQUENCE.DRIFT_CORRECT
1079523.132 DISPLAY_SCREEN SEQUENCE.SEQUENCE.SEQUENCE.DISPLAY_SCREEN (BEGIN) 
1079530.496 DISPLAY_SCREEN SEQUENCE.SEQUENCE.SEQUENCE.DISPLAY_SCREEN
1087530.518 TIMER SEQUENCE.SEQUENCE.SEQUENCE.TIMER
1087566.069 SetValueAction 
1087595.411 DISPLAY_SCREEN SEQUENCE.SEQUENCE.SEQUENCE.DISPLAY_SCREEN (BEGIN) 
1088271.754 EL_CAMERA_SETUP SEQUENCE.EL_CAMERA_SETUP
1088397.693 PREPARE_SEQUENCE SEQUENCE.SEQUENCE.PREPARE_SEQUENCE
1089710.502 DRIFT_CORRECT SEQUENCE.SEQUENCE.DRIFT_CORRECT
1089791.136 DISPLAY_SCREEN SEQUENCE.SEQUENCE.SEQUENCE.DISPLAY_SCREEN (BEGIN) 
1089796.075 DISPLAY_SCREEN SEQUENCE.SEQUENCE.SEQUENCE.DISPLAY_SCREEN
1097796.104 TIMER SEQUENCE.SEQUENCE.SEQUENCE.TIMER
1097832.068 SetValueAction 
1097860.280 DISPLAY_SCREEN SEQUENCE.SEQUENCE.SEQUENCE.DISPLAY_SCREEN (BEGIN) 
1098537.436 EL_CAMERA_SETUP SEQUENCE.EL_CAMERA_SETUP
1098651.182 PREPARE_SEQUENCE SEQUENCE.SEQUENCE.PREPARE_SEQUENCE
1100522.085 DRIFT_CORRECT SEQUENCE.SEQUENCE.DRIFT_CORRECT
1100646.621 DISPLAY_SCREEN SEQUENCE.SEQUENCE.SEQUENCE.DISPLAY_SCREEN (BEGIN) 
1100661.565 DISPLAY_SCREEN SEQUENCE.SEQUENCE.SEQUENCE.DISPLAY_SCREEN
1108661.610 TIMER SEQUENCE.SEQUENCE.SEQUENCE.TIMER
1108697.103 SetValueAction 
1108732.133 DISPLAY_SCREEN SEQUENCE.SEQUENCE.SEQUENCE.DISPLAY_SCREEN (BEGIN) 
1109505.096 EL_CAMERA_SETUP SEQUENCE.EL_CAMERA_SETUP
1109644.258 PREPARE_SEQUENCE SEQUENCE.SEQUENCE.PREPARE_SEQUENCE
1110572.790 DRIFT_CORRECT SEQUENCE.SEQUENCE.DRIFT_CORRECT
1110705.285 DISPLAY_SCREEN SEQUENCE.SEQUENCE.SEQUENCE.DISPLAY_SCREEN (BEGIN) 
1110710.478 DISPLAY_SCREEN SEQUENCE.SEQUENCE.SEQUENCE.DISPLAY_SCREEN
1118710.479 TRACKER_TIME 2 1174880.480
1118710.525 TIMER SEQUENCE.SEQUENCE.SEQUENCE.TIMER
1118747.102 SetValueAction 
1118775.456 DISPLAY_SCREEN SEQUENCE.SEQUENCE.SEQUENCE.DISPLAY_SCREEN (BEGIN) 
1119653.149 EL_CAMERA_SETUP SEQUENCE.EL_CAMERA_SETUP
1119773.186 PREPARE_SEQUENCE SEQUENCE.SEQUENCE.PREPARE_SEQUENCE
1121901.428 DRIFT_CORRECT SEQUENCE.SEQUENCE.DRIFT_CORRECT
1121982.561 DISPLAY_SCREEN SEQUENCE.SEQUENCE.SEQUENCE.DISPLAY_SCREEN (BEGIN) 
1121992.608 DISPLAY_SCREEN SEQUENCE.SEQUENCE.SEQUENCE.DISPLAY_SCREEN
1129992.662 TIMER SEQUENCE.SEQUENCE.SEQUENCE.TIMER
1130028.080 SetValueAction 
1130056.467 DISPLAY_SCREEN SEQUENCE.SEQUENCE.SEQUENCE.DISPLAY_SCREEN (BEGIN) 
1130699.970 EL_CAMERA_SETUP SEQUENCE.EL_CAMERA_SETUP
1130816.208 PREPARE_SEQUENCE SEQUENCE.SEQUENCE.PREPARE_SEQUENCE
1132023.838 DRIFT_CORRECT SEQUENCE.SEQUENCE.DRIFT_CORRECT
1132153.245 DISPLAY_SCREEN SEQUENCE.SEQUENCE.SEQUENCE.DISPLAY_SCREEN (BEGIN) 
1132158.152 DISPLAY_SCREEN SEQUENCE.SEQUENCE.SEQUENCE.DISPLAY_SCREEN
1140158.176 TIMER SEQUENCE.SEQUENCE.SEQUENCE.TIMER
1140195.060 SetValueAction 
1140226.031 DISPLAY_SCREEN SEQUENCE.SEQUENCE.SEQUENCE.DISPLAY_SCREEN (BEGIN) 
1141003.863 EL_CAMERA_SETUP SEQUENCE.EL_CAMERA_SETUP
1141120.183 PREPARE_SEQUENCE SEQUENCE.SEQUENCE.PREPARE_SEQUENCE
1142999.605 DRIFT_CORRECT SEQUENCE.SEQUENCE.DRIFT_CORRECT
1143113.302 DISPLAY_SCREEN SEQUENCE.SEQUENCE.SEQUENCE.DISPLAY_SCREEN (BEGIN) 
1143123.624 DISPLAY_SCREEN SEQUENCE.SEQUENCE.SEQUENCE.DISPLAY_SCREEN
1151123.674 TIMER SEQUENCE.SEQUENCE.SEQUENCE.TIMER
1151160.074 SetValueAction 
1151189.575 DISPLAY_SCREEN SEQUENCE.SEQUENCE.SEQUENCE.DISPLAY_SCREEN (BEGIN) 
1152050.111 EL_CAMERA_SETUP SEQUENCE.EL_CAMERA_SETUP
1152166.183 PREPARE_SEQUENCE SEQUENCE.SEQUENCE.PREPARE_SEQUENCE
1154413.005 DRIFT_CORRECT SEQUENCE.SEQUENCE.DRIFT_CORRECT
1154640.619 DISPLAY_SCREEN SEQUENCE.SEQUENCE.SEQUENCE.DISPLAY_SCREEN (BEGIN) 
1154655.723 DISPLAY_SCREEN SEQUENCE.SEQUENCE.SEQUENCE.DISPLAY_SCREEN
1162655.751 TIMER SEQUENCE.SEQUENCE.SEQUENCE.TIMER
1162691.065 SetValueAction 
1162720.343 DISPLAY_SCREEN SEQUENCE.SEQUENCE.SEQUENCE.DISPLAY_SCREEN (BEGIN) 
1163645.692 EL_CAMERA_SETUP SEQUENCE.EL_CAMERA_SETUP
1163761.169 PREPARE_SEQUENCE SEQUENCE.SEQUENCE.PREPARE_SEQUENCE
1165350.351 DRIFT_CORRECT SEQUENCE.SEQUENCE.DRIFT_CORRECT
1165492.300 DISPLAY_SCREEN SEQUENCE.SEQUENCE.SEQUENCE.DISPLAY_SCREEN (BEGIN) 
1165504.552 DISPLAY_SCREEN SEQUENCE.SEQUENCE.SEQUENCE.DISPLAY_SCREEN
1173504.593 TIMER SEQUENCE.SEQUENCE.SEQUENCE.TIMER
1173540.063 SetValueAction 
1173568.486 DISPLAY_SCREEN SEQUENCE.SEQUENCE.SEQUENCE.DISPLAY_SCREEN (BEGIN) 
1174484.454 EL_CAMERA_SETUP SEQUENCE.EL_CAMERA_SETUP
1174601.180 PREPARE_SEQUENCE SEQUENCE.SEQUENCE.PREPARE_SEQUENCE
1175677.655 DRIFT_CORRECT SEQUENCE.SEQUENCE.DRIFT_CORRECT
1175830.008 DISPLAY_SCREEN SEQUENCE.SEQUENCE.SEQUENCE.DISPLAY_SCREEN (BEGIN) 
1175836.753 DISPLAY_SCREEN SEQUENCE.SEQUENCE.SEQUENCE.DISPLAY_SCREEN
1183836.801 TRACKER_TIME 3 1240005.280
1183836.836 TIMER SEQUENCE.SEQUENCE.SEQUENCE.TIMER
1183872.071 SetValueAction 
1183902.394 DISPLAY_SCREEN SEQUENCE.SEQUENCE.SEQUENCE.DISPLAY_SCREEN (BEGIN) 
1184448.669 EL_CAMERA_SETUP SEQUENCE.EL_CAMERA_SETUP
1184565.172 PREPARE_SEQUENCE SEQUENCE.SEQUENCE.PREPARE_SEQUENCE
1186516.540 DRIFT_CORRECT SEQUENCE.SEQUENCE.DRIFT_CORRECT
1186597.008 DISPLAY_SCREEN SEQUENCE.SEQUENCE.SEQUENCE.DISPLAY_SCREEN (BEGIN) 
1186602.263 DISPLAY_SCREEN SEQUENCE.SEQUENCE.SEQUENCE.DISPLAY_SCREEN
1194602.282 TIMER SEQUENCE.SEQUENCE.SEQUENCE.TIMER
1194639.064 SetValueAction 
1194669.466 DISPLAY_SCREEN SEQUENCE.SEQUENCE.SEQUENCE.DISPLAY_SCREEN (BEGIN) 
1195440.267 EL_CAMERA_SETUP SEQUENCE.EL_CAMERA_SETUP
1195555.182 PREPARE_SEQUENCE SEQUENCE.SEQUENCE.PREPARE_SEQUENCE
1196599.292 DRIFT_CORRECT SEQUENCE.SEQUENCE.DRIFT_CORRECT
1196730.132 DISPLAY_SCREEN SEQUENCE.SEQUENCE.SEQUENCE.DISPLAY_SCREEN (BEGIN) 
1196734.497 DISPLAY_SCREEN SEQUENCE.SEQUENCE.SEQUENCE.DISPLAY_SCREEN
1204734.535 TIMER SEQUENCE.SEQUENCE.SEQUENCE.TIMER
1204769.062 SetValueAction 
1204795.673 DISPLAY_SCREEN SEQUENCE.SEQUENCE.SEQUENCE.DISPLAY_SCREEN (BEGIN) 
1205433.603 EL_CAMERA_SETUP SEQUENCE.EL_CAMERA_SETUP
1205549.180 PREPARE_SEQUENCE SEQUENCE.SEQUENCE.PREPARE_SEQUENCE
1207143.011 DRIFT_CORRECT SEQUENCE.SEQUENCE.DRIFT_CORRECT
1207273.821 DISPLAY_SCREEN SEQUENCE.SEQUENCE.SEQUENCE.DISPLAY_SCREEN (BEGIN) 
1207283.370 DISPLAY_SCREEN SEQUENCE.SEQUENCE.SEQUENCE.DISPLAY_SCREEN
1215283.380 TIMER SEQUENCE.SEQUENCE.SEQUENCE.TIMER
1215319.068 SetValueAction 
1215348.678 DISPLAY_SCREEN SEQUENCE.SEQUENCE.SEQUENCE.DISPLAY_SCREEN (BEGIN) 
1216323.859 EL_CAMERA_SETUP SEQUENCE.EL_CAMERA_SETUP
1216440.181 PREPARE_SEQUENCE SEQUENCE.SEQUENCE.PREPARE_SEQUENCE
1217634.897 DRIFT_CORRECT SEQUENCE.SEQUENCE.DRIFT_CORRECT
1217793.141 DISPLAY_SCREEN SEQUENCE.SEQUENCE.SEQUENCE.DISPLAY_SCREEN (BEGIN) 
1217798.902 DISPLAY_SCREEN SEQUENCE.SEQUENCE.SEQUENCE.DISPLAY_SCREEN
1225798.914 TIMER SEQUENCE.SEQUENCE.SEQUENCE.TIMER
1225833.061 SetValueAction 
1225863.426 DISPLAY_SCREEN SEQUENCE.SEQUENCE.SEQUENCE.DISPLAY_SCREEN (BEGIN) 
1226563.711 EL_CAMERA_SETUP SEQUENCE.EL_CAMERA_SETUP
1226680.186 PREPARE_SEQUENCE SEQUENCE.SEQUENCE.PREPARE_SEQUENCE
1227830.906 DRIFT_CORRECT SEQUENCE.SEQUENCE.DRIFT_CORRECT
1227948.065 DISPLAY_SCREEN SEQUENCE.SEQUENCE.SEQUENCE.DISPLAY_SCREEN (BEGIN) 
1227964.474 DISPLAY_SCREEN SEQUENCE.SEQUENCE.SEQUENCE.DISPLAY_SCREEN
1235964.474 TIMER SEQUENCE.SEQUENCE.SEQUENCE.TIMER
1236001.067 SetValueAction 
1236033.049 DISPLAY_SCREEN SEQUENCE.SEQUENCE.SEQUENCE.DISPLAY_SCREEN (BEGIN) 
1236847.244 EL_CAMERA_SETUP SEQUENCE.EL_CAMERA_SETUP
1236963.173 PREPARE_SEQUENCE SEQUENCE.SEQUENCE.PREPARE_SEQUENCE
1237971.109 DRIFT_CORRECT SEQUENCE.SEQUENCE.DRIFT_CORRECT
1238100.157 DISPLAY_SCREEN SEQUENCE.SEQUENCE.SEQUENCE.DISPLAY_SCREEN (BEGIN) 
1238113.382 DISPLAY_SCREEN SEQUENCE.SEQUENCE.SEQUENCE.DISPLAY_SCREEN
1246113.403 TRACKER_TIME 4 1302280.858
1246113.435 TIMER SEQUENCE.SEQUENCE.SEQUENCE.TIMER
1246149.071 SetValueAction 
1246177.927 DISPLAY_SCREEN SEQUENCE.SEQUENCE.SEQUENCE.DISPLAY_SCREEN (BEGIN) 
1246792.927 EL_CAMERA_SETUP SEQUENCE.EL_CAMERA_SETUP
1246908.171 PREPARE_SEQUENCE SEQUENCE.SEQUENCE.PREPARE_SEQUENCE
1247887.518 DRIFT_CORRECT SEQUENCE.SEQUENCE.DRIFT_CORRECT
1248015.208 DISPLAY_SCREEN SEQUENCE.SEQUENCE.SEQUENCE.DISPLAY_SCREEN (BEGIN) 
1248028.983 DISPLAY_SCREEN SEQUENCE.SEQUENCE.SEQUENCE.DISPLAY_SCREEN
1256028.996 TIMER SEQUENCE.SEQUENCE.SEQUENCE.TIMER
1256064.065 SetValueAction 
1256094.379 DISPLAY_SCREEN SEQUENCE.SEQUENCE.SEQUENCE.DISPLAY_SCREEN (BEGIN) 
1256699.872 EL_CAMERA_SETUP SEQUENCE.EL_CAMERA_SETUP
1256816.169 PREPARE_SEQUENCE SEQUENCE.SEQUENCE.PREPARE_SEQUENCE
1258487.136 DRIFT_CORRECT SEQUENCE.SEQUENCE.DRIFT_CORRECT
1258582.292 DISPLAY_SCREEN SEQUENCE.SEQUENCE.SEQUENCE.DISPLAY_SCREEN (BEGIN) 
1258594.502 DISPLAY_SCREEN SEQUENCE.SEQUENCE.SEQUENCE.DISPLAY_SCREEN
1266594.529 TIMER SEQUENCE.SEQUENCE.SEQUENCE.TIMER
1266631.067 SetValueAction 
1266661.674 DISPLAY_SCREEN SEQUENCE.SEQUENCE.SEQUENCE.DISPLAY_SCREEN (BEGIN) 
1267436.124 EL_CAMERA_SETUP SEQUENCE.EL_CAMERA_SETUP
1267552.176 PREPARE_SEQUENCE SEQUENCE.SEQUENCE.PREPARE_SEQUENCE
1269020.450 DRIFT_CORRECT SEQUENCE.SEQUENCE.DRIFT_CORRECT
1269150.701 DISPLAY_SCREEN SEQUENCE.SEQUENCE.SEQUENCE.DISPLAY_SCREEN (BEGIN) 
1269160.027 DISPLAY_SCREEN SEQUENCE.SEQUENCE.SEQUENCE.DISPLAY_SCREEN
1277160.072 TIMER SEQUENCE.SEQUENCE.SEQUENCE.TIMER
1277195.065 SetValueAction 
1277225.352 DISPLAY_SCREEN SEQUENCE.SEQUENCE.SEQUENCE.DISPLAY_SCREEN (BEGIN) 
1277967.186 EL_CAMERA_SETUP SEQUENCE.EL_CAMERA_SETUP
1278083.166 PREPARE_SEQUENCE SEQUENCE.SEQUENCE.PREPARE_SEQUENCE
1279094.374 DRIFT_CORRECT SEQUENCE.SEQUENCE.DRIFT_CORRECT
1279232.726 DISPLAY_SCREEN SEQUENCE.SEQUENCE.SEQUENCE.DISPLAY_SCREEN (BEGIN) 
1279242.261 DISPLAY_SCREEN SEQUENCE.SEQUENCE.SEQUENCE.DISPLAY_SCREEN
1287242.300 TIMER SEQUENCE.SEQUENCE.SEQUENCE.TIMER
1287278.064 SetValueAction 
1287308.103 DISPLAY_SCREEN SEQUENCE.SEQUENCE.SEQUENCE.DISPLAY_SCREEN (BEGIN) 
1288062.752 EL_CAMERA_SETUP SEQUENCE.EL_CAMERA_SETUP
1288180.172 PREPARE_SEQUENCE SEQUENCE.SEQUENCE.PREPARE_SEQUENCE
1292011.735 DRIFT_CORRECT SEQUENCE.SEQUENCE.DRIFT_CORRECT
1292144.188 DISPLAY_SCREEN SEQUENCE.SEQUENCE.SEQUENCE.DISPLAY_SCREEN (BEGIN) 
1292157.534 DISPLAY_SCREEN SEQUENCE.SEQUENCE.SEQUENCE.DISPLAY_SCREEN
1300157.587 TIMER SEQUENCE.SEQUENCE.SEQUENCE.TIMER
1300194.064 SetValueAction 
1300239.806 DISPLAY_SCREEN SEQUENCE.SEQUENCE.SEQUENCE.DISPLAY_SCREEN (BEGIN) 
1305084.712 EL_CAMERA_SETUP SEQUENCE.EL_CAMERA_SETUP
1305202.192 PREPARE_SEQUENCE SEQUENCE.SEQUENCE.PREPARE_SEQUENCE
1306020.730 DRIFT_CORRECT SEQUENCE.SEQUENCE.DRIFT_CORRECT
1306170.147 TRACKER_TIME 5 1362336.929
1306170.170 DISPLAY_SCREEN SEQUENCE.SEQUENCE.SEQUENCE.DISPLAY_SCREEN (BEGIN) 
1306172.690 DISPLAY_SCREEN SEQUENCE.SEQUENCE.SEQUENCE.DISPLAY_SCREEN
1314172.697 TIMER SEQUENCE.SEQUENCE.SEQUENCE.TIMER
1314207.060 SetValueAction 
1314252.545 DISPLAY_SCREEN SEQUENCE.SEQUENCE.SEQUENCE.DISPLAY_SCREEN (BEGIN) 
1316269.602 EL_CAMERA_SETUP SEQUENCE.EL_CAMERA_SETUP
1316385.175 PREPARE_SEQUENCE SEQUENCE.SEQUENCE.PREPARE_SEQUENCE
1317467.005 DRIFT_CORRECT SEQUENCE.SEQUENCE.DRIFT_CORRECT
1317597.997 DISPLAY_SCREEN SEQUENCE.SEQUENCE.SEQUENCE.DISPLAY_SCREEN (BEGIN) 
1317604.790 DISPLAY_SCREEN SEQUENCE.SEQUENCE.SEQUENCE.DISPLAY_SCREEN
1325604.808 TIMER SEQUENCE.SEQUENCE.SEQUENCE.TIMER
1325639.125 SetValueAction 
1325668.497 DISPLAY_SCREEN SEQUENCE.SEQUENCE.SEQUENCE.DISPLAY_SCREEN (BEGIN) 
1329055.750 EL_CAMERA_SETUP SEQUENCE.EL_CAMERA_SETUP
1329172.174 PREPARE_SEQUENCE SEQUENCE.SEQUENCE.PREPARE_SEQUENCE
1330822.496 DRIFT_CORRECT SEQUENCE.SEQUENCE.DRIFT_CORRECT
1330944.691 DISPLAY_SCREEN SEQUENCE.SEQUENCE.SEQUENCE.DISPLAY_SCREEN (BEGIN) 
1330953.338 DISPLAY_SCREEN SEQUENCE.SEQUENCE.SEQUENCE.DISPLAY_SCREEN
1338953.337 TIMER SEQUENCE.SEQUENCE.SEQUENCE.TIMER
1338988.062 SetValueAction 
1339017.778 DISPLAY_SCREEN SEQUENCE.SEQUENCE.SEQUENCE.DISPLAY_SCREEN (BEGIN) 
1339970.271 EL_CAMERA_SETUP SEQUENCE.EL_CAMERA_SETUP
1340086.181 PREPARE_SEQUENCE SEQUENCE.SEQUENCE.PREPARE_SEQUENCE
1341953.753 DRIFT_CORRECT SEQUENCE.SEQUENCE.DRIFT_CORRECT
1342083.092 DISPLAY_SCREEN SEQUENCE.SEQUENCE.SEQUENCE.DISPLAY_SCREEN (BEGIN) 
1342085.469 DISPLAY_SCREEN SEQUENCE.SEQUENCE.SEQUENCE.DISPLAY_SCREEN
1350085.473 TIMER SEQUENCE.SEQUENCE.SEQUENCE.TIMER
1350121.091 SetValueAction 
1350151.124 DISPLAY_SCREEN SEQUENCE.SEQUENCE.SEQUENCE.DISPLAY_SCREEN (BEGIN) 
1350908.423 EL_CAMERA_SETUP SEQUENCE.EL_CAMERA_SETUP
1351026.176 PREPARE_SEQUENCE SEQUENCE.SEQUENCE.PREPARE_SEQUENCE
1353064.332 DRIFT_CORRECT SEQUENCE.SEQUENCE.DRIFT_CORRECT
1353154.211 DISPLAY_SCREEN SEQUENCE.SEQUENCE.SEQUENCE.DISPLAY_SCREEN (BEGIN) 
1353167.616 DISPLAY_SCREEN SEQUENCE.SEQUENCE.SEQUENCE.DISPLAY_SCREEN
1361167.648 TIMER SEQUENCE.SEQUENCE.SEQUENCE.TIMER
1361203.061 SetValueAction 
1361233.158 DISPLAY_SCREEN SEQUENCE.SEQUENCE.SEQUENCE.DISPLAY_SCREEN (BEGIN) 
1363211.278 EL_CAMERA_SETUP SEQUENCE.EL_CAMERA_SETUP
1363327.181 PREPARE_SEQUENCE SEQUENCE.SEQUENCE.PREPARE_SEQUENCE
1364566.774 DRIFT_CORRECT SEQUENCE.SEQUENCE.DRIFT_CORRECT
1364741.695 DISPLAY_SCREEN SEQUENCE.SEQUENCE.SEQUENCE.DISPLAY_SCREEN (BEGIN) 
1364749.701 DISPLAY_SCREEN SEQUENCE.SEQUENCE.SEQUENCE.DISPLAY_SCREEN
1372749.755 TRACKER_TIME 6 1428915.402
1372749.787 TIMER SEQUENCE.SEQUENCE.SEQUENCE.TIMER
1372784.064 SetValueAction 
1372814.259 DISPLAY_SCREEN SEQUENCE.SEQUENCE.SEQUENCE.DISPLAY_SCREEN (BEGIN) 
1374186.149 EL_CAMERA_SETUP SEQUENCE.EL_CAMERA_SETUP
1374303.175 PREPARE_SEQUENCE SEQUENCE.SEQUENCE.PREPARE_SEQUENCE
1376696.307 DRIFT_CORRECT SEQUENCE.SEQUENCE.DRIFT_CORRECT
1376822.694 DISPLAY_SCREEN SEQUENCE.SEQUENCE.SEQUENCE.DISPLAY_SCREEN (BEGIN) 
1376831.743 DISPLAY_SCREEN SEQUENCE.SEQUENCE.SEQUENCE.DISPLAY_SCREEN
1384831.787 TIMER SEQUENCE.SEQUENCE.SEQUENCE.TIMER
1384866.061 SetValueAction 
1384896.743 DISPLAY_SCREEN SEQUENCE.SEQUENCE.SEQUENCE.DISPLAY_SCREEN (BEGIN) 
1385565.584 EL_CAMERA_SETUP SEQUENCE.EL_CAMERA_SETUP
1385682.170 PREPARE_SEQUENCE SEQUENCE.SEQUENCE.PREPARE_SEQUENCE
1386494.272 DRIFT_CORRECT SEQUENCE.SEQUENCE.DRIFT_CORRECT
1386645.162 DISPLAY_SCREEN SEQUENCE.SEQUENCE.SEQUENCE.DISPLAY_SCREEN (BEGIN) 
1386647.330 DISPLAY_SCREEN SEQUENCE.SEQUENCE.SEQUENCE.DISPLAY_SCREEN
1394647.375 TIMER SEQUENCE.SEQUENCE.SEQUENCE.TIMER
1394682.061 SetValueAction 
1394712.870 DISPLAY_SCREEN SEQUENCE.SEQUENCE.SEQUENCE.DISPLAY_SCREEN (BEGIN) 
1396564.821 EL_CAMERA_SETUP SEQUENCE.EL_CAMERA_SETUP
1396681.165 PREPARE_SEQUENCE SEQUENCE.SEQUENCE.PREPARE_SEQUENCE
1397388.033 DRIFT_CORRECT SEQUENCE.SEQUENCE.DRIFT_CORRECT
1397509.103 DISPLAY_SCREEN SEQUENCE.SEQUENCE.SEQUENCE.DISPLAY_SCREEN (BEGIN) 
1397512.828 DISPLAY_SCREEN SEQUENCE.SEQUENCE.SEQUENCE.DISPLAY_SCREEN
1405512.856 TIMER SEQUENCE.SEQUENCE.SEQUENCE.TIMER
1405547.067 SetValueAction 
1405576.841 DISPLAY_SCREEN SEQUENCE.SEQUENCE.SEQUENCE.DISPLAY_SCREEN (BEGIN) 
1406914.821 EL_CAMERA_SETUP SEQUENCE.EL_CAMERA_SETUP
1407031.165 PREPARE_SEQUENCE SEQUENCE.SEQUENCE.PREPARE_SEQUENCE
1408045.145 DRIFT_CORRECT SEQUENCE.SEQUENCE.DRIFT_CORRECT
1408180.150 DISPLAY_SCREEN SEQUENCE.SEQUENCE.SEQUENCE.DISPLAY_SCREEN (BEGIN) 
1408195.005 DISPLAY_SCREEN SEQUENCE.SEQUENCE.SEQUENCE.DISPLAY_SCREEN
1416195.054 TIMER SEQUENCE.SEQUENCE.SEQUENCE.TIMER
1416231.084 SetValueAction 
1416257.546 DISPLAY_SCREEN SEQUENCE.SEQUENCE.SEQUENCE.DISPLAY_SCREEN (BEGIN) 
1417623.460 EL_CAMERA_SETUP SEQUENCE.EL_CAMERA_SETUP
1417740.167 PREPARE_SEQUENCE SEQUENCE.SEQUENCE.PREPARE_SEQUENCE
1419946.895 DRIFT_CORRECT SEQUENCE.SEQUENCE.DRIFT_CORRECT
1420063.211 DISPLAY_SCREEN SEQUENCE.SEQUENCE.SEQUENCE.DISPLAY_SCREEN (BEGIN) 
1420077.053 DISPLAY_SCREEN SEQUENCE.SEQUENCE.SEQUENCE.DISPLAY_SCREEN
1428077.101 TIMER SEQUENCE.SEQUENCE.SEQUENCE.TIMER
1428112.066 SetValueAction 
1428141.044 DISPLAY_SCREEN SEQUENCE.SEQUENCE.SEQUENCE.DISPLAY_SCREEN (BEGIN) 
1428823.421 EL_CAMERA_SETUP SEQUENCE.EL_CAMERA_SETUP
1428942.185 PREPARE_SEQUENCE SEQUENCE.SEQUENCE.PREPARE_SEQUENCE
1430971.875 DRIFT_CORRECT SEQUENCE.SEQUENCE.DRIFT_CORRECT
1431117.772 DISPLAY_SCREEN SEQUENCE.SEQUENCE.SEQUENCE.DISPLAY_SCREEN (BEGIN) 
1431125.875 DISPLAY_SCREEN SEQUENCE.SEQUENCE.SEQUENCE.DISPLAY_SCREEN
1439125.922 TRACKER_TIME 7 1495290.071
1439125.956 TIMER SEQUENCE.SEQUENCE.SEQUENCE.TIMER
1439162.067 SetValueAction 
1439208.661 DISPLAY_SCREEN SEQUENCE.SEQUENCE.SEQUENCE.DISPLAY_SCREEN (BEGIN) 
1439958.937 EL_CAMERA_SETUP SEQUENCE.EL_CAMERA_SETUP
1440074.177 PREPARE_SEQUENCE SEQUENCE.SEQUENCE.PREPARE_SEQUENCE
1440997.726 DRIFT_CORRECT SEQUENCE.SEQUENCE.DRIFT_CORRECT
1441078.197 DISPLAY_SCREEN SEQUENCE.SEQUENCE.SEQUENCE.DISPLAY_SCREEN (BEGIN) 
1441091.465 DISPLAY_SCREEN SEQUENCE.SEQUENCE.SEQUENCE.DISPLAY_SCREEN
1449091.468 TIMER SEQUENCE.SEQUENCE.SEQUENCE.TIMER
1449126.063 SetValueAction 
1449156.321 DISPLAY_SCREEN SEQUENCE.SEQUENCE.SEQUENCE.DISPLAY_SCREEN (BEGIN) 
1450170.605 EL_CAMERA_SETUP SEQUENCE.EL_CAMERA_SETUP
1450287.189 PREPARE_SEQUENCE SEQUENCE.SEQUENCE.PREPARE_SEQUENCE
1452736.551 DRIFT_CORRECT SEQUENCE.SEQUENCE.DRIFT_CORRECT
1452816.943 DISPLAY_SCREEN SEQUENCE.SEQUENCE.SEQUENCE.DISPLAY_SCREEN (BEGIN) 
1452823.503 DISPLAY_SCREEN SEQUENCE.SEQUENCE.SEQUENCE.DISPLAY_SCREEN
1460823.535 TIMER SEQUENCE.SEQUENCE.SEQUENCE.TIMER
1460859.065 SetValueAction 
1460889.235 DISPLAY_SCREEN SEQUENCE.SEQUENCE.SEQUENCE.DISPLAY_SCREEN (BEGIN) 
1462100.853 EL_CAMERA_SETUP SEQUENCE.EL_CAMERA_SETUP
1462217.180 PREPARE_SEQUENCE SEQUENCE.SEQUENCE.PREPARE_SEQUENCE
1463973.519 DRIFT_CORRECT SEQUENCE.SEQUENCE.DRIFT_CORRECT
1464102.368 DISPLAY_SCREEN SEQUENCE.SEQUENCE.SEQUENCE.DISPLAY_SCREEN (BEGIN) 
1464105.632 DISPLAY_SCREEN SEQUENCE.SEQUENCE.SEQUENCE.DISPLAY_SCREEN
1472105.644 TIMER SEQUENCE.SEQUENCE.SEQUENCE.TIMER
1472140.062 SetValueAction 
1472170.632 DISPLAY_SCREEN SEQUENCE.SEQUENCE.SEQUENCE.DISPLAY_SCREEN (BEGIN) 
1472781.255 EL_CAMERA_SETUP SEQUENCE.EL_CAMERA_SETUP
1472897.172 PREPARE_SEQUENCE SEQUENCE.SEQUENCE.PREPARE_SEQUENCE
1474820.070 DRIFT_CORRECT SEQUENCE.SEQUENCE.DRIFT_CORRECT
1474901.053 DISPLAY_SCREEN SEQUENCE.SEQUENCE.SEQUENCE.DISPLAY_SCREEN (BEGIN) 
1474904.467 DISPLAY_SCREEN SEQUENCE.SEQUENCE.SEQUENCE.DISPLAY_SCREEN
1482904.469 TIMER SEQUENCE.SEQUENCE.SEQUENCE.TIMER
1482939.063 SetValueAction 
1482968.903 DISPLAY_SCREEN SEQUENCE.SEQUENCE.SEQUENCE.DISPLAY_SCREEN (BEGIN) 
1483922.292 EL_CAMERA_SETUP SEQUENCE.EL_CAMERA_SETUP
1484039.166 PREPARE_SEQUENCE SEQUENCE.SEQUENCE.PREPARE_SEQUENCE
1485062.402 DRIFT_CORRECT SEQUENCE.SEQUENCE.DRIFT_CORRECT
1485146.151 DISPLAY_SCREEN SEQUENCE.SEQUENCE.SEQUENCE.DISPLAY_SCREEN (BEGIN) 
1485153.351 DISPLAY_SCREEN SEQUENCE.SEQUENCE.SEQUENCE.DISPLAY_SCREEN
1493153.397 TIMER SEQUENCE.SEQUENCE.SEQUENCE.TIMER
1493188.063 SetValueAction 
1493218.588 DISPLAY_SCREEN SEQUENCE.SEQUENCE.SEQUENCE.DISPLAY_SCREEN (BEGIN) 
1494144.442 EL_CAMERA_SETUP SEQUENCE.EL_CAMERA_SETUP
1494262.166 PREPARE_SEQUENCE SEQUENCE.SEQUENCE.PREPARE_SEQUENCE
1495185.113 DRIFT_CORRECT SEQUENCE.SEQUENCE.DRIFT_CORRECT
1495276.688 DISPLAY_SCREEN SEQUENCE.SEQUENCE.SEQUENCE.DISPLAY_SCREEN (BEGIN) 
1495285.605 DISPLAY_SCREEN SEQUENCE.SEQUENCE.SEQUENCE.DISPLAY_SCREEN
1503285.642 TRACKER_TIME 8 1559448.684
1503285.673 TIMER SEQUENCE.SEQUENCE.SEQUENCE.TIMER
1503321.068 SetValueAction 
1503349.433 DISPLAY_SCREEN SEQUENCE.SEQUENCE.SEQUENCE.DISPLAY_SCREEN (BEGIN) 
1504388.577 EL_CAMERA_SETUP SEQUENCE.EL_CAMERA_SETUP
1504504.169 PREPARE_SEQUENCE SEQUENCE.SEQUENCE.PREPARE_SEQUENCE
1505518.097 DRIFT_CORRECT SEQUENCE.SEQUENCE.DRIFT_CORRECT
1505635.165 DISPLAY_SCREEN SEQUENCE.SEQUENCE.SEQUENCE.DISPLAY_SCREEN (BEGIN) 
1505651.140 DISPLAY_SCREEN SEQUENCE.SEQUENCE.SEQUENCE.DISPLAY_SCREEN
1513651.179 TIMER SEQUENCE.SEQUENCE.SEQUENCE.TIMER
1513691.229 DISPLAY_SCREEN[1] DISPLAY_SCREEN[1] (BEGIN) 
1513700.272 DISPLAY_SCREEN[1] DISPLAY_SCREEN[1]
1517700.305 TIMER[1] TIMER[1]
el_logger: Quit logger.
******** END OF THE LOG FILE ********
