21236.408 ********************************************************
21236.477 ** Session beginning Friday March 18, 2022 03:54:27 AM **
21236.484 ** ExperimentBuilder Project : wzc **
21236.489 ** ExperimentBuilder Version : 2.3.1 **
21236.493 ** ExperimentBuilder Build   : Jun 23 2020 **
21236.498 ********************************************************
21236.505 TRACKER_TIME 0 5036934.901
21609.666 DISPLAY_SCREEN DISPLAY_SCREEN (BEGIN) 
21617.001 DISPLAY_SCREEN DISPLAY_SCREEN
23213.493 KEYBOARD KEYBOARD
23213.641 SetValueAction 
138033.532 TRACKER_TIME 1 5153729.865
138033.566 EL_CAMERA_SETUP SEQUENCE.EL_CAMERA_SETUP
138167.701 PREPARE_SEQUENCE SEQUENCE.SEQUENCE.PREPARE_SEQUENCE
139121.954 DRIFT_CORRECT SEQUENCE.SEQUENCE.DRIFT_CORRECT
139243.627 DISPLAY_SCREEN SEQUENCE.SEQUENCE.SEQUENCE.DISPLAY_SCREEN (BEGIN) 
139254.371 DISPLAY_SCREEN SEQUENCE.SEQUENCE.SEQUENCE.DISPLAY_SCREEN
147254.377 TIMER SEQUENCE.SEQUENCE.SEQUENCE.TIMER
147289.064 SetValueAction 
147315.689 DISPLAY_SCREEN SEQUENCE.SEQUENCE.SEQUENCE.DISPLAY_SCREEN (BEGIN) 
149963.428 EL_CAMERA_SETUP SEQUENCE.EL_CAMERA_SETUP
150077.454 PREPARE_SEQUENCE SEQUENCE.SEQUENCE.PREPARE_SEQUENCE
151299.475 DRIFT_CORRECT SEQUENCE.SEQUENCE.DRIFT_CORRECT
151429.600 DISPLAY_SCREEN SEQUENCE.SEQUENCE.SEQUENCE.DISPLAY_SCREEN (BEGIN) 
151436.393 DISPLAY_SCREEN SEQUENCE.SEQUENCE.SEQUENCE.DISPLAY_SCREEN
159436.434 TIMER SEQUENCE.SEQUENCE.SEQUENCE.TIMER
159472.064 SetValueAction 
159498.963 DISPLAY_SCREEN SEQUENCE.SEQUENCE.SEQUENCE.DISPLAY_SCREEN (BEGIN) 
161439.516 EL_CAMERA_SETUP SEQUENCE.EL_CAMERA_SETUP
161554.472 PREPARE_SEQUENCE SEQUENCE.SEQUENCE.PREPARE_SEQUENCE
162476.874 DRIFT_CORRECT SEQUENCE.SEQUENCE.DRIFT_CORRECT
162565.106 DISPLAY_SCREEN SEQUENCE.SEQUENCE.SEQUENCE.DISPLAY_SCREEN (BEGIN) 
162568.518 DISPLAY_SCREEN SEQUENCE.SEQUENCE.SEQUENCE.DISPLAY_SCREEN
170568.590 TIMER SEQUENCE.SEQUENCE.SEQUENCE.TIMER
170604.067 SetValueAction 
170630.882 DISPLAY_SCREEN SEQUENCE.SEQUENCE.SEQUENCE.DISPLAY_SCREEN (BEGIN) 
171994.994 EL_CAMERA_SETUP SEQUENCE.EL_CAMERA_SETUP
172110.462 PREPARE_SEQUENCE SEQUENCE.SEQUENCE.PREPARE_SEQUENCE
173054.217 DRIFT_CORRECT SEQUENCE.SEQUENCE.DRIFT_CORRECT
173134.687 DISPLAY_SCREEN SEQUENCE.SEQUENCE.SEQUENCE.DISPLAY_SCREEN (BEGIN) 
173150.729 DISPLAY_SCREEN SEQUENCE.SEQUENCE.SEQUENCE.DISPLAY_SCREEN
181150.729 TIMER SEQUENCE.SEQUENCE.SEQUENCE.TIMER
181187.061 SetValueAction 
181215.180 DISPLAY_SCREEN SEQUENCE.SEQUENCE.SEQUENCE.DISPLAY_SCREEN (BEGIN) 
182763.281 EL_CAMERA_SETUP SEQUENCE.EL_CAMERA_SETUP
182878.461 PREPARE_SEQUENCE SEQUENCE.SEQUENCE.PREPARE_SEQUENCE
184980.478 DRIFT_CORRECT SEQUENCE.SEQUENCE.DRIFT_CORRECT
185061.374 DISPLAY_SCREEN SEQUENCE.SEQUENCE.SEQUENCE.DISPLAY_SCREEN (BEGIN) 
185066.112 DISPLAY_SCREEN SEQUENCE.SEQUENCE.SEQUENCE.DISPLAY_SCREEN
193066.120 TIMER SEQUENCE.SEQUENCE.SEQUENCE.TIMER
193101.064 SetValueAction 
193126.879 DISPLAY_SCREEN SEQUENCE.SEQUENCE.SEQUENCE.DISPLAY_SCREEN (BEGIN) 
194539.436 EL_CAMERA_SETUP SEQUENCE.EL_CAMERA_SETUP
194656.463 PREPARE_SEQUENCE SEQUENCE.SEQUENCE.PREPARE_SEQUENCE
196256.734 DRIFT_CORRECT SEQUENCE.SEQUENCE.DRIFT_CORRECT
196385.959 DISPLAY_SCREEN SEQUENCE.SEQUENCE.SEQUENCE.DISPLAY_SCREEN (BEGIN) 
196398.226 DISPLAY_SCREEN SEQUENCE.SEQUENCE.SEQUENCE.DISPLAY_SCREEN
204398.233 TRACKER_TIME 2 5220093.344
204398.264 TIMER SEQUENCE.SEQUENCE.SEQUENCE.TIMER
204433.061 SetValueAction 
204460.215 DISPLAY_SCREEN SEQUENCE.SEQUENCE.SEQUENCE.DISPLAY_SCREEN (BEGIN) 
205706.745 EL_CAMERA_SETUP SEQUENCE.EL_CAMERA_SETUP
205821.459 PREPARE_SEQUENCE SEQUENCE.SEQUENCE.PREPARE_SEQUENCE
209021.811 DRIFT_CORRECT SEQUENCE.SEQUENCE.DRIFT_CORRECT
209163.591 DISPLAY_SCREEN SEQUENCE.SEQUENCE.SEQUENCE.DISPLAY_SCREEN (BEGIN) 
209180.205 DISPLAY_SCREEN SEQUENCE.SEQUENCE.SEQUENCE.DISPLAY_SCREEN
217180.243 TIMER SEQUENCE.SEQUENCE.SEQUENCE.TIMER
217217.059 SetValueAction 
217244.739 DISPLAY_SCREEN SEQUENCE.SEQUENCE.SEQUENCE.DISPLAY_SCREEN (BEGIN) 
218650.921 EL_CAMERA_SETUP SEQUENCE.EL_CAMERA_SETUP
218767.453 PREPARE_SEQUENCE SEQUENCE.SEQUENCE.PREPARE_SEQUENCE
223617.966 DRIFT_CORRECT SEQUENCE.SEQUENCE.DRIFT_CORRECT
223747.842 DISPLAY_SCREEN SEQUENCE.SEQUENCE.SEQUENCE.DISPLAY_SCREEN (BEGIN) 
223761.972 DISPLAY_SCREEN SEQUENCE.SEQUENCE.SEQUENCE.DISPLAY_SCREEN
231762.043 TIMER SEQUENCE.SEQUENCE.SEQUENCE.TIMER
231797.062 SetValueAction 
231824.478 DISPLAY_SCREEN SEQUENCE.SEQUENCE.SEQUENCE.DISPLAY_SCREEN (BEGIN) 
233370.929 EL_CAMERA_SETUP SEQUENCE.EL_CAMERA_SETUP
233485.510 PREPARE_SEQUENCE SEQUENCE.SEQUENCE.PREPARE_SEQUENCE
234690.694 DRIFT_CORRECT SEQUENCE.SEQUENCE.DRIFT_CORRECT
234805.716 DISPLAY_SCREEN SEQUENCE.SEQUENCE.SEQUENCE.DISPLAY_SCREEN (BEGIN) 
234810.763 DISPLAY_SCREEN SEQUENCE.SEQUENCE.SEQUENCE.DISPLAY_SCREEN
242810.801 TIMER SEQUENCE.SEQUENCE.SEQUENCE.TIMER
242846.059 SetValueAction 
242873.928 DISPLAY_SCREEN SEQUENCE.SEQUENCE.SEQUENCE.DISPLAY_SCREEN (BEGIN) 
244362.779 EL_CAMERA_SETUP SEQUENCE.EL_CAMERA_SETUP
244478.474 PREPARE_SEQUENCE SEQUENCE.SEQUENCE.PREPARE_SEQUENCE
245934.672 DRIFT_CORRECT SEQUENCE.SEQUENCE.DRIFT_CORRECT
246072.857 DISPLAY_SCREEN SEQUENCE.SEQUENCE.SEQUENCE.DISPLAY_SCREEN (BEGIN) 
246076.229 DISPLAY_SCREEN SEQUENCE.SEQUENCE.SEQUENCE.DISPLAY_SCREEN
254076.306 TIMER SEQUENCE.SEQUENCE.SEQUENCE.TIMER
254111.060 SetValueAction 
254138.575 DISPLAY_SCREEN SEQUENCE.SEQUENCE.SEQUENCE.DISPLAY_SCREEN (BEGIN) 
255946.677 EL_CAMERA_SETUP SEQUENCE.EL_CAMERA_SETUP
256062.469 PREPARE_SEQUENCE SEQUENCE.SEQUENCE.PREPARE_SEQUENCE
257320.793 DRIFT_CORRECT SEQUENCE.SEQUENCE.DRIFT_CORRECT
257472.109 DISPLAY_SCREEN SEQUENCE.SEQUENCE.SEQUENCE.DISPLAY_SCREEN (BEGIN) 
257475.036 DISPLAY_SCREEN SEQUENCE.SEQUENCE.SEQUENCE.DISPLAY_SCREEN
265475.100 TRACKER_TIME 3 5281169.053
265475.133 TIMER SEQUENCE.SEQUENCE.SEQUENCE.TIMER
265510.065 SetValueAction 
265538.487 DISPLAY_SCREEN SEQUENCE.SEQUENCE.SEQUENCE.DISPLAY_SCREEN (BEGIN) 
267018.530 EL_CAMERA_SETUP SEQUENCE.EL_CAMERA_SETUP
267136.458 PREPARE_SEQUENCE SEQUENCE.SEQUENCE.PREPARE_SEQUENCE
270574.779 DRIFT_CORRECT SEQUENCE.SEQUENCE.DRIFT_CORRECT
270656.974 DISPLAY_SCREEN SEQUENCE.SEQUENCE.SEQUENCE.DISPLAY_SCREEN (BEGIN) 
270673.605 DISPLAY_SCREEN SEQUENCE.SEQUENCE.SEQUENCE.DISPLAY_SCREEN
278673.668 TIMER SEQUENCE.SEQUENCE.SEQUENCE.TIMER
278708.060 SetValueAction 
278736.623 DISPLAY_SCREEN SEQUENCE.SEQUENCE.SEQUENCE.DISPLAY_SCREEN (BEGIN) 
280154.896 EL_CAMERA_SETUP SEQUENCE.EL_CAMERA_SETUP
280269.431 PREPARE_SEQUENCE SEQUENCE.SEQUENCE.PREPARE_SEQUENCE
281270.409 DRIFT_CORRECT SEQUENCE.SEQUENCE.DRIFT_CORRECT
281431.221 DISPLAY_SCREEN SEQUENCE.SEQUENCE.SEQUENCE.DISPLAY_SCREEN (BEGIN) 
281439.103 DISPLAY_SCREEN SEQUENCE.SEQUENCE.SEQUENCE.DISPLAY_SCREEN
289439.102 TIMER SEQUENCE.SEQUENCE.SEQUENCE.TIMER
289476.063 SetValueAction 
289501.221 DISPLAY_SCREEN SEQUENCE.SEQUENCE.SEQUENCE.DISPLAY_SCREEN (BEGIN) 
290906.936 EL_CAMERA_SETUP SEQUENCE.EL_CAMERA_SETUP
291022.438 PREPARE_SEQUENCE SEQUENCE.SEQUENCE.PREPARE_SEQUENCE
293778.781 DRIFT_CORRECT SEQUENCE.SEQUENCE.DRIFT_CORRECT
293909.718 DISPLAY_SCREEN SEQUENCE.SEQUENCE.SEQUENCE.DISPLAY_SCREEN (BEGIN) 
293921.097 DISPLAY_SCREEN SEQUENCE.SEQUENCE.SEQUENCE.DISPLAY_SCREEN
301921.175 TIMER SEQUENCE.SEQUENCE.SEQUENCE.TIMER
301956.064 SetValueAction 
301984.042 DISPLAY_SCREEN SEQUENCE.SEQUENCE.SEQUENCE.DISPLAY_SCREEN (BEGIN) 
303242.779 EL_CAMERA_SETUP SEQUENCE.EL_CAMERA_SETUP
303358.233 PREPARE_SEQUENCE SEQUENCE.SEQUENCE.PREPARE_SEQUENCE
304935.388 DRIFT_CORRECT SEQUENCE.SEQUENCE.DRIFT_CORRECT
305021.985 DISPLAY_SCREEN SEQUENCE.SEQUENCE.SEQUENCE.DISPLAY_SCREEN (BEGIN) 
305036.568 DISPLAY_SCREEN SEQUENCE.SEQUENCE.SEQUENCE.DISPLAY_SCREEN
313036.633 TIMER SEQUENCE.SEQUENCE.SEQUENCE.TIMER
313072.059 SetValueAction 
313100.631 DISPLAY_SCREEN SEQUENCE.SEQUENCE.SEQUENCE.DISPLAY_SCREEN (BEGIN) 
314698.963 EL_CAMERA_SETUP SEQUENCE.EL_CAMERA_SETUP
314814.490 PREPARE_SEQUENCE SEQUENCE.SEQUENCE.PREPARE_SEQUENCE
318069.108 DRIFT_CORRECT SEQUENCE.SEQUENCE.DRIFT_CORRECT
318154.762 DISPLAY_SCREEN SEQUENCE.SEQUENCE.SEQUENCE.DISPLAY_SCREEN (BEGIN) 
318168.500 DISPLAY_SCREEN SEQUENCE.SEQUENCE.SEQUENCE.DISPLAY_SCREEN
326168.550 TRACKER_TIME 4 5341861.395
326168.590 TIMER SEQUENCE.SEQUENCE.SEQUENCE.TIMER
326204.060 SetValueAction 
326232.532 DISPLAY_SCREEN SEQUENCE.SEQUENCE.SEQUENCE.DISPLAY_SCREEN (BEGIN) 
327722.672 EL_CAMERA_SETUP SEQUENCE.EL_CAMERA_SETUP
327838.484 PREPARE_SEQUENCE SEQUENCE.SEQUENCE.PREPARE_SEQUENCE
329865.311 DRIFT_CORRECT SEQUENCE.SEQUENCE.DRIFT_CORRECT
329993.882 DISPLAY_SCREEN SEQUENCE.SEQUENCE.SEQUENCE.DISPLAY_SCREEN (BEGIN) 
330000.572 DISPLAY_SCREEN SEQUENCE.SEQUENCE.SEQUENCE.DISPLAY_SCREEN
338000.569 TIMER SEQUENCE.SEQUENCE.SEQUENCE.TIMER
338035.059 SetValueAction 
338062.593 DISPLAY_SCREEN SEQUENCE.SEQUENCE.SEQUENCE.DISPLAY_SCREEN (BEGIN) 
339422.511 EL_CAMERA_SETUP SEQUENCE.EL_CAMERA_SETUP
339537.336 PREPARE_SEQUENCE SEQUENCE.SEQUENCE.PREPARE_SEQUENCE
341534.564 DRIFT_CORRECT SEQUENCE.SEQUENCE.DRIFT_CORRECT
341616.673 DISPLAY_SCREEN SEQUENCE.SEQUENCE.SEQUENCE.DISPLAY_SCREEN (BEGIN) 
341632.652 DISPLAY_SCREEN SEQUENCE.SEQUENCE.SEQUENCE.DISPLAY_SCREEN
349632.680 TIMER SEQUENCE.SEQUENCE.SEQUENCE.TIMER
349667.062 SetValueAction 
349695.508 DISPLAY_SCREEN SEQUENCE.SEQUENCE.SEQUENCE.DISPLAY_SCREEN (BEGIN) 
350987.208 EL_CAMERA_SETUP SEQUENCE.EL_CAMERA_SETUP
351103.460 PREPARE_SEQUENCE SEQUENCE.SEQUENCE.PREPARE_SEQUENCE
354088.337 DRIFT_CORRECT SEQUENCE.SEQUENCE.DRIFT_CORRECT
354178.669 DISPLAY_SCREEN SEQUENCE.SEQUENCE.SEQUENCE.DISPLAY_SCREEN (BEGIN) 
354181.294 DISPLAY_SCREEN SEQUENCE.SEQUENCE.SEQUENCE.DISPLAY_SCREEN
362181.364 TIMER SEQUENCE.SEQUENCE.SEQUENCE.TIMER
362216.062 SetValueAction 
362244.856 DISPLAY_SCREEN SEQUENCE.SEQUENCE.SEQUENCE.DISPLAY_SCREEN (BEGIN) 
363498.494 EL_CAMERA_SETUP SEQUENCE.EL_CAMERA_SETUP
363613.474 PREPARE_SEQUENCE SEQUENCE.SEQUENCE.PREPARE_SEQUENCE
364742.274 DRIFT_CORRECT SEQUENCE.SEQUENCE.DRIFT_CORRECT
364830.903 DISPLAY_SCREEN SEQUENCE.SEQUENCE.SEQUENCE.DISPLAY_SCREEN (BEGIN) 
364846.813 DISPLAY_SCREEN SEQUENCE.SEQUENCE.SEQUENCE.DISPLAY_SCREEN
372846.859 TIMER SEQUENCE.SEQUENCE.SEQUENCE.TIMER
372882.061 SetValueAction 
372910.286 DISPLAY_SCREEN SEQUENCE.SEQUENCE.SEQUENCE.DISPLAY_SCREEN (BEGIN) 
374139.106 EL_CAMERA_SETUP SEQUENCE.EL_CAMERA_SETUP
374254.436 PREPARE_SEQUENCE SEQUENCE.SEQUENCE.PREPARE_SEQUENCE
376224.611 DRIFT_CORRECT SEQUENCE.SEQUENCE.DRIFT_CORRECT
376305.787 DISPLAY_SCREEN SEQUENCE.SEQUENCE.SEQUENCE.DISPLAY_SCREEN (BEGIN) 
376312.258 DISPLAY_SCREEN SEQUENCE.SEQUENCE.SEQUENCE.DISPLAY_SCREEN
384312.309 TIMER SEQUENCE.SEQUENCE.SEQUENCE.TIMER
384348.081 SetValueAction 
384376.612 DISPLAY_SCREEN SEQUENCE.SEQUENCE.SEQUENCE.DISPLAY_SCREEN (BEGIN) 
385595.354 EL_CAMERA_SETUP SEQUENCE.EL_CAMERA_SETUP
385712.161 PREPARE_SEQUENCE SEQUENCE.SEQUENCE.PREPARE_SEQUENCE
387127.177 TRACKER_TIME 5 5402818.812
387127.196 DRIFT_CORRECT SEQUENCE.SEQUENCE.DRIFT_CORRECT
387239.107 DISPLAY_SCREEN SEQUENCE.SEQUENCE.SEQUENCE.DISPLAY_SCREEN (BEGIN) 
387244.403 DISPLAY_SCREEN SEQUENCE.SEQUENCE.SEQUENCE.DISPLAY_SCREEN
395244.452 TIMER SEQUENCE.SEQUENCE.SEQUENCE.TIMER
395281.058 SetValueAction 
395308.344 DISPLAY_SCREEN SEQUENCE.SEQUENCE.SEQUENCE.DISPLAY_SCREEN (BEGIN) 
396650.992 EL_CAMERA_SETUP SEQUENCE.EL_CAMERA_SETUP
396765.166 PREPARE_SEQUENCE SEQUENCE.SEQUENCE.PREPARE_SEQUENCE
398498.967 DRIFT_CORRECT SEQUENCE.SEQUENCE.DRIFT_CORRECT
398628.140 DISPLAY_SCREEN SEQUENCE.SEQUENCE.SEQUENCE.DISPLAY_SCREEN (BEGIN) 
398643.183 DISPLAY_SCREEN SEQUENCE.SEQUENCE.SEQUENCE.DISPLAY_SCREEN
406643.208 TIMER SEQUENCE.SEQUENCE.SEQUENCE.TIMER
406679.061 SetValueAction 
406706.135 DISPLAY_SCREEN SEQUENCE.SEQUENCE.SEQUENCE.DISPLAY_SCREEN (BEGIN) 
408090.390 EL_CAMERA_SETUP SEQUENCE.EL_CAMERA_SETUP
408205.179 PREPARE_SEQUENCE SEQUENCE.SEQUENCE.PREPARE_SEQUENCE
411141.558 DRIFT_CORRECT SEQUENCE.SEQUENCE.DRIFT_CORRECT
411281.029 DISPLAY_SCREEN SEQUENCE.SEQUENCE.SEQUENCE.DISPLAY_SCREEN (BEGIN) 
411291.829 DISPLAY_SCREEN SEQUENCE.SEQUENCE.SEQUENCE.DISPLAY_SCREEN
419291.832 TIMER SEQUENCE.SEQUENCE.SEQUENCE.TIMER
419327.061 SetValueAction 
419354.039 DISPLAY_SCREEN SEQUENCE.SEQUENCE.SEQUENCE.DISPLAY_SCREEN (BEGIN) 
420603.104 EL_CAMERA_SETUP SEQUENCE.EL_CAMERA_SETUP
420718.158 PREPARE_SEQUENCE SEQUENCE.SEQUENCE.PREPARE_SEQUENCE
424787.393 DRIFT_CORRECT SEQUENCE.SEQUENCE.DRIFT_CORRECT
424918.948 DISPLAY_SCREEN SEQUENCE.SEQUENCE.SEQUENCE.DISPLAY_SCREEN (BEGIN) 
424923.685 DISPLAY_SCREEN SEQUENCE.SEQUENCE.SEQUENCE.DISPLAY_SCREEN
432923.718 TIMER SEQUENCE.SEQUENCE.SEQUENCE.TIMER
432960.065 SetValueAction 
432987.308 DISPLAY_SCREEN SEQUENCE.SEQUENCE.SEQUENCE.DISPLAY_SCREEN (BEGIN) 
434411.667 EL_CAMERA_SETUP SEQUENCE.EL_CAMERA_SETUP
434528.154 PREPARE_SEQUENCE SEQUENCE.SEQUENCE.PREPARE_SEQUENCE
437407.844 DRIFT_CORRECT SEQUENCE.SEQUENCE.DRIFT_CORRECT
437490.392 DISPLAY_SCREEN SEQUENCE.SEQUENCE.SEQUENCE.DISPLAY_SCREEN (BEGIN) 
437505.683 DISPLAY_SCREEN SEQUENCE.SEQUENCE.SEQUENCE.DISPLAY_SCREEN
445505.733 TIMER SEQUENCE.SEQUENCE.SEQUENCE.TIMER
445540.061 SetValueAction 
445567.862 DISPLAY_SCREEN SEQUENCE.SEQUENCE.SEQUENCE.DISPLAY_SCREEN (BEGIN) 
446848.164 EL_CAMERA_SETUP SEQUENCE.EL_CAMERA_SETUP
446963.159 PREPARE_SEQUENCE SEQUENCE.SEQUENCE.PREPARE_SEQUENCE
448425.811 TRACKER_TIME 6 5464116.288
448425.832 DRIFT_CORRECT SEQUENCE.SEQUENCE.DRIFT_CORRECT
448555.262 DISPLAY_SCREEN SEQUENCE.SEQUENCE.SEQUENCE.DISPLAY_SCREEN (BEGIN) 
448571.173 DISPLAY_SCREEN SEQUENCE.SEQUENCE.SEQUENCE.DISPLAY_SCREEN
456571.230 TIMER SEQUENCE.SEQUENCE.SEQUENCE.TIMER
456606.063 SetValueAction 
456634.915 DISPLAY_SCREEN SEQUENCE.SEQUENCE.SEQUENCE.DISPLAY_SCREEN (BEGIN) 
457963.801 EL_CAMERA_SETUP SEQUENCE.EL_CAMERA_SETUP
458079.160 PREPARE_SEQUENCE SEQUENCE.SEQUENCE.PREPARE_SEQUENCE
458862.776 DRIFT_CORRECT SEQUENCE.SEQUENCE.DRIFT_CORRECT
459021.619 DISPLAY_SCREEN SEQUENCE.SEQUENCE.SEQUENCE.DISPLAY_SCREEN (BEGIN) 
459036.705 DISPLAY_SCREEN SEQUENCE.SEQUENCE.SEQUENCE.DISPLAY_SCREEN
467036.732 TIMER SEQUENCE.SEQUENCE.SEQUENCE.TIMER
467072.062 SetValueAction 
467099.934 DISPLAY_SCREEN SEQUENCE.SEQUENCE.SEQUENCE.DISPLAY_SCREEN (BEGIN) 
468491.367 EL_CAMERA_SETUP SEQUENCE.EL_CAMERA_SETUP
468606.177 PREPARE_SEQUENCE SEQUENCE.SEQUENCE.PREPARE_SEQUENCE
474118.025 DRIFT_CORRECT SEQUENCE.SEQUENCE.DRIFT_CORRECT
474208.489 DISPLAY_SCREEN SEQUENCE.SEQUENCE.SEQUENCE.DISPLAY_SCREEN (BEGIN) 
474218.399 DISPLAY_SCREEN SEQUENCE.SEQUENCE.SEQUENCE.DISPLAY_SCREEN
482218.452 TIMER SEQUENCE.SEQUENCE.SEQUENCE.TIMER
482255.100 SetValueAction 
482283.355 DISPLAY_SCREEN SEQUENCE.SEQUENCE.SEQUENCE.DISPLAY_SCREEN (BEGIN) 
483659.104 EL_CAMERA_SETUP SEQUENCE.EL_CAMERA_SETUP
483774.180 PREPARE_SEQUENCE SEQUENCE.SEQUENCE.PREPARE_SEQUENCE
485486.461 DRIFT_CORRECT SEQUENCE.SEQUENCE.DRIFT_CORRECT
485568.159 DISPLAY_SCREEN SEQUENCE.SEQUENCE.SEQUENCE.DISPLAY_SCREEN (BEGIN) 
485583.867 DISPLAY_SCREEN SEQUENCE.SEQUENCE.SEQUENCE.DISPLAY_SCREEN
493583.891 TIMER SEQUENCE.SEQUENCE.SEQUENCE.TIMER
493619.059 SetValueAction 
493647.551 DISPLAY_SCREEN SEQUENCE.SEQUENCE.SEQUENCE.DISPLAY_SCREEN (BEGIN) 
495099.068 EL_CAMERA_SETUP SEQUENCE.EL_CAMERA_SETUP
495216.165 PREPARE_SEQUENCE SEQUENCE.SEQUENCE.PREPARE_SEQUENCE
497170.558 DRIFT_CORRECT SEQUENCE.SEQUENCE.DRIFT_CORRECT
497250.119 DISPLAY_SCREEN SEQUENCE.SEQUENCE.SEQUENCE.DISPLAY_SCREEN (BEGIN) 
497265.925 DISPLAY_SCREEN SEQUENCE.SEQUENCE.SEQUENCE.DISPLAY_SCREEN
505265.971 TIMER SEQUENCE.SEQUENCE.SEQUENCE.TIMER
505301.063 SetValueAction 
505328.903 DISPLAY_SCREEN SEQUENCE.SEQUENCE.SEQUENCE.DISPLAY_SCREEN (BEGIN) 
507002.485 EL_CAMERA_SETUP SEQUENCE.EL_CAMERA_SETUP
507119.177 PREPARE_SEQUENCE SEQUENCE.SEQUENCE.PREPARE_SEQUENCE
512565.007 TRACKER_TIME 7 5528254.294
512565.029 DRIFT_CORRECT SEQUENCE.SEQUENCE.DRIFT_CORRECT
512647.998 DISPLAY_SCREEN SEQUENCE.SEQUENCE.SEQUENCE.DISPLAY_SCREEN (BEGIN) 
512664.280 DISPLAY_SCREEN SEQUENCE.SEQUENCE.SEQUENCE.DISPLAY_SCREEN
520664.311 TIMER SEQUENCE.SEQUENCE.SEQUENCE.TIMER
520700.058 SetValueAction 
520724.239 DISPLAY_SCREEN SEQUENCE.SEQUENCE.SEQUENCE.DISPLAY_SCREEN (BEGIN) 
522715.376 EL_CAMERA_SETUP SEQUENCE.EL_CAMERA_SETUP
522830.166 PREPARE_SEQUENCE SEQUENCE.SEQUENCE.PREPARE_SEQUENCE
526597.280 DRIFT_CORRECT SEQUENCE.SEQUENCE.DRIFT_CORRECT
526721.655 DISPLAY_SCREEN SEQUENCE.SEQUENCE.SEQUENCE.DISPLAY_SCREEN (BEGIN) 
526729.445 DISPLAY_SCREEN SEQUENCE.SEQUENCE.SEQUENCE.DISPLAY_SCREEN
534729.449 TIMER SEQUENCE.SEQUENCE.SEQUENCE.TIMER
534765.068 SetValueAction 
534790.794 DISPLAY_SCREEN SEQUENCE.SEQUENCE.SEQUENCE.DISPLAY_SCREEN (BEGIN) 
536411.628 EL_CAMERA_SETUP SEQUENCE.EL_CAMERA_SETUP
536528.154 PREPARE_SEQUENCE SEQUENCE.SEQUENCE.PREPARE_SEQUENCE
537603.810 DRIFT_CORRECT SEQUENCE.SEQUENCE.DRIFT_CORRECT
537691.173 DISPLAY_SCREEN SEQUENCE.SEQUENCE.SEQUENCE.DISPLAY_SCREEN (BEGIN) 
537694.918 DISPLAY_SCREEN SEQUENCE.SEQUENCE.SEQUENCE.DISPLAY_SCREEN
545694.937 TIMER SEQUENCE.SEQUENCE.SEQUENCE.TIMER
545729.060 SetValueAction 
545756.892 DISPLAY_SCREEN SEQUENCE.SEQUENCE.SEQUENCE.DISPLAY_SCREEN (BEGIN) 
546938.741 EL_CAMERA_SETUP SEQUENCE.EL_CAMERA_SETUP
547055.170 PREPARE_SEQUENCE SEQUENCE.SEQUENCE.PREPARE_SEQUENCE
547891.917 DRIFT_CORRECT SEQUENCE.SEQUENCE.DRIFT_CORRECT
548022.183 DISPLAY_SCREEN SEQUENCE.SEQUENCE.SEQUENCE.DISPLAY_SCREEN (BEGIN) 
548027.147 DISPLAY_SCREEN SEQUENCE.SEQUENCE.SEQUENCE.DISPLAY_SCREEN
556027.204 TIMER SEQUENCE.SEQUENCE.SEQUENCE.TIMER
556062.062 SetValueAction 
556089.670 DISPLAY_SCREEN SEQUENCE.SEQUENCE.SEQUENCE.DISPLAY_SCREEN (BEGIN) 
557547.518 EL_CAMERA_SETUP SEQUENCE.EL_CAMERA_SETUP
557664.182 PREPARE_SEQUENCE SEQUENCE.SEQUENCE.PREPARE_SEQUENCE
558467.196 DRIFT_CORRECT SEQUENCE.SEQUENCE.DRIFT_CORRECT
558598.720 DISPLAY_SCREEN SEQUENCE.SEQUENCE.SEQUENCE.DISPLAY_SCREEN (BEGIN) 
558609.340 DISPLAY_SCREEN SEQUENCE.SEQUENCE.SEQUENCE.DISPLAY_SCREEN
566609.377 TIMER SEQUENCE.SEQUENCE.SEQUENCE.TIMER
566645.059 SetValueAction 
566672.449 DISPLAY_SCREEN SEQUENCE.SEQUENCE.SEQUENCE.DISPLAY_SCREEN (BEGIN) 
568011.050 EL_CAMERA_SETUP SEQUENCE.EL_CAMERA_SETUP
568126.176 PREPARE_SEQUENCE SEQUENCE.SEQUENCE.PREPARE_SEQUENCE
574298.207 TRACKER_TIME 8 5589986.324
574298.231 DRIFT_CORRECT SEQUENCE.SEQUENCE.DRIFT_CORRECT
574388.977 DISPLAY_SCREEN SEQUENCE.SEQUENCE.SEQUENCE.DISPLAY_SCREEN (BEGIN) 
574407.645 DISPLAY_SCREEN SEQUENCE.SEQUENCE.SEQUENCE.DISPLAY_SCREEN
582407.668 TIMER SEQUENCE.SEQUENCE.SEQUENCE.TIMER
582442.063 SetValueAction 
582470.407 DISPLAY_SCREEN SEQUENCE.SEQUENCE.SEQUENCE.DISPLAY_SCREEN (BEGIN) 
583914.742 EL_CAMERA_SETUP SEQUENCE.EL_CAMERA_SETUP
584030.174 PREPARE_SEQUENCE SEQUENCE.SEQUENCE.PREPARE_SEQUENCE
585813.501 DRIFT_CORRECT SEQUENCE.SEQUENCE.DRIFT_CORRECT
585898.013 DISPLAY_SCREEN SEQUENCE.SEQUENCE.SEQUENCE.DISPLAY_SCREEN (BEGIN) 
585906.414 DISPLAY_SCREEN SEQUENCE.SEQUENCE.SEQUENCE.DISPLAY_SCREEN
593906.453 TIMER SEQUENCE.SEQUENCE.SEQUENCE.TIMER
593942.063 SetValueAction 
593969.482 DISPLAY_SCREEN SEQUENCE.SEQUENCE.SEQUENCE.DISPLAY_SCREEN (BEGIN) 
595371.226 EL_CAMERA_SETUP SEQUENCE.EL_CAMERA_SETUP
595487.180 PREPARE_SEQUENCE SEQUENCE.SEQUENCE.PREPARE_SEQUENCE
598002.585 DRIFT_CORRECT SEQUENCE.SEQUENCE.DRIFT_CORRECT
598131.118 DISPLAY_SCREEN SEQUENCE.SEQUENCE.SEQUENCE.DISPLAY_SCREEN (BEGIN) 
598138.442 DISPLAY_SCREEN SEQUENCE.SEQUENCE.SEQUENCE.DISPLAY_SCREEN
606138.466 TIMER SEQUENCE.SEQUENCE.SEQUENCE.TIMER
606173.068 SetValueAction 
606202.262 DISPLAY_SCREEN SEQUENCE.SEQUENCE.SEQUENCE.DISPLAY_SCREEN (BEGIN) 
607812.698 EL_CAMERA_SETUP SEQUENCE.EL_CAMERA_SETUP
607945.156 PREPARE_SEQUENCE SEQUENCE.SEQUENCE.PREPARE_SEQUENCE
612095.657 DRIFT_CORRECT SEQUENCE.SEQUENCE.DRIFT_CORRECT
612179.486 DISPLAY_SCREEN SEQUENCE.SEQUENCE.SEQUENCE.DISPLAY_SCREEN (BEGIN) 
612186.935 DISPLAY_SCREEN SEQUENCE.SEQUENCE.SEQUENCE.DISPLAY_SCREEN
620186.995 TIMER SEQUENCE.SEQUENCE.SEQUENCE.TIMER
620223.062 SetValueAction 
620248.968 DISPLAY_SCREEN SEQUENCE.SEQUENCE.SEQUENCE.DISPLAY_SCREEN (BEGIN) 
621756.472 EL_CAMERA_SETUP SEQUENCE.EL_CAMERA_SETUP
621872.155 PREPARE_SEQUENCE SEQUENCE.SEQUENCE.PREPARE_SEQUENCE
622767.643 DRIFT_CORRECT SEQUENCE.SEQUENCE.DRIFT_CORRECT
622857.187 DISPLAY_SCREEN SEQUENCE.SEQUENCE.SEQUENCE.DISPLAY_SCREEN (BEGIN) 
622869.104 DISPLAY_SCREEN SEQUENCE.SEQUENCE.SEQUENCE.DISPLAY_SCREEN
630869.136 TIMER SEQUENCE.SEQUENCE.SEQUENCE.TIMER
630908.213 DISPLAY_SCREEN[1] DISPLAY_SCREEN[1] (BEGIN) 
630918.249 DISPLAY_SCREEN[1] DISPLAY_SCREEN[1]
634918.264 TRACKER_TIME 9 5650605.285
634918.296 TIMER[1] TIMER[1]
el_logger: Quit logger.
******** END OF THE LOG FILE ********
